#
# A fatal error has been detected by the Java Runtime Environment:
#
#  EXCEPTION_ACCESS_VIOLATION (0xc0000005) at pc=0x00007ffdec7027e9, pid=8364, tid=20896
#
# JRE version: Java(TM) SE Runtime Environment (11.0.1+13) (build 11.0.1+13-LTS)
# Java VM: Java HotSpot(TM) 64-Bit Server VM (11.0.1+13-LTS, mixed mode, tiered, compressed oops, g1 gc, windows-amd64)
# Problematic frame:
# C  [glass.dll+0x227e9]
#
# No core dump will be written. Minidumps are not enabled by default on client versions of Windows
#
# If you would like to submit a bug report, please visit:
#   http://bugreport.java.com/bugreport/crash.jsp
# The crash happened outside the Java Virtual Machine in native code.
# See problematic frame for where to report the bug.
#

---------------  S U M M A R Y ------------

Command Line: -Djava.library.path=../build-resources/javafx-dlls/64-bit;../build-resources/javafx-dlls/64-bit-extra -Djavafx.preloader=sa.gov.nic.bio.bw.preloader.AppPreloader --module-path=C:\Users\Fouad\IdeaProjects\bw\bw.launcher\build\classes\java\main;C:\Users\Fouad\IdeaProjects\bw\bw.login\build\libs\bw.login-2019.04.1.jar;C:\Users\Fouad\IdeaProjects\bw\bw.home\build\libs\bw.home-2019.04.1.jar;C:\Users\Fouad\IdeaProjects\bw\bw.workflow.cancelcriminal\build\libs\bw.workflow.cancelcriminal-2019.04.1.jar;C:\Users\Fouad\IdeaProjects\bw\bw.workflow.cancellatent\build\libs\bw.workflow.cancellatent-2019.04.1.jar;C:\Users\Fouad\IdeaProjects\bw\bw.workflow.citizenenrollment\build\libs\bw.workflow.citizenenrollment-2019.04.1.jar;C:\Users\Fouad\IdeaProjects\bw\bw.workflow.registerconvictednotpresent\build\libs\bw.workflow.registerconvictednotpresent-2019.04.1.jar;C:\Users\Fouad\IdeaProjects\bw\bw.workflow.civilcriminalfingerprintsinquiry\build\libs\bw.workflow.civilcriminalfingerprintsinquiry-2019.04.1.jar;C:\Users\Fouad\IdeaProjects\bw\bw.workflow.convictedreportinquirybysearchcriteria\build\libs\bw.workflow.convictedreportinquirybysearchcriteria-2019.04.1.jar;C:\Users\Fouad\IdeaProjects\bw\bw.workflow.deletecompletecriminalrecord\build\libs\bw.workflow.deletecompletecriminalrecord-2019.04.1.jar;C:\Users\Fouad\IdeaProjects\bw\bw.workflow.editconvictedreport\build\libs\bw.workflow.editconvictedreport-2019.04.1.jar;C:\Users\Fouad\IdeaProjects\bw\bw.workflow.deleteconvictedreport\build\libs\bw.workflow.deleteconvictedreport-2019.04.1.jar;C:\Users\Fouad\IdeaProjects\bw\bw.workflow.scfaceverification\build\libs\bw.workflow.scfaceverification-2019.04.1.jar;C:\Users\Fouad\IdeaProjects\bw\bw.workflow.faceverification\build\libs\bw.workflow.faceverification-2019.04.1.jar;C:\Users\Fouad\IdeaProjects\bw\bw.workflow.printdeadpersonrecord\build\libs\bw.workflow.printdeadpersonrecord-2019.04.1.jar;C:\Users\Fouad\IdeaProjects\bw\bw.workflow.registerconvictedpresent\build\libs\bw.workflow.registerconvictedpresent-2019.04.1.jar;C:\Users\Fouad\IdeaProjects\bw\bw.workflow.searchbyfaceimage\build\libs\bw.workflow.searchbyfaceimage-2019.04.1.jar;C:\Users\Fouad\I--add-modules=ALL-MODULE-PATH --add-opens=javafx.base/com.sun.javafx.runtime=controlsfx --add-opens=javafx.graphics/com.sun.javafx.css=controlsfx --add-opens=javafx.graphics/com.sun.javafx.scene=controlsfx --add-opens=javafx.graphics/com.sun.javafx.scene.traversal=controlsfx --add-opens=javafx.controls/com.sun.javafx.scene.control=controlsfx --add-opens=javafx.controls/com.sun.javafx.scene.control.behavior=controlsfx --add-opens=javafx.controls/javafx.scene.control.skin=controlsfx --add-opens=javafx.graphics/javafx.scene=controlsfx --add-opens=java.base/java.util=org.apache.commons.lang3 --add-opens=java.base/java.lang=org.apache.commons.lang3 --add-opens=java.base/java.time=org.apache.commons.lang3 --add-opens=java.desktop/java.awt=org.apache.commons.lang3 --add-opens=java.base/java.time.chrono=bw.core --add-opens=javafx.controls/javafx.scene.control.skin=bw.core --add-opens=javafx.controls/com.sun.javafx.scene.control=org.scenicview.scenicview -Djdk.module.main=bw.launcher bw.launcher/sa.gov.nic.bio.bw.AppLauncher -Dfile.encoding=windows-1256 -Duser.country=US -Duser.language=en -Duser.variant sa.gov.nic.bio.bw.AppLauncher

Host: Intel(R) Xeon(R) CPU E3-1270 v5 @ 3.60GHz, 8 cores, 31G,  Windows 10 , 64 bit Build 17763 (10.0.17763.404)
Time: Tue Apr  9 18:13:17 2019 Arab Standard Time elapsed time: 7 seconds (0d 0h 0m 7s)

---------------  T H R E A D  ---------------

Current thread (0x00000179e0bd8000):  JavaThread "JavaFX Application Thread" [_thread_in_native, id=20896, stack(0x00000051c5900000,0x00000051c5a00000)]

Stack: [0x00000051c5900000,0x00000051c5a00000],  sp=0x00000051c59faf90,  free space=1003k
Native frames: (J=compiled Java code, j=interpreted, Vv=VM code, C=native code)
C  [glass.dll+0x227e9]

Java frames: (J=compiled Java code, j=interpreted, Vv=VM code)
j  com.sun.glass.ui.win.WinSystemClipboard.popMimesFromSystem()[Ljava/lang/String;+0 javafx.graphics
j  com.sun.glass.ui.win.WinSystemClipboard.mimesFromSystem()[Ljava/lang/String;+10 javafx.graphics
j  com.sun.glass.ui.SystemClipboard.getMimeTypes()[Ljava/lang/String;+16 javafx.graphics
j  com.sun.glass.ui.ClipboardAssistance.getMimeTypes()[Ljava/lang/String;+7 javafx.graphics
j  com.sun.javafx.tk.quantum.QuantumClipboard.hasContent(Ljavafx/scene/input/DataFormat;)Z+69 javafx.graphics
j  javafx.scene.input.Clipboard.hasContent(Ljavafx/scene/input/DataFormat;)Z+11 javafx.graphics
j  javafx.scene.input.Clipboard.hasString()Z+4 javafx.graphics
j  javafx.scene.control.TextInputControl.paste()V+5 javafx.controls
j  com.sun.javafx.scene.control.behavior.TextInputControlBehavior.paste()V+12 javafx.controls
j  com.sun.javafx.scene.control.behavior.TextInputControlBehavior.lambda$new$20(Ljavafx/scene/input/KeyEvent;)V+1 javafx.controls
j  com.sun.javafx.scene.control.behavior.TextInputControlBehavior$$Lambda$910.handle(Ljavafx/event/Event;)V+8 javafx.controls
j  com.sun.javafx.scene.control.behavior.TextInputControlBehavior.lambda$keyMapping$62(Ljavafx/event/EventHandler;Ljavafx/scene/input/KeyEvent;)V+7 javafx.controls
j  com.sun.javafx.scene.control.behavior.TextInputControlBehavior$$Lambda$893.handle(Ljavafx/event/Event;)V+12 javafx.controls
j  com.sun.javafx.scene.control.inputmap.InputMap.handle(Ljavafx/event/Event;)V+61 javafx.controls
j  com.sun.javafx.scene.control.inputmap.InputMap$$Lambda$369.handle(Ljavafx/event/Event;)V+5 javafx.controls
j  com.sun.javafx.event.CompositeEventHandler$NormalEventHandlerRecord.handleBubblingEvent(Ljavafx/event/Event;)V+5 javafx.base
j  com.sun.javafx.event.CompositeEventHandler.dispatchBubblingEvent(Ljavafx/event/Event;)V+28 javafx.base
J 6403 c1 com.sun.javafx.event.EventHandlerManager.dispatchBubblingEvent(Ljavafx/event/Event;)Ljavafx/event/Event; javafx.base (23 bytes) @ 0x00000179bb4f582c [0x00000179bb4f51c0+0x000000000000066c]
j  com.sun.javafx.event.CompositeEventDispatcher.dispatchBubblingEvent(Ljavafx/event/Event;)Ljavafx/event/Event;+11 javafx.base
J 6177 c1 com.sun.javafx.event.BasicEventDispatcher.dispatchEvent(Ljavafx/event/Event;Ljavafx/event/EventDispatchChain;)Ljavafx/event/Event; javafx.base (44 bytes) @ 0x00000179bb46ba5c [0x00000179bb46b700+0x000000000000035c]
J 6172 c1 com.sun.javafx.event.EventDispatchChainImpl.dispatchEvent(Ljavafx/event/Event;)Ljavafx/event/Event; javafx.base (101 bytes) @ 0x00000179bb4696a4 [0x00000179bb4694e0+0x00000000000001c4]
J 6177 c1 com.sun.javafx.event.BasicEventDispatcher.dispatchEvent(Ljavafx/event/Event;Ljavafx/event/EventDispatchChain;)Ljavafx/event/Event; javafx.base (44 bytes) @ 0x00000179bb46b96c [0x00000179bb46b700+0x000000000000026c]
J 6172 c1 com.sun.javafx.event.EventDispatchChainImpl.dispatchEvent(Ljavafx/event/Event;)Ljavafx/event/Event; javafx.base (101 bytes) @ 0x00000179bb4696a4 [0x00000179bb4694e0+0x00000000000001c4]
J 6177 c1 com.sun.javafx.event.BasicEventDispatcher.dispatchEvent(Ljavafx/event/Event;Ljavafx/event/EventDispatchChain;)Ljavafx/event/Event; javafx.base (44 bytes) @ 0x00000179bb46b96c [0x00000179bb46b700+0x000000000000026c]
J 6172 c1 com.sun.javafx.event.EventDispatchChainImpl.dispatchEvent(Ljavafx/event/Event;)Ljavafx/event/Event; javafx.base (101 bytes) @ 0x00000179bb4696a4 [0x00000179bb4694e0+0x00000000000001c4]
J 6177 c1 com.sun.javafx.event.BasicEventDispatcher.dispatchEvent(Ljavafx/event/Event;Ljavafx/event/EventDispatchChain;)Ljavafx/event/Event; javafx.base (44 bytes) @ 0x00000179bb46b96c [0x00000179bb46b700+0x000000000000026c]
J 6172 c1 com.sun.javafx.event.EventDispatchChainImpl.dispatchEvent(Ljavafx/event/Event;)Ljavafx/event/Event; javafx.base (101 bytes) @ 0x00000179bb4696a4 [0x00000179bb4694e0+0x00000000000001c4]
J 6177 c1 com.sun.javafx.event.BasicEventDispatcher.dispatchEvent(Ljavafx/event/Event;Ljavafx/event/EventDispatchChain;)Ljavafx/event/Event; javafx.base (44 bytes) @ 0x00000179bb46b96c [0x00000179bb46b700+0x000000000000026c]
J 6172 c1 com.sun.javafx.event.EventDispatchChainImpl.dispatchEvent(Ljavafx/event/Event;)Ljavafx/event/Event; javafx.base (101 bytes) @ 0x00000179bb4696a4 [0x00000179bb4694e0+0x00000000000001c4]
j  com.sun.javafx.event.EventUtil.fireEventImpl(Ljavafx/event/EventDispatchChain;Ljavafx/event/EventTarget;Ljavafx/event/Event;)Ljavafx/event/Event;+10 javafx.base
j  com.sun.javafx.event.EventUtil.fireEvent(Ljavafx/event/EventTarget;Ljavafx/event/Event;)Ljavafx/event/Event;+46 javafx.base
j  javafx.event.Event.fireEvent(Ljavafx/event/EventTarget;Ljavafx/event/Event;)V+30 javafx.base
j  javafx.scene.Scene$KeyHandler.process(Ljavafx/scene/input/KeyEvent;)V+34 javafx.graphics
j  javafx.scene.Scene.processKeyEvent(Ljavafx/scene/input/KeyEvent;)V+28 javafx.graphics
j  javafx.scene.Scene$ScenePeerListener.keyEvent(Ljavafx/scene/input/KeyEvent;)V+5 javafx.graphics
j  com.sun.javafx.tk.quantum.GlassViewEventHandler$KeyEventNotification.run()Ljava/lang/Void;+357 javafx.graphics
j  com.sun.javafx.tk.quantum.GlassViewEventHandler$KeyEventNotification.run()Ljava/lang/Object;+1 javafx.graphics
v  ~StubRoutines::call_stub
J 3796  java.security.AccessController.doPrivileged(Ljava/security/PrivilegedAction;Ljava/security/AccessControlContext;)Ljava/lang/Object; java.base@11.0.1 (0 bytes) @ 0x00000179c1db6f36 [0x00000179c1db6ec0+0x0000000000000076]
j  com.sun.javafx.tk.quantum.GlassViewEventHandler.lambda$handleKeyEvent$1()Ljava/lang/Void;+11 javafx.graphics
j  com.sun.javafx.tk.quantum.GlassViewEventHandler$$Lambda$575.get()Ljava/lang/Object;+4 javafx.graphics
j  com.sun.javafx.tk.quantum.QuantumToolkit.runWithoutRenderLock(Ljava/util/function/Supplier;)Ljava/lang/Object;+18 javafx.graphics
j  com.sun.javafx.tk.quantum.GlassViewEventHandler.handleKeyEvent(Lcom/sun/glass/ui/View;JII[CI)V+58 javafx.graphics
j  com.sun.glass.ui.View.handleKeyEvent(JII[CI)V+20 javafx.graphics
j  com.sun.glass.ui.View.notifyKey(II[CI)V+9 javafx.graphics
v  ~StubRoutines::call_stub
j  com.sun.glass.ui.win.WinApplication._runLoop(Ljava/lang/Runnable;)V+0 javafx.graphics
j  com.sun.glass.ui.win.WinApplication.lambda$runLoop$3(ILjava/lang/Runnable;)V+8 javafx.graphics
j  com.sun.glass.ui.win.WinApplication$$Lambda$106.run()V+12 javafx.graphics
j  java.lang.Thread.run()V+11 java.base@11.0.1
v  ~StubRoutines::call_stub

siginfo: EXCEPTION_ACCESS_VIOLATION (0xc0000005), reading address 0x00000179ec447040


Register to memory mapping:

RIP=0x00007ffdec7027e9 glass.dll
RAX=0x00007ef8d512a1f2 is an unknown value
RBX=0x0 is NULL
RCX=0x00000179ec447040 is an unknown value
RDX=0x00000000000007f5 is an unknown value
RSP=0x00000051c59faf90 is pointing into the stack for thread: 0x00000179e0bd8000
RBP=0x00000051c59fafc0 is pointing into the stack for thread: 0x00000179e0bd8000
RSI=0x00000179ec447040 is an unknown value
RDI=0x00000000000000e0 is an unknown value
R8 =0x0000000000000039 is an unknown value
R9 =0x00000000000004bb is an unknown value
R10=0x00000179e27f5f60 points into unknown readable memory
R11=0x0 is NULL
R12=0x0 is NULL
R13=0x000000000000025f is an unknown value
R14=0x0 is NULL
R15=0x0000000000000001 is an unknown value


Registers:
RAX=0x00007ef8d512a1f2, RBX=0x0000000000000000, RCX=0x00000179ec447040, RDX=0x00000000000007f5
RSP=0x00000051c59faf90, RBP=0x00000051c59fafc0, RSI=0x00000179ec447040, RDI=0x00000000000000e0
R8 =0x0000000000000039, R9 =0x00000000000004bb, R10=0x00000179e27f5f60, R11=0x0000000000000000
R12=0x0000000000000000, R13=0x000000000000025f, R14=0x0000000000000000, R15=0x0000000000000001
RIP=0x00007ffdec7027e9, EFLAGS=0x0000000000010256

Top of Stack: (sp=0x00000051c59faf90)
0x00000051c59faf90:   0000000000000000 00007ffe05e6ca26
0x00000051c59fafa0:   0000000000000000 0000000000000018
0x00000051c59fafb0:   0000000000031334 00000179ec410000
0x00000051c59fafc0:   00000000000000e0 00007ffdec703063
0x00000051c59fafd0:   00007ef8d512a1f2 0000017900000000
0x00000051c59fafe0:   0000000000000000 00000000000000e0
0x00000051c59faff0:   0000000000000000 00007ffdec6f0aaf
0x00000051c59fb000:   00000179ec447040 00000179e27ff810
0x00000051c59fb010:   00000179ec415cc0 00000179ec415cc0
0x00000051c59fb020:   00000000df8bc3e0 0000017900000001
0x00000051c59fb030:   00000179e1cfb6e0 00000179e27ff5f0
0x00000051c59fb040:   000001790000025f 0000000000000000
0x00000051c59fb050:   00000179ec415cc0 0000000000000000
0x00000051c59fb060:   00000179e27ff810 00000179e27ff150
0x00000051c59fb070:   00000179e27ff810 0000000000000000
0x00000051c59fb080:   3f800000000000e0 00000179e1cfba00 

Instructions: (pc=0x00007ffdec7027e9)
0x00007ffdec7027c9:   e8 52 09 00 00 48 8b 5d 48 48 8b 75 50 48 8d 65
0x00007ffdec7027d9:   20 41 5e 5f 5d c3 48 c7 c3 ff ff ff ff 48 ff c3
0x00007ffdec7027e9:   80 3c 19 00 75 f7 48 ff c3 48 81 fb ff ff ff 7f
0x00007ffdec7027f9:   0f 87 d9 00 00 00 89 5d 04 33 c0 89 44 24 28 48 



---------------  P R O C E S S  ---------------

Threads class SMR info:
_java_thread_list=0x00000179f02dfbe0, length=27, elements={
0x00000179b1e22800, 0x00000179df815800, 0x00000179df821000, 0x00000179df875800,
0x00000179df876800, 0x00000179df879000, 0x00000179df87e000, 0x00000179df884800,
0x00000179df9d1800, 0x00000179e0462000, 0x00000179e03ec800, 0x00000179e0bd7800,
0x00000179e0bd8000, 0x00000179e12ec000, 0x00000179e11e2000, 0x00000179e1e01800,
0x00000179e23fd000, 0x00000179e1dad800, 0x00000179e1db9800, 0x00000179e2272000,
0x00000179e2275800, 0x00000179e2273000, 0x00000179e2274800, 0x00000179e226f800,
0x00000179e2270800, 0x00000179e2271000, 0x00000179f03c1000
}

Java Threads: ( => current thread )
  0x00000179b1e22800 JavaThread "main" [_thread_blocked, id=22412, stack(0x00000051c3c00000,0x00000051c3d00000)]
  0x00000179df815800 JavaThread "Reference Handler" daemon [_thread_blocked, id=4856, stack(0x00000051c4300000,0x00000051c4400000)]
  0x00000179df821000 JavaThread "Finalizer" daemon [_thread_blocked, id=18140, stack(0x00000051c4400000,0x00000051c4500000)]
  0x00000179df875800 JavaThread "Signal Dispatcher" daemon [_thread_blocked, id=7508, stack(0x00000051c4500000,0x00000051c4600000)]
  0x00000179df876800 JavaThread "Attach Listener" daemon [_thread_blocked, id=22244, stack(0x00000051c4600000,0x00000051c4700000)]
  0x00000179df879000 JavaThread "C2 CompilerThread0" daemon [_thread_blocked, id=11752, stack(0x00000051c4700000,0x00000051c4800000)]
  0x00000179df87e000 JavaThread "C1 CompilerThread0" daemon [_thread_blocked, id=19848, stack(0x00000051c4800000,0x00000051c4900000)]
  0x00000179df884800 JavaThread "Sweeper thread" daemon [_thread_blocked, id=15904, stack(0x00000051c4900000,0x00000051c4a00000)]
  0x00000179df9d1800 JavaThread "Common-Cleaner" daemon [_thread_blocked, id=14472, stack(0x00000051c4a00000,0x00000051c4b00000)]
  0x00000179e0462000 JavaThread "Service Thread" daemon [_thread_blocked, id=18736, stack(0x00000051c4d00000,0x00000051c4e00000)]
  0x00000179e03ec800 JavaThread "QuantumRenderer-0" daemon [_thread_blocked, id=21548, stack(0x00000051c5600000,0x00000051c5700000)]
  0x00000179e0bd7800 JavaThread "InvokeLaterDispatcher" daemon [_thread_blocked, id=5804, stack(0x00000051c5800000,0x00000051c5900000)]
=>0x00000179e0bd8000 JavaThread "JavaFX Application Thread" [_thread_in_native, id=20896, stack(0x00000051c5900000,0x00000051c5a00000)]
  0x00000179e12ec000 JavaThread "Thread-1" daemon [_thread_in_native, id=22808, stack(0x00000051c5a00000,0x00000051c5b00000)]
  0x00000179e11e2000 JavaThread "JavaFX-Launcher" [_thread_blocked, id=15704, stack(0x00000051c5b00000,0x00000051c5c00000)]
  0x00000179e1e01800 JavaThread "Cleaner-0" daemon [_thread_blocked, id=10728, stack(0x00000051c5f00000,0x00000051c6000000)]
  0x00000179e23fd000 JavaThread "Prism Font Disposer" daemon [_thread_blocked, id=23508, stack(0x00000051c6010000,0x00000051c6110000)]
  0x00000179e1dad800 JavaThread "OkHttp ConnectionPool" daemon [_thread_blocked, id=15116, stack(0x00000051c6250000,0x00000051c6350000)]
  0x00000179e1db9800 JavaThread "Okio Watchdog" daemon [_thread_blocked, id=19448, stack(0x00000051c6350000,0x00000051c6450000)]
  0x00000179e2272000 JavaThread "Java2D Disposer" daemon [_thread_blocked, id=18428, stack(0x00000051c6450000,0x00000051c6550000)]
  0x00000179e2275800 JavaThread "AWT-Windows" daemon [_thread_in_native, id=16988, stack(0x00000051c6650000,0x00000051c6750000)]
  0x00000179e2273000 JavaThread "Thread-5" [_thread_blocked, id=22056, stack(0x00000051c6850000,0x00000051c6950000)]
  0x00000179e2274800 JavaThread "ForkJoinPool-1-worker-3" daemon [_thread_blocked, id=21168, stack(0x00000051c6b50000,0x00000051c6c50000)]
  0x00000179e226f800 JavaThread "pool-9-thread-1" daemon [_thread_blocked, id=9156, stack(0x00000051c6c50000,0x00000051c6d50000)]
  0x00000179e2270800 JavaThread "Thread-6" daemon [_thread_in_native, id=2588, stack(0x00000051c6d50000,0x00000051c6e50000)]
  0x00000179e2271000 JavaThread "WebSocket background processing" daemon [_thread_blocked, id=13100, stack(0x00000051c6e50000,0x00000051c6f50000)]
  0x00000179f03c1000 JavaThread "WebSocketClient-AsyncIO-1" daemon [_thread_blocked, id=21724, stack(0x00000051c6f50000,0x00000051c7050000)]

Other Threads:
  0x00000179df7f2000 VMThread "VM Thread" [stack: 0x00000051c4200000,0x00000051c4300000] [id=3704]
  0x00000179e00c3000 WatcherThread [stack: 0x00000051c4e00000,0x00000051c4f00000] [id=23120]
  0x00000179b1e3b800 GCTaskThread "GC Thread#0" [stack: 0x00000051c3d00000,0x00000051c3e00000] [id=22716]
  0x00000179e0967000 GCTaskThread "GC Thread#1" [stack: 0x00000051c4f00000,0x00000051c5000000] [id=16692]
  0x00000179e0e0c000 GCTaskThread "GC Thread#2" [stack: 0x00000051c5000000,0x00000051c5100000] [id=16700]
  0x00000179e0a2b800 GCTaskThread "GC Thread#3" [stack: 0x00000051c5100000,0x00000051c5200000] [id=19052]
  0x00000179e088f000 GCTaskThread "GC Thread#4" [stack: 0x00000051c5200000,0x00000051c5300000] [id=8136]
  0x00000179e1397000 GCTaskThread "GC Thread#5" [stack: 0x00000051c5300000,0x00000051c5400000] [id=22428]
  0x00000179e0a1a800 GCTaskThread "GC Thread#6" [stack: 0x00000051c5400000,0x00000051c5500000] [id=17960]
  0x00000179e051f800 GCTaskThread "GC Thread#7" [stack: 0x00000051c5500000,0x00000051c5600000] [id=19984]
  0x00000179b1ebd800 ConcurrentGCThread "G1 Main Marker" [stack: 0x00000051c3e00000,0x00000051c3f00000] [id=18044]
  0x00000179b1ebf000 ConcurrentGCThread "G1 Conc#0" [stack: 0x00000051c3f00000,0x00000051c4000000] [id=20748]
  0x00000179e2314000 ConcurrentGCThread "G1 Conc#1" [stack: 0x00000051c4c00000,0x00000051c4d00000] [id=19188]
  0x00000179dee56800 ConcurrentGCThread "G1 Refine#0" [stack: 0x00000051c4000000,0x00000051c4100000] [id=17040]
  0x00000179dee57800 ConcurrentGCThread "G1 Young RemSet Sampling" [stack: 0x00000051c4100000,0x00000051c4200000] [id=10908]

Threads with active compile tasks:

VM state:not at safepoint (normal execution)

VM Mutex/Monitor currently owned by a thread: None

Heap address: 0x0000000602000000, size: 8160 MB, Compressed Oops mode: Zero based, Oop shift amount: 3
Narrow klass base: 0x0000000800000000, Narrow klass shift: 0
Compressed class space size: 1073741824 Address: 0x0000000800000000

Heap:
 garbage-first heap   total 522240K, used 262119K [0x0000000602000000, 0x0000000800000000)
  region size 2048K, 72 young (147456K), 5 survivors (10240K)
 Metaspace       used 46190K, capacity 48213K, committed 48384K, reserved 1091584K
  class space    used 5975K, capacity 6838K, committed 6912K, reserved 1048576K
Heap Regions: E=young(eden), S=young(survivor), O=old, HS=humongous(starts), HC=humongous(continues), CS=collection set, F=free, A=archive, TAMS=top-at-mark-start (previous, next)
|   0|0x0000000602000000, 0x0000000602200000, 0x0000000602200000|100%|HS|  |TAMS 0x0000000602200000, 0x0000000602000000| Complete 
|   1|0x0000000602200000, 0x0000000602400000, 0x0000000602400000|100%|HS|  |TAMS 0x0000000602200000, 0x0000000602200000| Complete 
|   2|0x0000000602400000, 0x0000000602600000, 0x0000000602600000|100%|HS|  |TAMS 0x0000000602600000, 0x0000000602400000| Complete 
|   3|0x0000000602600000, 0x0000000602800000, 0x0000000602800000|100%|HS|  |TAMS 0x0000000602800000, 0x0000000602600000| Complete 
|   4|0x0000000602800000, 0x0000000602a00000, 0x0000000602a00000|100%| O|  |TAMS 0x0000000602a00000, 0x0000000602800000| Untracked 
|   5|0x0000000602a00000, 0x0000000602a4a600, 0x0000000602c00000| 14%| O|  |TAMS 0x0000000602a4a600, 0x0000000602a00000| Untracked 
|   6|0x0000000602c00000, 0x0000000602e00000, 0x0000000602e00000|100%|HS|  |TAMS 0x0000000602c00000, 0x0000000602c00000| Complete 
|   7|0x0000000602e00000, 0x0000000603000000, 0x0000000603000000|100%|HS|  |TAMS 0x0000000602e00000, 0x0000000602e00000| Complete 
|   8|0x0000000603000000, 0x0000000603200000, 0x0000000603200000|100%|HC|  |TAMS 0x0000000603000000, 0x0000000603000000| Complete 
|   9|0x0000000603200000, 0x0000000603400000, 0x0000000603400000|100%|HC|  |TAMS 0x0000000603200000, 0x0000000603200000| Complete 
|  10|0x0000000603400000, 0x0000000603600000, 0x0000000603600000|100%|HC|  |TAMS 0x0000000603400000, 0x0000000603400000| Complete 
|  11|0x0000000603600000, 0x0000000603800000, 0x0000000603800000|100%|HC|  |TAMS 0x0000000603600000, 0x0000000603600000| Complete 
|  12|0x0000000603800000, 0x0000000603a00000, 0x0000000603a00000|100%|HC|  |TAMS 0x0000000603800000, 0x0000000603800000| Complete 
|  13|0x0000000603a00000, 0x0000000603c00000, 0x0000000603c00000|100%|HC|  |TAMS 0x0000000603a00000, 0x0000000603a00000| Complete 
|  14|0x0000000603c00000, 0x0000000603e00000, 0x0000000603e00000|100%|HC|  |TAMS 0x0000000603c00000, 0x0000000603c00000| Complete 
|  15|0x0000000603e00000, 0x0000000604000000, 0x0000000604000000|100%|HC|  |TAMS 0x0000000603e00000, 0x0000000603e00000| Complete 
|  16|0x0000000604000000, 0x0000000604200000, 0x0000000604200000|100%|HC|  |TAMS 0x0000000604000000, 0x0000000604000000| Complete 
|  17|0x0000000604200000, 0x0000000604400000, 0x0000000604400000|100%|HC|  |TAMS 0x0000000604200000, 0x0000000604200000| Complete 
|  18|0x0000000604400000, 0x0000000604600000, 0x0000000604600000|100%|HC|  |TAMS 0x0000000604400000, 0x0000000604400000| Complete 
|  19|0x0000000604600000, 0x0000000604800000, 0x0000000604800000|100%|HC|  |TAMS 0x0000000604600000, 0x0000000604600000| Complete 
|  20|0x0000000604800000, 0x0000000604a00000, 0x0000000604a00000|100%|HC|  |TAMS 0x0000000604800000, 0x0000000604800000| Complete 
|  21|0x0000000604a00000, 0x0000000604c00000, 0x0000000604c00000|100%|HC|  |TAMS 0x0000000604a00000, 0x0000000604a00000| Complete 
|  22|0x0000000604c00000, 0x0000000604e00000, 0x0000000604e00000|100%|HC|  |TAMS 0x0000000604c00000, 0x0000000604c00000| Complete 
|  23|0x0000000604e00000, 0x0000000605000000, 0x0000000605000000|100%|HC|  |TAMS 0x0000000604e00000, 0x0000000604e00000| Complete 
|  24|0x0000000605000000, 0x0000000605200000, 0x0000000605200000|100%|HC|  |TAMS 0x0000000605000000, 0x0000000605000000| Complete 
|  25|0x0000000605200000, 0x0000000605400000, 0x0000000605400000|100%|HC|  |TAMS 0x0000000605200000, 0x0000000605200000| Complete 
|  26|0x0000000605400000, 0x0000000605600000, 0x0000000605600000|100%|HC|  |TAMS 0x0000000605400000, 0x0000000605400000| Complete 
|  27|0x0000000605600000, 0x0000000605800000, 0x0000000605800000|100%|HC|  |TAMS 0x0000000605600000, 0x0000000605600000| Complete 
|  28|0x0000000605800000, 0x0000000605a00000, 0x0000000605a00000|100%|HC|  |TAMS 0x0000000605800000, 0x0000000605800000| Complete 
|  29|0x0000000605a00000, 0x0000000605c00000, 0x0000000605c00000|100%|HC|  |TAMS 0x0000000605a00000, 0x0000000605a00000| Complete 
|  30|0x0000000605c00000, 0x0000000605e00000, 0x0000000605e00000|100%|HC|  |TAMS 0x0000000605c00000, 0x0000000605c00000| Complete 
|  31|0x0000000605e00000, 0x0000000606000000, 0x0000000606000000|100%|HC|  |TAMS 0x0000000605e00000, 0x0000000605e00000| Complete 
|  32|0x0000000606000000, 0x0000000606200000, 0x0000000606200000|100%|HC|  |TAMS 0x0000000606000000, 0x0000000606000000| Complete 
|  33|0x0000000606200000, 0x0000000606400000, 0x0000000606400000|100%|HC|  |TAMS 0x0000000606200000, 0x0000000606200000| Complete 
|  34|0x0000000606400000, 0x0000000606600000, 0x0000000606600000|100%|HC|  |TAMS 0x0000000606400000, 0x0000000606400000| Complete 
|  35|0x0000000606600000, 0x0000000606800000, 0x0000000606800000|100%|HC|  |TAMS 0x0000000606600000, 0x0000000606600000| Complete 
|  36|0x0000000606800000, 0x0000000606a00000, 0x0000000606a00000|100%|HC|  |TAMS 0x0000000606800000, 0x0000000606800000| Complete 
|  37|0x0000000606a00000, 0x0000000606c00000, 0x0000000606c00000|100%|HC|  |TAMS 0x0000000606a00000, 0x0000000606a00000| Complete 
|  38|0x0000000606c00000, 0x0000000606e00000, 0x0000000606e00000|100%|HC|  |TAMS 0x0000000606c00000, 0x0000000606c00000| Complete 
|  39|0x0000000606e00000, 0x0000000607000000, 0x0000000607000000|100%|HC|  |TAMS 0x0000000606e00000, 0x0000000606e00000| Complete 
|  40|0x0000000607000000, 0x0000000607200000, 0x0000000607200000|100%|HC|  |TAMS 0x0000000607000000, 0x0000000607000000| Complete 
|  41|0x0000000607200000, 0x0000000607400000, 0x0000000607400000|100%|HC|  |TAMS 0x0000000607200000, 0x0000000607200000| Complete 
|  42|0x0000000607400000, 0x0000000607600000, 0x0000000607600000|100%|HC|  |TAMS 0x0000000607400000, 0x0000000607400000| Complete 
|  43|0x0000000607600000, 0x0000000607800000, 0x0000000607800000|100%|HC|  |TAMS 0x0000000607600000, 0x0000000607600000| Complete 
|  44|0x0000000607800000, 0x0000000607a00000, 0x0000000607a00000|100%|HC|  |TAMS 0x0000000607800000, 0x0000000607800000| Complete 
|  45|0x0000000607a00000, 0x0000000607c00000, 0x0000000607c00000|100%|HC|  |TAMS 0x0000000607a00000, 0x0000000607a00000| Complete 
|  46|0x0000000607c00000, 0x0000000607e00000, 0x0000000607e00000|100%|HC|  |TAMS 0x0000000607c00000, 0x0000000607c00000| Complete 
|  47|0x0000000607e00000, 0x0000000608000000, 0x0000000608000000|100%|HC|  |TAMS 0x0000000607e00000, 0x0000000607e00000| Complete 
|  48|0x0000000608000000, 0x0000000608200000, 0x0000000608200000|100%|HC|  |TAMS 0x0000000608000000, 0x0000000608000000| Complete 
|  49|0x0000000608200000, 0x0000000608400000, 0x0000000608400000|100%|HC|  |TAMS 0x0000000608200000, 0x0000000608200000| Complete 
|  50|0x0000000608400000, 0x0000000608600000, 0x0000000608600000|100%|HC|  |TAMS 0x0000000608400000, 0x0000000608400000| Complete 
|  51|0x0000000608600000, 0x0000000608800000, 0x0000000608800000|100%|HC|  |TAMS 0x0000000608600000, 0x0000000608600000| Complete 
|  52|0x0000000608800000, 0x0000000608a00000, 0x0000000608a00000|100%|HC|  |TAMS 0x0000000608800000, 0x0000000608800000| Complete 
|  53|0x0000000608a00000, 0x0000000608c00000, 0x0000000608c00000|100%|HC|  |TAMS 0x0000000608a00000, 0x0000000608a00000| Complete 
|  54|0x0000000608c00000, 0x0000000608e00000, 0x0000000608e00000|100%|HC|  |TAMS 0x0000000608c00000, 0x0000000608c00000| Complete 
|  55|0x0000000608e00000, 0x0000000609000000, 0x0000000609000000|100%|HC|  |TAMS 0x0000000608e00000, 0x0000000608e00000| Complete 
|  56|0x0000000609000000, 0x0000000609200000, 0x0000000609200000|100%|HC|  |TAMS 0x0000000609000000, 0x0000000609000000| Complete 
|  57|0x0000000609200000, 0x0000000609400000, 0x0000000609400000|100%|HC|  |TAMS 0x0000000609200000, 0x0000000609200000| Complete 
|  58|0x0000000609400000, 0x0000000609400000, 0x0000000609600000|  0%| F|  |TAMS 0x0000000609400000, 0x0000000609400000| Untracked 
|  59|0x0000000609600000, 0x0000000609600000, 0x0000000609800000|  0%| F|  |TAMS 0x0000000609600000, 0x0000000609600000| Untracked 
|  60|0x0000000609800000, 0x0000000609800000, 0x0000000609a00000|  0%| F|  |TAMS 0x0000000609800000, 0x0000000609800000| Untracked 
|  61|0x0000000609a00000, 0x0000000609a00000, 0x0000000609c00000|  0%| F|  |TAMS 0x0000000609a00000, 0x0000000609a00000| Untracked 
|  62|0x0000000609c00000, 0x0000000609c00000, 0x0000000609e00000|  0%| F|  |TAMS 0x0000000609c00000, 0x0000000609c00000| Untracked 
|  63|0x0000000609e00000, 0x0000000609e00000, 0x000000060a000000|  0%| F|  |TAMS 0x0000000609e00000, 0x0000000609e00000| Untracked 
|  64|0x000000060a000000, 0x000000060a000000, 0x000000060a200000|  0%| F|  |TAMS 0x000000060a000000, 0x000000060a000000| Untracked 
|  65|0x000000060a200000, 0x000000060a200000, 0x000000060a400000|  0%| F|  |TAMS 0x000000060a200000, 0x000000060a200000| Untracked 
|  66|0x000000060a400000, 0x000000060a400000, 0x000000060a600000|  0%| F|  |TAMS 0x000000060a400000, 0x000000060a400000| Untracked 
|  67|0x000000060a600000, 0x000000060a600000, 0x000000060a800000|  0%| F|  |TAMS 0x000000060a600000, 0x000000060a600000| Untracked 
|  68|0x000000060a800000, 0x000000060a800000, 0x000000060aa00000|  0%| F|  |TAMS 0x000000060a800000, 0x000000060a800000| Untracked 
|  69|0x000000060aa00000, 0x000000060aa00000, 0x000000060ac00000|  0%| F|  |TAMS 0x000000060aa00000, 0x000000060aa00000| Untracked 
|  70|0x000000060ac00000, 0x000000060ac00000, 0x000000060ae00000|  0%| F|  |TAMS 0x000000060ac00000, 0x000000060ac00000| Untracked 
|  71|0x000000060ae00000, 0x000000060ae00000, 0x000000060b000000|  0%| F|  |TAMS 0x000000060ae00000, 0x000000060ae00000| Untracked 
|  72|0x000000060b000000, 0x000000060b000000, 0x000000060b200000|  0%| F|  |TAMS 0x000000060b000000, 0x000000060b000000| Untracked 
|  73|0x000000060b200000, 0x000000060b200000, 0x000000060b400000|  0%| F|  |TAMS 0x000000060b200000, 0x000000060b200000| Untracked 
|  74|0x000000060b400000, 0x000000060b400000, 0x000000060b600000|  0%| F|  |TAMS 0x000000060b400000, 0x000000060b400000| Untracked 
|  75|0x000000060b600000, 0x000000060b600000, 0x000000060b800000|  0%| F|  |TAMS 0x000000060b600000, 0x000000060b600000| Untracked 
|  76|0x000000060b800000, 0x000000060b800000, 0x000000060ba00000|  0%| F|  |TAMS 0x000000060b800000, 0x000000060b800000| Untracked 
|  77|0x000000060ba00000, 0x000000060ba00000, 0x000000060bc00000|  0%| F|  |TAMS 0x000000060ba00000, 0x000000060ba00000| Untracked 
|  78|0x000000060bc00000, 0x000000060bc00000, 0x000000060be00000|  0%| F|  |TAMS 0x000000060bc00000, 0x000000060bc00000| Untracked 
|  79|0x000000060be00000, 0x000000060be00000, 0x000000060c000000|  0%| F|  |TAMS 0x000000060be00000, 0x000000060be00000| Untracked 
|  80|0x000000060c000000, 0x000000060c000000, 0x000000060c200000|  0%| F|  |TAMS 0x000000060c000000, 0x000000060c000000| Untracked 
|  81|0x000000060c200000, 0x000000060c200000, 0x000000060c400000|  0%| F|  |TAMS 0x000000060c200000, 0x000000060c200000| Untracked 
|  82|0x000000060c400000, 0x000000060c400000, 0x000000060c600000|  0%| F|  |TAMS 0x000000060c400000, 0x000000060c400000| Untracked 
|  83|0x000000060c600000, 0x000000060c600000, 0x000000060c800000|  0%| F|  |TAMS 0x000000060c600000, 0x000000060c600000| Untracked 
|  84|0x000000060c800000, 0x000000060c800000, 0x000000060ca00000|  0%| F|  |TAMS 0x000000060c800000, 0x000000060c800000| Untracked 
|  85|0x000000060ca00000, 0x000000060ca00000, 0x000000060cc00000|  0%| F|  |TAMS 0x000000060ca00000, 0x000000060ca00000| Untracked 
|  86|0x000000060cc00000, 0x000000060cc00000, 0x000000060ce00000|  0%| F|  |TAMS 0x000000060cc00000, 0x000000060cc00000| Untracked 
|  87|0x000000060ce00000, 0x000000060ce00000, 0x000000060d000000|  0%| F|  |TAMS 0x000000060ce00000, 0x000000060ce00000| Untracked 
|  88|0x000000060d000000, 0x000000060d000000, 0x000000060d200000|  0%| F|  |TAMS 0x000000060d000000, 0x000000060d000000| Untracked 
|  89|0x000000060d200000, 0x000000060d200000, 0x000000060d400000|  0%| F|  |TAMS 0x000000060d200000, 0x000000060d200000| Untracked 
|  90|0x000000060d400000, 0x000000060d400000, 0x000000060d600000|  0%| F|  |TAMS 0x000000060d400000, 0x000000060d400000| Untracked 
|  91|0x000000060d600000, 0x000000060d600000, 0x000000060d800000|  0%| F|  |TAMS 0x000000060d600000, 0x000000060d600000| Untracked 
|  92|0x000000060d800000, 0x000000060d800000, 0x000000060da00000|  0%| F|  |TAMS 0x000000060d800000, 0x000000060d800000| Untracked 
|  93|0x000000060da00000, 0x000000060da00000, 0x000000060dc00000|  0%| F|  |TAMS 0x000000060da00000, 0x000000060da00000| Untracked 
|  94|0x000000060dc00000, 0x000000060dc00000, 0x000000060de00000|  0%| F|  |TAMS 0x000000060dc00000, 0x000000060dc00000| Untracked 
|  95|0x000000060de00000, 0x000000060de00000, 0x000000060e000000|  0%| F|  |TAMS 0x000000060de00000, 0x000000060de00000| Untracked 
|  96|0x000000060e000000, 0x000000060e000000, 0x000000060e200000|  0%| F|  |TAMS 0x000000060e000000, 0x000000060e000000| Untracked 
|  97|0x000000060e200000, 0x000000060e200000, 0x000000060e400000|  0%| F|  |TAMS 0x000000060e200000, 0x000000060e200000| Untracked 
|  98|0x000000060e400000, 0x000000060e400000, 0x000000060e600000|  0%| F|  |TAMS 0x000000060e400000, 0x000000060e400000| Untracked 
|  99|0x000000060e600000, 0x000000060e600000, 0x000000060e800000|  0%| F|  |TAMS 0x000000060e600000, 0x000000060e600000| Untracked 
| 100|0x000000060e800000, 0x000000060e800000, 0x000000060ea00000|  0%| F|  |TAMS 0x000000060e800000, 0x000000060e800000| Untracked 
| 101|0x000000060ea00000, 0x000000060ea00000, 0x000000060ec00000|  0%| F|  |TAMS 0x000000060ea00000, 0x000000060ea00000| Untracked 
| 102|0x000000060ec00000, 0x000000060ec00000, 0x000000060ee00000|  0%| F|  |TAMS 0x000000060ec00000, 0x000000060ec00000| Untracked 
| 103|0x000000060ee00000, 0x000000060ee00000, 0x000000060f000000|  0%| F|  |TAMS 0x000000060ee00000, 0x000000060ee00000| Untracked 
| 104|0x000000060f000000, 0x000000060f000000, 0x000000060f200000|  0%| F|  |TAMS 0x000000060f000000, 0x000000060f000000| Untracked 
| 105|0x000000060f200000, 0x000000060f200000, 0x000000060f400000|  0%| F|  |TAMS 0x000000060f200000, 0x000000060f200000| Untracked 
| 106|0x000000060f400000, 0x000000060f400000, 0x000000060f600000|  0%| F|  |TAMS 0x000000060f400000, 0x000000060f400000| Untracked 
| 107|0x000000060f600000, 0x000000060f600000, 0x000000060f800000|  0%| F|  |TAMS 0x000000060f600000, 0x000000060f600000| Untracked 
| 108|0x000000060f800000, 0x000000060f800000, 0x000000060fa00000|  0%| F|  |TAMS 0x000000060f800000, 0x000000060f800000| Untracked 
| 109|0x000000060fa00000, 0x000000060fa00000, 0x000000060fc00000|  0%| F|  |TAMS 0x000000060fa00000, 0x000000060fa00000| Untracked 
| 110|0x000000060fc00000, 0x000000060fc00000, 0x000000060fe00000|  0%| F|  |TAMS 0x000000060fc00000, 0x000000060fc00000| Untracked 
| 111|0x000000060fe00000, 0x000000060fe00000, 0x0000000610000000|  0%| F|  |TAMS 0x000000060fe00000, 0x000000060fe00000| Untracked 
| 112|0x0000000610000000, 0x0000000610000000, 0x0000000610200000|  0%| F|  |TAMS 0x0000000610000000, 0x0000000610000000| Untracked 
| 113|0x0000000610200000, 0x0000000610200000, 0x0000000610400000|  0%| F|  |TAMS 0x0000000610200000, 0x0000000610200000| Untracked 
| 114|0x0000000610400000, 0x0000000610400000, 0x0000000610600000|  0%| F|  |TAMS 0x0000000610400000, 0x0000000610400000| Untracked 
| 115|0x0000000610600000, 0x0000000610600000, 0x0000000610800000|  0%| F|  |TAMS 0x0000000610600000, 0x0000000610600000| Untracked 
| 116|0x0000000610800000, 0x0000000610800000, 0x0000000610a00000|  0%| F|  |TAMS 0x0000000610800000, 0x0000000610800000| Untracked 
| 117|0x0000000610a00000, 0x0000000610a00000, 0x0000000610c00000|  0%| F|  |TAMS 0x0000000610a00000, 0x0000000610a00000| Untracked 
| 118|0x0000000610c00000, 0x0000000610c00000, 0x0000000610e00000|  0%| F|  |TAMS 0x0000000610c00000, 0x0000000610c00000| Untracked 
| 119|0x0000000610e00000, 0x0000000610e00000, 0x0000000611000000|  0%| F|  |TAMS 0x0000000610e00000, 0x0000000610e00000| Untracked 
| 120|0x0000000611000000, 0x0000000611000000, 0x0000000611200000|  0%| F|  |TAMS 0x0000000611000000, 0x0000000611000000| Untracked 
| 121|0x0000000611200000, 0x0000000611200000, 0x0000000611400000|  0%| F|  |TAMS 0x0000000611200000, 0x0000000611200000| Untracked 
| 122|0x0000000611400000, 0x0000000611400000, 0x0000000611600000|  0%| F|  |TAMS 0x0000000611400000, 0x0000000611400000| Untracked 
| 123|0x0000000611600000, 0x0000000611600000, 0x0000000611800000|  0%| F|  |TAMS 0x0000000611600000, 0x0000000611600000| Untracked 
| 124|0x0000000611800000, 0x0000000611800000, 0x0000000611a00000|  0%| F|  |TAMS 0x0000000611800000, 0x0000000611800000| Untracked 
| 125|0x0000000611a00000, 0x0000000611a00000, 0x0000000611c00000|  0%| F|  |TAMS 0x0000000611a00000, 0x0000000611a00000| Untracked 
| 126|0x0000000611c00000, 0x0000000611c00000, 0x0000000611e00000|  0%| F|  |TAMS 0x0000000611c00000, 0x0000000611c00000| Untracked 
| 127|0x0000000611e00000, 0x0000000611e00000, 0x0000000612000000|  0%| F|  |TAMS 0x0000000611e00000, 0x0000000611e00000| Untracked 
| 128|0x0000000612000000, 0x0000000612000000, 0x0000000612200000|  0%| F|  |TAMS 0x0000000612000000, 0x0000000612000000| Untracked 
| 129|0x0000000612200000, 0x0000000612200000, 0x0000000612400000|  0%| F|  |TAMS 0x0000000612200000, 0x0000000612200000| Untracked 
| 130|0x0000000612400000, 0x0000000612400000, 0x0000000612600000|  0%| F|  |TAMS 0x0000000612400000, 0x0000000612400000| Untracked 
| 131|0x0000000612600000, 0x0000000612600000, 0x0000000612800000|  0%| F|  |TAMS 0x0000000612600000, 0x0000000612600000| Untracked 
| 132|0x0000000612800000, 0x0000000612800000, 0x0000000612a00000|  0%| F|  |TAMS 0x0000000612800000, 0x0000000612800000| Untracked 
| 133|0x0000000612a00000, 0x0000000612a00000, 0x0000000612c00000|  0%| F|  |TAMS 0x0000000612a00000, 0x0000000612a00000| Untracked 
| 134|0x0000000612c00000, 0x0000000612c00000, 0x0000000612e00000|  0%| F|  |TAMS 0x0000000612c00000, 0x0000000612c00000| Untracked 
| 135|0x0000000612e00000, 0x0000000612e00000, 0x0000000613000000|  0%| F|  |TAMS 0x0000000612e00000, 0x0000000612e00000| Untracked 
| 136|0x0000000613000000, 0x0000000613000000, 0x0000000613200000|  0%| F|  |TAMS 0x0000000613000000, 0x0000000613000000| Untracked 
| 137|0x0000000613200000, 0x0000000613200000, 0x0000000613400000|  0%| F|  |TAMS 0x0000000613200000, 0x0000000613200000| Untracked 
| 138|0x0000000613400000, 0x0000000613400000, 0x0000000613600000|  0%| F|  |TAMS 0x0000000613400000, 0x0000000613400000| Untracked 
| 139|0x0000000613600000, 0x0000000613600000, 0x0000000613800000|  0%| F|  |TAMS 0x0000000613600000, 0x0000000613600000| Untracked 
| 140|0x0000000613800000, 0x0000000613800000, 0x0000000613a00000|  0%| F|  |TAMS 0x0000000613800000, 0x0000000613800000| Untracked 
| 141|0x0000000613a00000, 0x0000000613a00000, 0x0000000613c00000|  0%| F|  |TAMS 0x0000000613a00000, 0x0000000613a00000| Untracked 
| 142|0x0000000613c00000, 0x0000000613c00000, 0x0000000613e00000|  0%| F|  |TAMS 0x0000000613c00000, 0x0000000613c00000| Untracked 
| 143|0x0000000613e00000, 0x0000000613e00000, 0x0000000614000000|  0%| F|  |TAMS 0x0000000613e00000, 0x0000000613e00000| Untracked 
| 144|0x0000000614000000, 0x0000000614000000, 0x0000000614200000|  0%| F|  |TAMS 0x0000000614000000, 0x0000000614000000| Untracked 
| 145|0x0000000614200000, 0x0000000614200000, 0x0000000614400000|  0%| F|  |TAMS 0x0000000614200000, 0x0000000614200000| Untracked 
| 146|0x0000000614400000, 0x0000000614400000, 0x0000000614600000|  0%| F|  |TAMS 0x0000000614400000, 0x0000000614400000| Untracked 
| 147|0x0000000614600000, 0x0000000614600000, 0x0000000614800000|  0%| F|  |TAMS 0x0000000614600000, 0x0000000614600000| Untracked 
| 148|0x0000000614800000, 0x0000000614800000, 0x0000000614a00000|  0%| F|  |TAMS 0x0000000614800000, 0x0000000614800000| Untracked 
| 149|0x0000000614a00000, 0x0000000614a00000, 0x0000000614c00000|  0%| F|  |TAMS 0x0000000614a00000, 0x0000000614a00000| Untracked 
| 150|0x0000000614c00000, 0x0000000614c00000, 0x0000000614e00000|  0%| F|  |TAMS 0x0000000614c00000, 0x0000000614c00000| Untracked 
| 151|0x0000000614e00000, 0x0000000614e00000, 0x0000000615000000|  0%| F|  |TAMS 0x0000000614e00000, 0x0000000614e00000| Untracked 
| 152|0x0000000615000000, 0x0000000615000000, 0x0000000615200000|  0%| F|  |TAMS 0x0000000615000000, 0x0000000615000000| Untracked 
| 153|0x0000000615200000, 0x0000000615200000, 0x0000000615400000|  0%| F|  |TAMS 0x0000000615200000, 0x0000000615200000| Untracked 
| 154|0x0000000615400000, 0x0000000615400000, 0x0000000615600000|  0%| F|  |TAMS 0x0000000615400000, 0x0000000615400000| Untracked 
| 155|0x0000000615600000, 0x0000000615600000, 0x0000000615800000|  0%| F|  |TAMS 0x0000000615600000, 0x0000000615600000| Untracked 
| 156|0x0000000615800000, 0x0000000615800000, 0x0000000615a00000|  0%| F|  |TAMS 0x0000000615800000, 0x0000000615800000| Untracked 
| 157|0x0000000615a00000, 0x0000000615a00000, 0x0000000615c00000|  0%| F|  |TAMS 0x0000000615a00000, 0x0000000615a00000| Untracked 
| 158|0x0000000615c00000, 0x0000000615c00000, 0x0000000615e00000|  0%| F|  |TAMS 0x0000000615c00000, 0x0000000615c00000| Untracked 
| 159|0x0000000615e00000, 0x0000000615e00000, 0x0000000616000000|  0%| F|  |TAMS 0x0000000615e00000, 0x0000000615e00000| Untracked 
| 160|0x0000000616000000, 0x0000000616000000, 0x0000000616200000|  0%| F|  |TAMS 0x0000000616000000, 0x0000000616000000| Untracked 
| 161|0x0000000616200000, 0x0000000616200000, 0x0000000616400000|  0%| F|  |TAMS 0x0000000616200000, 0x0000000616200000| Untracked 
| 162|0x0000000616400000, 0x0000000616400000, 0x0000000616600000|  0%| F|  |TAMS 0x0000000616400000, 0x0000000616400000| Untracked 
| 163|0x0000000616600000, 0x0000000616600000, 0x0000000616800000|  0%| F|  |TAMS 0x0000000616600000, 0x0000000616600000| Untracked 
| 164|0x0000000616800000, 0x0000000616800000, 0x0000000616a00000|  0%| F|  |TAMS 0x0000000616800000, 0x0000000616800000| Untracked 
| 165|0x0000000616a00000, 0x0000000616a00000, 0x0000000616c00000|  0%| F|  |TAMS 0x0000000616a00000, 0x0000000616a00000| Untracked 
| 166|0x0000000616c00000, 0x0000000616c00000, 0x0000000616e00000|  0%| F|  |TAMS 0x0000000616c00000, 0x0000000616c00000| Untracked 
| 167|0x0000000616e00000, 0x0000000616e00000, 0x0000000617000000|  0%| F|  |TAMS 0x0000000616e00000, 0x0000000616e00000| Untracked 
| 168|0x0000000617000000, 0x0000000617000000, 0x0000000617200000|  0%| F|  |TAMS 0x0000000617000000, 0x0000000617000000| Untracked 
| 169|0x0000000617200000, 0x0000000617200000, 0x0000000617400000|  0%| F|  |TAMS 0x0000000617200000, 0x0000000617200000| Untracked 
| 170|0x0000000617400000, 0x0000000617400000, 0x0000000617600000|  0%| F|  |TAMS 0x0000000617400000, 0x0000000617400000| Untracked 
| 171|0x0000000617600000, 0x0000000617600000, 0x0000000617800000|  0%| F|  |TAMS 0x0000000617600000, 0x0000000617600000| Untracked 
| 172|0x0000000617800000, 0x0000000617800000, 0x0000000617a00000|  0%| F|  |TAMS 0x0000000617800000, 0x0000000617800000| Untracked 
| 173|0x0000000617a00000, 0x0000000617a00000, 0x0000000617c00000|  0%| F|  |TAMS 0x0000000617a00000, 0x0000000617a00000| Untracked 
| 174|0x0000000617c00000, 0x0000000617c00000, 0x0000000617e00000|  0%| F|  |TAMS 0x0000000617c00000, 0x0000000617c00000| Untracked 
| 175|0x0000000617e00000, 0x0000000617e00000, 0x0000000618000000|  0%| F|  |TAMS 0x0000000617e00000, 0x0000000617e00000| Untracked 
| 176|0x0000000618000000, 0x0000000618000000, 0x0000000618200000|  0%| F|  |TAMS 0x0000000618000000, 0x0000000618000000| Untracked 
| 177|0x0000000618200000, 0x0000000618200000, 0x0000000618400000|  0%| F|  |TAMS 0x0000000618200000, 0x0000000618200000| Untracked 
| 178|0x0000000618400000, 0x0000000618400000, 0x0000000618600000|  0%| F|  |TAMS 0x0000000618400000, 0x0000000618400000| Untracked 
| 179|0x0000000618600000, 0x0000000618600000, 0x0000000618800000|  0%| F|  |TAMS 0x0000000618600000, 0x0000000618600000| Untracked 
| 180|0x0000000618800000, 0x0000000618800000, 0x0000000618a00000|  0%| F|  |TAMS 0x0000000618800000, 0x0000000618800000| Untracked 
| 181|0x0000000618a00000, 0x0000000618a00000, 0x0000000618c00000|  0%| F|  |TAMS 0x0000000618a00000, 0x0000000618a00000| Untracked 
| 182|0x0000000618c00000, 0x0000000618c00000, 0x0000000618e00000|  0%| F|  |TAMS 0x0000000618c00000, 0x0000000618c00000| Untracked 
| 183|0x0000000618e00000, 0x0000000618fdcc08, 0x0000000619000000| 93%| E|  |TAMS 0x0000000618e00000, 0x0000000618e00000| Complete 
| 184|0x0000000619000000, 0x0000000619200000, 0x0000000619200000|100%| E|CS|TAMS 0x0000000619000000, 0x0000000619000000| Complete 
| 185|0x0000000619200000, 0x0000000619400000, 0x0000000619400000|100%| E|CS|TAMS 0x0000000619200000, 0x0000000619200000| Complete 
| 186|0x0000000619400000, 0x0000000619600000, 0x0000000619600000|100%| E|CS|TAMS 0x0000000619400000, 0x0000000619400000| Complete 
| 187|0x0000000619600000, 0x0000000619800000, 0x0000000619800000|100%| E|CS|TAMS 0x0000000619600000, 0x0000000619600000| Complete 
| 188|0x0000000619800000, 0x0000000619a00000, 0x0000000619a00000|100%| E|CS|TAMS 0x0000000619800000, 0x0000000619800000| Complete 
| 189|0x0000000619a00000, 0x0000000619c00000, 0x0000000619c00000|100%| E|CS|TAMS 0x0000000619a00000, 0x0000000619a00000| Complete 
| 190|0x0000000619c00000, 0x0000000619e00000, 0x0000000619e00000|100%| E|CS|TAMS 0x0000000619c00000, 0x0000000619c00000| Complete 
| 191|0x0000000619e00000, 0x000000061a000000, 0x000000061a000000|100%| E|CS|TAMS 0x0000000619e00000, 0x0000000619e00000| Complete 
| 192|0x000000061a000000, 0x000000061a200000, 0x000000061a200000|100%| E|CS|TAMS 0x000000061a000000, 0x000000061a000000| Complete 
| 193|0x000000061a200000, 0x000000061a400000, 0x000000061a400000|100%| E|CS|TAMS 0x000000061a200000, 0x000000061a200000| Complete 
| 194|0x000000061a400000, 0x000000061a600000, 0x000000061a600000|100%| E|CS|TAMS 0x000000061a400000, 0x000000061a400000| Complete 
| 195|0x000000061a600000, 0x000000061a800000, 0x000000061a800000|100%| E|CS|TAMS 0x000000061a600000, 0x000000061a600000| Complete 
| 196|0x000000061a800000, 0x000000061aa00000, 0x000000061aa00000|100%| E|CS|TAMS 0x000000061a800000, 0x000000061a800000| Complete 
| 197|0x000000061aa00000, 0x000000061ac00000, 0x000000061ac00000|100%| E|CS|TAMS 0x000000061aa00000, 0x000000061aa00000| Complete 
| 198|0x000000061ac00000, 0x000000061ae00000, 0x000000061ae00000|100%| E|CS|TAMS 0x000000061ac00000, 0x000000061ac00000| Complete 
| 199|0x000000061ae00000, 0x000000061b000000, 0x000000061b000000|100%| E|CS|TAMS 0x000000061ae00000, 0x000000061ae00000| Complete 
| 200|0x000000061b000000, 0x000000061b200000, 0x000000061b200000|100%| E|CS|TAMS 0x000000061b000000, 0x000000061b000000| Complete 
| 201|0x000000061b200000, 0x000000061b400000, 0x000000061b400000|100%| E|CS|TAMS 0x000000061b200000, 0x000000061b200000| Complete 
| 202|0x000000061b400000, 0x000000061b600000, 0x000000061b600000|100%| E|CS|TAMS 0x000000061b400000, 0x000000061b400000| Complete 
| 203|0x000000061b600000, 0x000000061b800000, 0x000000061b800000|100%| E|CS|TAMS 0x000000061b600000, 0x000000061b600000| Complete 
| 204|0x000000061b800000, 0x000000061ba00000, 0x000000061ba00000|100%| E|CS|TAMS 0x000000061b800000, 0x000000061b800000| Complete 
| 205|0x000000061ba00000, 0x000000061bc00000, 0x000000061bc00000|100%| E|CS|TAMS 0x000000061ba00000, 0x000000061ba00000| Complete 
| 206|0x000000061bc00000, 0x000000061be00000, 0x000000061be00000|100%| E|CS|TAMS 0x000000061bc00000, 0x000000061bc00000| Complete 
| 207|0x000000061be00000, 0x000000061c000000, 0x000000061c000000|100%| E|CS|TAMS 0x000000061be00000, 0x000000061be00000| Complete 
| 208|0x000000061c000000, 0x000000061c200000, 0x000000061c200000|100%| E|CS|TAMS 0x000000061c000000, 0x000000061c000000| Complete 
| 209|0x000000061c200000, 0x000000061c400000, 0x000000061c400000|100%| E|CS|TAMS 0x000000061c200000, 0x000000061c200000| Complete 
| 210|0x000000061c400000, 0x000000061c600000, 0x000000061c600000|100%| E|CS|TAMS 0x000000061c400000, 0x000000061c400000| Complete 
| 211|0x000000061c600000, 0x000000061c800000, 0x000000061c800000|100%| E|CS|TAMS 0x000000061c600000, 0x000000061c600000| Complete 
| 212|0x000000061c800000, 0x000000061ca00000, 0x000000061ca00000|100%| E|CS|TAMS 0x000000061c800000, 0x000000061c800000| Complete 
| 213|0x000000061ca00000, 0x000000061cc00000, 0x000000061cc00000|100%| E|CS|TAMS 0x000000061ca00000, 0x000000061ca00000| Complete 
| 214|0x000000061cc00000, 0x000000061ce00000, 0x000000061ce00000|100%| E|CS|TAMS 0x000000061cc00000, 0x000000061cc00000| Complete 
| 215|0x000000061ce00000, 0x000000061d000000, 0x000000061d000000|100%| E|CS|TAMS 0x000000061ce00000, 0x000000061ce00000| Complete 
| 216|0x000000061d000000, 0x000000061d200000, 0x000000061d200000|100%| E|CS|TAMS 0x000000061d000000, 0x000000061d000000| Complete 
| 217|0x000000061d200000, 0x000000061d400000, 0x000000061d400000|100%| E|CS|TAMS 0x000000061d200000, 0x000000061d200000| Complete 
| 218|0x000000061d400000, 0x000000061d600000, 0x000000061d600000|100%| E|CS|TAMS 0x000000061d400000, 0x000000061d400000| Complete 
| 219|0x000000061d600000, 0x000000061d800000, 0x000000061d800000|100%| E|CS|TAMS 0x000000061d600000, 0x000000061d600000| Complete 
| 220|0x000000061d800000, 0x000000061da00000, 0x000000061da00000|100%| E|CS|TAMS 0x000000061d800000, 0x000000061d800000| Complete 
| 221|0x000000061da00000, 0x000000061dbaf6f0, 0x000000061dc00000| 84%| S|CS|TAMS 0x000000061da00000, 0x000000061da00000| Complete 
| 222|0x000000061dc00000, 0x000000061de00000, 0x000000061de00000|100%| S|CS|TAMS 0x000000061dc00000, 0x000000061dc00000| Complete 
| 223|0x000000061de00000, 0x000000061e000000, 0x000000061e000000|100%| S|CS|TAMS 0x000000061de00000, 0x000000061de00000| Complete 
| 224|0x000000061e000000, 0x000000061e200000, 0x000000061e200000|100%| S|CS|TAMS 0x000000061e000000, 0x000000061e000000| Complete 
| 225|0x000000061e200000, 0x000000061e400000, 0x000000061e400000|100%| S|CS|TAMS 0x000000061e200000, 0x000000061e200000| Complete 
| 226|0x000000061e400000, 0x000000061e600000, 0x000000061e600000|100%| E|CS|TAMS 0x000000061e400000, 0x000000061e400000| Complete 
| 227|0x000000061e600000, 0x000000061e800000, 0x000000061e800000|100%| E|CS|TAMS 0x000000061e600000, 0x000000061e600000| Complete 
| 228|0x000000061e800000, 0x000000061ea00000, 0x000000061ea00000|100%| E|CS|TAMS 0x000000061e800000, 0x000000061e800000| Complete 
| 229|0x000000061ea00000, 0x000000061ec00000, 0x000000061ec00000|100%| E|CS|TAMS 0x000000061ea00000, 0x000000061ea00000| Complete 
| 230|0x000000061ec00000, 0x000000061ee00000, 0x000000061ee00000|100%| E|CS|TAMS 0x000000061ec00000, 0x000000061ec00000| Complete 
| 231|0x000000061ee00000, 0x000000061f000000, 0x000000061f000000|100%| E|CS|TAMS 0x000000061ee00000, 0x000000061ee00000| Complete 
| 232|0x000000061f000000, 0x000000061f200000, 0x000000061f200000|100%| E|CS|TAMS 0x000000061f000000, 0x000000061f000000| Complete 
| 233|0x000000061f200000, 0x000000061f400000, 0x000000061f400000|100%| E|CS|TAMS 0x000000061f200000, 0x000000061f200000| Complete 
| 234|0x000000061f400000, 0x000000061f600000, 0x000000061f600000|100%| E|CS|TAMS 0x000000061f400000, 0x000000061f400000| Complete 
| 235|0x000000061f600000, 0x000000061f800000, 0x000000061f800000|100%| E|CS|TAMS 0x000000061f600000, 0x000000061f600000| Complete 
| 236|0x000000061f800000, 0x000000061fa00000, 0x000000061fa00000|100%| E|CS|TAMS 0x000000061f800000, 0x000000061f800000| Complete 
| 237|0x000000061fa00000, 0x000000061fc00000, 0x000000061fc00000|100%| E|CS|TAMS 0x000000061fa00000, 0x000000061fa00000| Complete 
| 238|0x000000061fc00000, 0x000000061fe00000, 0x000000061fe00000|100%| E|CS|TAMS 0x000000061fc00000, 0x000000061fc00000| Complete 
| 239|0x000000061fe00000, 0x0000000620000000, 0x0000000620000000|100%| E|CS|TAMS 0x000000061fe00000, 0x000000061fe00000| Complete 
| 240|0x0000000620000000, 0x0000000620200000, 0x0000000620200000|100%| E|CS|TAMS 0x0000000620000000, 0x0000000620000000| Complete 
| 241|0x0000000620200000, 0x0000000620400000, 0x0000000620400000|100%| E|CS|TAMS 0x0000000620200000, 0x0000000620200000| Complete 
| 242|0x0000000620400000, 0x0000000620600000, 0x0000000620600000|100%| E|CS|TAMS 0x0000000620400000, 0x0000000620400000| Complete 
| 243|0x0000000620600000, 0x0000000620800000, 0x0000000620800000|100%| E|CS|TAMS 0x0000000620600000, 0x0000000620600000| Complete 
| 244|0x0000000620800000, 0x0000000620a00000, 0x0000000620a00000|100%| E|CS|TAMS 0x0000000620800000, 0x0000000620800000| Complete 
| 245|0x0000000620a00000, 0x0000000620c00000, 0x0000000620c00000|100%| E|CS|TAMS 0x0000000620a00000, 0x0000000620a00000| Complete 
| 246|0x0000000620c00000, 0x0000000620e00000, 0x0000000620e00000|100%| E|CS|TAMS 0x0000000620c00000, 0x0000000620c00000| Complete 
| 247|0x0000000620e00000, 0x0000000621000000, 0x0000000621000000|100%| E|CS|TAMS 0x0000000620e00000, 0x0000000620e00000| Complete 
| 248|0x0000000621000000, 0x0000000621200000, 0x0000000621200000|100%| E|CS|TAMS 0x0000000621000000, 0x0000000621000000| Complete 
| 249|0x0000000621200000, 0x0000000621400000, 0x0000000621400000|100%| E|CS|TAMS 0x0000000621200000, 0x0000000621200000| Complete 
| 250|0x0000000621400000, 0x0000000621600000, 0x0000000621600000|100%| E|CS|TAMS 0x0000000621400000, 0x0000000621400000| Complete 
| 251|0x0000000621600000, 0x0000000621800000, 0x0000000621800000|100%| E|CS|TAMS 0x0000000621600000, 0x0000000621600000| Complete 
| 252|0x0000000621800000, 0x0000000621a00000, 0x0000000621a00000|100%| E|CS|TAMS 0x0000000621800000, 0x0000000621800000| Complete 
| 253|0x0000000621a00000, 0x0000000621c00000, 0x0000000621c00000|100%| E|CS|TAMS 0x0000000621a00000, 0x0000000621a00000| Complete 
| 254|0x0000000621c00000, 0x0000000621e00000, 0x0000000621e00000|100%| E|CS|TAMS 0x0000000621c00000, 0x0000000621c00000| Complete 

Card table byte_map: [0x00000179ca460000,0x00000179cb450000] _byte_map_base: 0x00000179c7450000

Marking Bits (Prev, Next): (CMBitMap*) 0x00000179b1eacbb8, (CMBitMap*) 0x00000179b1eacbf0
 Prev Bits: [0x00000179cc440000, 0x00000179d43c0000)
 Next Bits: [0x00000179d43c0000, 0x00000179dc340000)

Polling page: 0x00000179b15f0000

Metaspace:

Usage:
  Non-class:     40.41 MB capacity,    39.27 MB ( 97%) used,   922.23 KB (  2%) free+waste,   237.88 KB ( <1%) overhead. 
      Class:      6.68 MB capacity,     5.84 MB ( 87%) used,   742.32 KB ( 11%) free+waste,   119.75 KB (  2%) overhead. 
       Both:     47.08 MB capacity,    45.11 MB ( 96%) used,     1.63 MB (  3%) free+waste,   357.63 KB ( <1%) overhead. 

Virtual space:
  Non-class space:       42.00 MB reserved,      40.50 MB ( 96%) committed 
      Class space:        1.00 GB reserved,       6.75 MB ( <1%) committed 
             Both:        1.04 GB reserved,      47.25 MB (  4%) committed 

Chunk freelists:
   Non-Class:  4.13 KB
       Class:  0 bytes
        Both:  4.13 KB

CodeHeap 'non-profiled nmethods': size=120000Kb used=4411Kb max_used=4411Kb free=115588Kb
 bounds [0x00000179c1c10000, 0x00000179c2060000, 0x00000179c9140000]
CodeHeap 'profiled nmethods': size=120000Kb used=16562Kb max_used=16562Kb free=103437Kb
 bounds [0x00000179ba6e0000, 0x00000179bb710000, 0x00000179c1c10000]
CodeHeap 'non-nmethods': size=5760Kb used=1506Kb max_used=1591Kb free=4253Kb
 bounds [0x00000179ba140000, 0x00000179ba3b0000, 0x00000179ba6e0000]
 total_blobs=9854 nmethods=6917 adapters=907
 compilation: enabled
              stopped_count=0, restarted_count=0
 full_count=0

Compilation events (10 events):
Event: 7.267 Thread 0x00000179df87e000 7129   !   3       com.sun.glass.ui.InvokeLaterDispatcher$Future::run (91 bytes)
Event: 7.268 Thread 0x00000179df87e000 nmethod 7129 0x00000179bb70bf10 code [0x00000179bb70c100, 0x00000179bb70c7f0]
Event: 7.299 Thread 0x00000179df87e000 7130       1       javafx.animation.Interpolator$2::curve (2 bytes)
Event: 7.299 Thread 0x00000179df87e000 nmethod 7130 0x00000179c205eb90 code [0x00000179c205ed40, 0x00000179c205ee58]
Event: 7.324 Thread 0x00000179df87e000 7131       3       com.sun.javafx.scene.control.inputmap.InputMap::testInterceptor (20 bytes)
Event: 7.325 Thread 0x00000179df87e000 nmethod 7131 0x00000179bb70cb10 code [0x00000179bb70cce0, 0x00000179bb70cfb0]
Event: 7.325 Thread 0x00000179df87e000 7132       3       com.sun.javafx.scene.control.inputmap.InputMap$Mapping::getInterceptor (11 bytes)
Event: 7.325 Thread 0x00000179df87e000 nmethod 7132 0x00000179bb70d090 code [0x00000179bb70d260, 0x00000179bb70d5b0]
Event: 7.332 Thread 0x00000179df87e000 7133       3       com.sun.javafx.util.WeakReferenceQueue::cleanup (33 bytes)
Event: 7.333 Thread 0x00000179df87e000 nmethod 7133 0x00000179bb70d690 code [0x00000179bb70d8a0, 0x00000179bb70e130]

GC Heap History (6 events):
Event: 0.481 GC heap before
{Heap before GC invocations=0 (full 0):
 garbage-first heap   total 522240K, used 24576K [0x0000000602000000, 0x0000000800000000)
  region size 2048K, 12 young (24576K), 0 survivors (0K)
 Metaspace       used 8668K, capacity 8990K, committed 9216K, reserved 1056768K
  class space    used 848K, capacity 983K, committed 1024K, reserved 1048576K
}
Event: 0.483 GC heap after
{Heap after GC invocations=1 (full 0):
 garbage-first heap   total 522240K, used 2387K [0x0000000602000000, 0x0000000800000000)
  region size 2048K, 2 young (4096K), 2 survivors (4096K)
 Metaspace       used 8668K, capacity 8990K, committed 9216K, reserved 1056768K
  class space    used 848K, capacity 983K, committed 1024K, reserved 1048576K
}
Event: 1.121 GC heap before
{Heap before GC invocations=1 (full 0):
 garbage-first heap   total 522240K, used 41299K [0x0000000602000000, 0x0000000800000000)
  region size 2048K, 21 young (43008K), 2 survivors (4096K)
 Metaspace       used 20552K, capacity 21253K, committed 21296K, reserved 1069056K
  class space    used 2470K, capacity 2773K, committed 2816K, reserved 1048576K
}
Event: 1.132 GC heap after
{Heap after GC invocations=2 (full 0):
 garbage-first heap   total 522240K, used 10421K [0x0000000602000000, 0x0000000800000000)
  region size 2048K, 5 young (10240K), 5 survivors (10240K)
 Metaspace       used 20552K, capacity 21253K, committed 21296K, reserved 1069056K
  class space    used 2470K, capacity 2773K, committed 2816K, reserved 1048576K
}
Event: 2.454 GC heap before
{Heap before GC invocations=3 (full 0):
 garbage-first heap   total 522240K, used 61621K [0x0000000602000000, 0x0000000800000000)
  region size 2048K, 29 young (59392K), 5 survivors (10240K)
 Metaspace       used 34425K, capacity 35734K, committed 35840K, reserved 1079296K
  class space    used 4471K, capacity 5065K, committed 5120K, reserved 1048576K
}
Event: 2.463 GC heap after
{Heap after GC invocations=4 (full 0):
 garbage-first heap   total 522240K, used 18407K [0x0000000602000000, 0x0000000800000000)
  region size 2048K, 5 young (10240K), 5 survivors (10240K)
 Metaspace       used 34425K, capacity 35734K, committed 35840K, reserved 1079296K
  class space    used 4471K, capacity 5065K, committed 5120K, reserved 1048576K
}

Deoptimization events (10 events):
Event: 5.470 Thread 0x00000179e0bd8000 Uncommon trap: reason=unstable_if action=reinterpret pc=0x00000179c1f51214 method=javafx.scene.Node.updateBounds()V @ 70 c2
Event: 5.472 Thread 0x00000179e03ec800 Uncommon trap: reason=unstable_if action=reinterpret pc=0x00000179c1edaee8 method=com.sun.scenario.effect.impl.ImagePool.checkOut(Lcom/sun/scenario/effect/impl/Renderer;II)Lcom/sun/scenario/effect/impl/PoolFilterable; @ 1 c2
Event: 5.713 Thread 0x00000179e03ec800 Uncommon trap: reason=unstable_if action=reinterpret pc=0x00000179c1d79aa8 method=com.sun.javafx.geom.RectBounds.isEmpty()Z @ 21 c2
Event: 5.768 Thread 0x00000179e0bd8000 Uncommon trap: reason=unstable_if action=reinterpret pc=0x00000179c1fbc0ec method=com.sun.javafx.geom.transform.AffineBase.calculateType()I @ 132 c2
Event: 5.789 Thread 0x00000179e0bd8000 Uncommon trap: reason=bimorphic_or_optimized_type_check action=maybe_recompile pc=0x00000179c1f124b8 method=javafx.scene.Node.updateLocalToParentTransform()V @ 209 c2
Event: 5.842 Thread 0x00000179e2274800 Uncommon trap: reason=unstable_if action=reinterpret pc=0x00000179c1dfc7c0 method=sun.nio.cs.UTF_8$Decoder.decodeArrayLoop(Ljava/nio/ByteBuffer;Ljava/nio/CharBuffer;)Ljava/nio/charset/CoderResult; @ 184 c2
Event: 5.842 Thread 0x00000179e2274800 Uncommon trap: reason=unstable_if action=reinterpret pc=0x00000179c1def0cc method=sun.nio.cs.UTF_8$Decoder.decodeArrayLoop(Ljava/nio/ByteBuffer;Ljava/nio/CharBuffer;)Ljava/nio/charset/CoderResult; @ 128 c2
Event: 6.026 Thread 0x00000179e0bd8000 Uncommon trap: reason=unstable_if action=reinterpret pc=0x00000179c1ecdec0 method=com.sun.javafx.css.StyleManager.processStylesheets(Ljava/util/List;Ljavafx/scene/Parent;)Ljava/util/List; @ 88 c2
Event: 6.035 Thread 0x00000179e0bd8000 Uncommon trap: reason=unstable_if action=reinterpret pc=0x00000179c1f2fccc method=javafx.scene.CssStyleHelper.createStyleHelper(Ljavafx/scene/Node;)Ljavafx/scene/CssStyleHelper; @ 225 c2
Event: 6.116 Thread 0x00000179e0bd8000 Uncommon trap: reason=bimorphic_or_optimized_type_check action=maybe_recompile pc=0x00000179c1f93840 method=javafx.scene.Node.getGeomBounds(Lcom/sun/javafx/geom/BaseBounds;Lcom/sun/javafx/geom/transform/BaseTransform;)Lcom/sun/javafx/geom/BaseBounds; @ 21

Classes redefined (0 events):
No events

Internal exceptions (10 events):
Event: 4.497 Thread 0x00000179e0bd8000 Implicit null exception at 0x00000179c1ee75f5 to 0x00000179c1eebd3a
Event: 4.569 Thread 0x00000179e2274800 Exception <a 'sun/nio/fs/WindowsException'{0x000000061b81cc70}> (0x000000061b81cc70) thrown at [t:/workspace/open/src/hotspot/share/prims/jni.cpp, line 615]
Event: 4.569 Thread 0x00000179e2274800 Exception <a 'sun/nio/fs/WindowsException'{0x000000061b823bd8}> (0x000000061b823bd8) thrown at [t:/workspace/open/src/hotspot/share/prims/jni.cpp, line 615]
Event: 4.571 Thread 0x00000179e2274800 Exception <a 'sun/nio/fs/WindowsException'{0x000000061b831688}> (0x000000061b831688) thrown at [t:/workspace/open/src/hotspot/share/prims/jni.cpp, line 615]
Event: 4.575 Thread 0x00000179e2274800 Exception <a 'java/lang/ClassNotFoundException'{0x000000061b838218}: jdk/net/ExtendedSocketOptions> (0x000000061b838218) thrown at [t:/workspace/open/src/hotspot/share/classfile/systemDictionary.cpp, line 231]
Event: 6.026 Thread 0x00000179e2273000 Exception <a 'java/lang/NoSuchMethodError'{0x000000061993fdc8}: java.lang.invoke.DirectMethodHandle$Holder.invokeStatic(Ljava/lang/Object;Ljava/lang/Object;Ljava/lang/Object;Ljava/lang/Object;Ljava/lang/Object;Ljava/lang/Object;I)Ljava/lang/Object;> (0x00
Event: 6.027 Thread 0x00000179e2273000 Exception <a 'java/lang/NoSuchMethodError'{0x0000000619956a38}: java.lang.invoke.DirectMethodHandle$Holder.invokeStatic(Ljava/lang/Object;Ljava/lang/Object;Ljava/lang/Object;Ljava/lang/Object;Ljava/lang/Object;Ljava/lang/Object;II)Ljava/lang/Object;> (0x0
Event: 6.028 Thread 0x00000179e2273000 Exception <a 'java/lang/NoSuchMethodError'{0x000000061996e388}: java.lang.invoke.DirectMethodHandle$Holder.invokeStatic(Ljava/lang/Object;Ljava/lang/Object;Ljava/lang/Object;Ljava/lang/Object;Ljava/lang/Object;Ljava/lang/Object;IILjava/lang/Object;)Ljava/
Event: 6.029 Thread 0x00000179e2273000 Exception <a 'java/lang/NoSuchMethodError'{0x00000006199879d8}: java.lang.invoke.DirectMethodHandle$Holder.invokeStatic(Ljava/lang/Object;Ljava/lang/Object;Ljava/lang/Object;Ljava/lang/Object;Ljava/lang/Object;Ljava/lang/Object;IILjava/lang/Object;Ljava/l
Event: 6.030 Thread 0x00000179e2273000 Exception <a 'java/lang/NoSuchMethodError'{0x00000006199a29b0}: java.lang.invoke.DirectMethodHandle$Holder.invokeStatic(Ljava/lang/Object;Ljava/lang/Object;Ljava/lang/Object;Ljava/lang/Object;Ljava/lang/Object;Ljava/lang/Object;IILjava/lang/Object;Ljava/l

Events (10 events):
Event: 6.035 Thread 0x00000179e0bd8000 Uncommon trap: trap_request=0xffffff4d fr.pc=0x00000179c1f2fccc relative=0x00000000000047cc
Event: 6.035 Thread 0x00000179e0bd8000 DEOPT PACKING pc=0x00000179c1f2fccc sp=0x00000051c59faae0
Event: 6.035 Thread 0x00000179e0bd8000 DEOPT UNPACKING pc=0x00000179ba1691af sp=0x00000051c59faac0 mode 2
Event: 6.086 Thread 0x00000179e0bd8000 DEOPT PACKING pc=0x00000179bb002f95 sp=0x00000051c59fb160
Event: 6.086 Thread 0x00000179e0bd8000 DEOPT UNPACKING pc=0x00000179ba168fce sp=0x00000051c59fa650 mode 0
Event: 6.116 Thread 0x00000179e0bd8000 Uncommon trap: trap_request=0xffffffc6 fr.pc=0x00000179c1f93840 relative=0x0000000000000660
Event: 6.116 Thread 0x00000179e0bd8000 DEOPT PACKING pc=0x00000179c1f93840 sp=0x00000051c59fbec0
Event: 6.116 Thread 0x00000179e0bd8000 DEOPT UNPACKING pc=0x00000179ba1691af sp=0x00000051c59fbe78 mode 2
Event: 6.755 Thread 0x00000179f1ba0800 Thread exited: 0x00000179f1ba0800
Event: 6.860 Thread 0x00000179ec13d800 Thread exited: 0x00000179ec13d800


Dynamic libraries:
0x00007ff644760000 - 0x00007ff6447a7000 	C:\Program Files\Java\jdk-11.0.1\bin\java.exe
0x00007ffe09720000 - 0x00007ffe0990d000 	C:\WINDOWS\SYSTEM32\ntdll.dll
0x00007ffe08070000 - 0x00007ffe08123000 	C:\WINDOWS\System32\KERNEL32.DLL
0x00007ffe05b10000 - 0x00007ffe05da3000 	C:\WINDOWS\System32\KERNELBASE.dll
0x00007ffe086e0000 - 0x00007ffe08783000 	C:\WINDOWS\System32\ADVAPI32.dll
0x00007ffe095f0000 - 0x00007ffe0968e000 	C:\WINDOWS\System32\msvcrt.dll
0x00007ffe07f70000 - 0x00007ffe0800e000 	C:\WINDOWS\System32\sechost.dll
0x00007ffe09380000 - 0x00007ffe094a2000 	C:\WINDOWS\System32\RPCRT4.dll
0x00007ffe08840000 - 0x00007ffe089d7000 	C:\WINDOWS\System32\USER32.dll
0x00007ffe06900000 - 0x00007ffe06920000 	C:\WINDOWS\System32\win32u.dll
0x00007ffe08010000 - 0x00007ffe08039000 	C:\WINDOWS\System32\GDI32.dll
0x00007ffe06760000 - 0x00007ffe068fa000 	C:\WINDOWS\System32\gdi32full.dll
0x00007ffe057f0000 - 0x00007ffe05890000 	C:\WINDOWS\System32\msvcp_win.dll
0x00007ffe05e60000 - 0x00007ffe05f5a000 	C:\WINDOWS\System32\ucrtbase.dll
0x00007ffdf6bc0000 - 0x00007ffdf6e39000 	C:\WINDOWS\WinSxS\amd64_microsoft.windows.common-controls_6595b64144ccf1df_6.0.17763.404_none_05b33d58072110de\COMCTL32.dll
0x00007ffdff620000 - 0x00007ffdff62a000 	C:\WINDOWS\SYSTEM32\VERSION.dll
0x00007ffe08130000 - 0x00007ffe0845c000 	C:\WINDOWS\System32\combase.dll
0x00007ffe05890000 - 0x00007ffe0590e000 	C:\WINDOWS\System32\bcryptPrimitives.dll
0x00007ffe08040000 - 0x00007ffe0806e000 	C:\WINDOWS\System32\IMM32.DLL
0x00007ffe02530000 - 0x00007ffe02546000 	C:\Program Files\Java\jdk-11.0.1\bin\vcruntime140.dll
0x00007ffdec800000 - 0x00007ffdec8aa000 	C:\Program Files\Java\jdk-11.0.1\bin\msvcp140.dll
0x00007ffdab490000 - 0x00007ffdabfd2000 	C:\Program Files\Java\jdk-11.0.1\bin\server\jvm.dll
0x00007ffe096b0000 - 0x00007ffe096b8000 	C:\WINDOWS\System32\PSAPI.DLL
0x00007ffdf7710000 - 0x00007ffdf7734000 	C:\WINDOWS\SYSTEM32\WINMM.dll
0x00007ffdfec00000 - 0x00007ffdfec09000 	C:\WINDOWS\SYSTEM32\WSOCK32.dll
0x00007ffe08590000 - 0x00007ffe085fd000 	C:\WINDOWS\System32\WS2_32.dll
0x00007ffdf76e0000 - 0x00007ffdf770d000 	C:\WINDOWS\SYSTEM32\winmmbase.dll
0x00007ffe06710000 - 0x00007ffe0675a000 	C:\WINDOWS\System32\cfgmgr32.dll
0x00007ffe056f0000 - 0x00007ffe05701000 	C:\WINDOWS\System32\kernel.appcore.dll
0x00007ffdffd50000 - 0x00007ffdffd61000 	C:\Program Files\Java\jdk-11.0.1\bin\verify.dll
0x00007ffdfd630000 - 0x00007ffdfd81d000 	C:\WINDOWS\SYSTEM32\DBGHELP.DLL
0x00007ffdfd600000 - 0x00007ffdfd62a000 	C:\WINDOWS\SYSTEM32\dbgcore.DLL
0x00007ffdffd20000 - 0x00007ffdffd49000 	C:\Program Files\Java\jdk-11.0.1\bin\java.dll
0x00007ffdff8a0000 - 0x00007ffdff8b6000 	C:\Program Files\Java\jdk-11.0.1\bin\zip.dll
0x00007ffe02510000 - 0x00007ffe0251a000 	C:\Program Files\Java\jdk-11.0.1\bin\jimage.dll
0x00007ffe06920000 - 0x00007ffe07e10000 	C:\WINDOWS\System32\SHELL32.dll
0x00007ffe084e0000 - 0x00007ffe08588000 	C:\WINDOWS\System32\shcore.dll
0x00007ffe05fc0000 - 0x00007ffe0670a000 	C:\WINDOWS\System32\windows.storage.dll
0x00007ffe05790000 - 0x00007ffe057b4000 	C:\WINDOWS\System32\profapi.dll
0x00007ffe05730000 - 0x00007ffe0578d000 	C:\WINDOWS\System32\powrprof.dll
0x00007ffe09580000 - 0x00007ffe095d2000 	C:\WINDOWS\System32\shlwapi.dll
0x00007ffe05910000 - 0x00007ffe05927000 	C:\WINDOWS\System32\cryptsp.dll
0x00007ffdfd8f0000 - 0x00007ffdfd909000 	C:\Program Files\Java\jdk-11.0.1\bin\net.dll
0x00007ffdfe170000 - 0x00007ffdfe261000 	C:\WINDOWS\SYSTEM32\WINHTTP.dll
0x00007ffe04f10000 - 0x00007ffe04f77000 	C:\WINDOWS\system32\mswsock.dll
0x00007ffdfd0e0000 - 0x00007ffdfd0f3000 	C:\Program Files\Java\jdk-11.0.1\bin\nio.dll
0x00000179b1d90000 - 0x00000179b1d93000 	C:\Users\Fouad\IdeaProjects\bw\build-resources\javafx-dlls\64-bit\api-ms-win-core-console-l1-1-0.dll
0x00000179b1da0000 - 0x00000179b1da3000 	C:\Users\Fouad\IdeaProjects\bw\build-resources\javafx-dlls\64-bit\api-ms-win-core-datetime-l1-1-0.dll
0x00000179b1db0000 - 0x00000179b1db3000 	C:\Users\Fouad\IdeaProjects\bw\build-resources\javafx-dlls\64-bit\api-ms-win-core-debug-l1-1-0.dll
0x00000179b1dc0000 - 0x00000179b1dc3000 	C:\Users\Fouad\IdeaProjects\bw\build-resources\javafx-dlls\64-bit\api-ms-win-core-errorhandling-l1-1-0.dll
0x00000179b1dd0000 - 0x00000179b1dd4000 	C:\Users\Fouad\IdeaProjects\bw\build-resources\javafx-dlls\64-bit\api-ms-win-core-file-l1-1-0.dll
0x00000179b1de0000 - 0x00000179b1de3000 	C:\Users\Fouad\IdeaProjects\bw\build-resources\javafx-dlls\64-bit\api-ms-win-core-file-l1-2-0.dll
0x00000179e13a0000 - 0x00000179e13a3000 	C:\Users\Fouad\IdeaProjects\bw\build-resources\javafx-dlls\64-bit\api-ms-win-core-file-l2-1-0.dll
0x00000179e13b0000 - 0x00000179e13b3000 	C:\Users\Fouad\IdeaProjects\bw\build-resources\javafx-dlls\64-bit\api-ms-win-core-handle-l1-1-0.dll
0x00000179e13c0000 - 0x00000179e13c3000 	C:\Users\Fouad\IdeaProjects\bw\build-resources\javafx-dlls\64-bit\api-ms-win-core-heap-l1-1-0.dll
0x00000179e13d0000 - 0x00000179e13d3000 	C:\Users\Fouad\IdeaProjects\bw\build-resources\javafx-dlls\64-bit\api-ms-win-core-interlocked-l1-1-0.dll
0x00000179e13e0000 - 0x00000179e13e3000 	C:\Users\Fouad\IdeaProjects\bw\build-resources\javafx-dlls\64-bit\api-ms-win-core-libraryloader-l1-1-0.dll
0x00000179e13f0000 - 0x00000179e13f3000 	C:\Users\Fouad\IdeaProjects\bw\build-resources\javafx-dlls\64-bit\api-ms-win-core-localization-l1-2-0.dll
0x00000179e1400000 - 0x00000179e1403000 	C:\Users\Fouad\IdeaProjects\bw\build-resources\javafx-dlls\64-bit\api-ms-win-core-memory-l1-1-0.dll
0x00000179e1410000 - 0x00000179e1413000 	C:\Users\Fouad\IdeaProjects\bw\build-resources\javafx-dlls\64-bit\api-ms-win-core-namedpipe-l1-1-0.dll
0x00000179e1420000 - 0x00000179e1423000 	C:\Users\Fouad\IdeaProjects\bw\build-resources\javafx-dlls\64-bit\api-ms-win-core-processenvironment-l1-1-0.dll
0x00000179e1430000 - 0x00000179e1433000 	C:\Users\Fouad\IdeaProjects\bw\build-resources\javafx-dlls\64-bit\api-ms-win-core-processthreads-l1-1-0.dll
0x00000179e1440000 - 0x00000179e1443000 	C:\Users\Fouad\IdeaProjects\bw\build-resources\javafx-dlls\64-bit\api-ms-win-core-processthreads-l1-1-1.dll
0x00000179e1450000 - 0x00000179e1453000 	C:\Users\Fouad\IdeaProjects\bw\build-resources\javafx-dlls\64-bit\api-ms-win-core-profile-l1-1-0.dll
0x00000179e1460000 - 0x00000179e1463000 	C:\Users\Fouad\IdeaProjects\bw\build-resources\javafx-dlls\64-bit\api-ms-win-core-rtlsupport-l1-1-0.dll
0x00000179e1470000 - 0x00000179e1473000 	C:\Users\Fouad\IdeaProjects\bw\build-resources\javafx-dlls\64-bit\api-ms-win-core-string-l1-1-0.dll
0x00000179e1480000 - 0x00000179e1483000 	C:\Users\Fouad\IdeaProjects\bw\build-resources\javafx-dlls\64-bit\api-ms-win-core-synch-l1-1-0.dll
0x00000179e1490000 - 0x00000179e1493000 	C:\Users\Fouad\IdeaProjects\bw\build-resources\javafx-dlls\64-bit\api-ms-win-core-synch-l1-2-0.dll
0x00000179e14a0000 - 0x00000179e14a3000 	C:\Users\Fouad\IdeaProjects\bw\build-resources\javafx-dlls\64-bit\api-ms-win-core-sysinfo-l1-1-0.dll
0x00000179e14b0000 - 0x00000179e14b3000 	C:\Users\Fouad\IdeaProjects\bw\build-resources\javafx-dlls\64-bit\api-ms-win-core-timezone-l1-1-0.dll
0x00000179e14c0000 - 0x00000179e14c3000 	C:\Users\Fouad\IdeaProjects\bw\build-resources\javafx-dlls\64-bit\api-ms-win-core-util-l1-1-0.dll
0x00000179e1820000 - 0x00000179e1823000 	C:\Users\Fouad\IdeaProjects\bw\build-resources\javafx-dlls\64-bit\api-ms-win-crt-conio-l1-1-0.dll
0x00000179e1830000 - 0x00000179e1834000 	C:\Users\Fouad\IdeaProjects\bw\build-resources\javafx-dlls\64-bit\api-ms-win-crt-convert-l1-1-0.dll
0x00000179e1840000 - 0x00000179e1843000 	C:\Users\Fouad\IdeaProjects\bw\build-resources\javafx-dlls\64-bit\api-ms-win-crt-environment-l1-1-0.dll
0x00000179e1850000 - 0x00000179e1853000 	C:\Users\Fouad\IdeaProjects\bw\build-resources\javafx-dlls\64-bit\api-ms-win-crt-filesystem-l1-1-0.dll
0x00000179e2830000 - 0x00000179e2833000 	C:\Users\Fouad\IdeaProjects\bw\build-resources\javafx-dlls\64-bit\api-ms-win-crt-heap-l1-1-0.dll
0x00000179e2840000 - 0x00000179e2843000 	C:\Users\Fouad\IdeaProjects\bw\build-resources\javafx-dlls\64-bit\api-ms-win-crt-locale-l1-1-0.dll
0x00000179e2850000 - 0x00000179e2855000 	C:\Users\Fouad\IdeaProjects\bw\build-resources\javafx-dlls\64-bit\api-ms-win-crt-math-l1-1-0.dll
0x00000179e2860000 - 0x00000179e2865000 	C:\Users\Fouad\IdeaProjects\bw\build-resources\javafx-dlls\64-bit\api-ms-win-crt-multibyte-l1-1-0.dll
0x00000179e2870000 - 0x00000179e2880000 	C:\Users\Fouad\IdeaProjects\bw\build-resources\javafx-dlls\64-bit\api-ms-win-crt-private-l1-1-0.dll
0x00000179e2880000 - 0x00000179e2883000 	C:\Users\Fouad\IdeaProjects\bw\build-resources\javafx-dlls\64-bit\api-ms-win-crt-process-l1-1-0.dll
0x00000179e2ad0000 - 0x00000179e2ad4000 	C:\Users\Fouad\IdeaProjects\bw\build-resources\javafx-dlls\64-bit\api-ms-win-crt-runtime-l1-1-0.dll
0x00000179e2ae0000 - 0x00000179e2ae4000 	C:\Users\Fouad\IdeaProjects\bw\build-resources\javafx-dlls\64-bit\api-ms-win-crt-stdio-l1-1-0.dll
0x00000179e14d0000 - 0x00000179e14d4000 	C:\Users\Fouad\IdeaProjects\bw\build-resources\javafx-dlls\64-bit\api-ms-win-crt-string-l1-1-0.dll
0x00000179e14e0000 - 0x00000179e14e3000 	C:\Users\Fouad\IdeaProjects\bw\build-resources\javafx-dlls\64-bit\api-ms-win-crt-time-l1-1-0.dll
0x00000179e14f0000 - 0x00000179e14f3000 	C:\Users\Fouad\IdeaProjects\bw\build-resources\javafx-dlls\64-bit\api-ms-win-crt-utility-l1-1-0.dll
0x00007ffdd28a0000 - 0x00007ffdd299a000 	C:\Users\Fouad\IdeaProjects\bw\build-resources\javafx-dlls\64-bit\ucrtbase.dll
0x00007ffe02130000 - 0x00007ffe02146000 	C:\Users\Fouad\IdeaProjects\bw\build-resources\javafx-dlls\64-bit\vcruntime140.dll
0x00007ffde9690000 - 0x00007ffde9736000 	C:\Users\Fouad\IdeaProjects\bw\build-resources\javafx-dlls\64-bit\msvcp140.dll
0x00007ffdea6a0000 - 0x00007ffdea6f1000 	C:\Users\Fouad\IdeaProjects\bw\build-resources\javafx-dlls\64-bit-extra\concrt140.dll
0x00007ffdf9540000 - 0x00007ffdf9563000 	C:\Users\Fouad\IdeaProjects\bw\build-resources\javafx-dlls\64-bit\prism_d3d.dll
0x00007ffdf5090000 - 0x00007ffdf522e000 	C:\WINDOWS\system32\d3d9.dll
0x00007ffe04140000 - 0x00007ffe0416e000 	C:\WINDOWS\SYSTEM32\dwmapi.dll
0x00007ffe05930000 - 0x00007ffe05b0b000 	C:\WINDOWS\System32\CRYPT32.dll
0x00007ffe05710000 - 0x00007ffe05722000 	C:\WINDOWS\System32\MSASN1.dll
0x00007ffe03d30000 - 0x00007ffe03dcc000 	C:\WINDOWS\system32\uxtheme.dll
0x00007ffdf15a0000 - 0x00007ffdf168a000 	C:\WINDOWS\System32\DriverStore\FileRepository\nv_ref_pubwu.inf_amd64_b7e5dd1387001335\nvldumdx.dll
0x00007ffe05f60000 - 0x00007ffe05fb9000 	C:\WINDOWS\System32\WINTRUST.DLL
0x00007ffe09690000 - 0x00007ffe096ad000 	C:\WINDOWS\System32\imagehlp.dll
0x00007ffe04ad0000 - 0x00007ffe04b03000 	C:\WINDOWS\system32\rsaenh.dll
0x00007ffe057c0000 - 0x00007ffe057e6000 	C:\WINDOWS\System32\bcrypt.dll
0x00007ffe050e0000 - 0x00007ffe050ec000 	C:\WINDOWS\SYSTEM32\CRYPTBASE.dll
0x00007ffdca5b0000 - 0x00007ffdcb786000 	C:\WINDOWS\System32\DriverStore\FileRepository\nv_ref_pubwu.inf_amd64_b7e5dd1387001335\nvd3dumx.dll
0x00007ffdec6e0000 - 0x00007ffdec725000 	C:\Users\Fouad\IdeaProjects\bw\build-resources\javafx-dlls\64-bit\glass.dll
0x00007ffe089e0000 - 0x00007ffe08b07000 	C:\WINDOWS\System32\COMDLG32.dll
0x00007ffe07e10000 - 0x00007ffe07f65000 	C:\WINDOWS\System32\ole32.dll
0x00007ffe094b0000 - 0x00007ffe09574000 	C:\WINDOWS\System32\OLEAUT32.dll
0x00007ffe09210000 - 0x00007ffe0937a000 	C:\WINDOWS\System32\MSCTF.dll
0x00007ffe024f0000 - 0x00007ffe024f9000 	C:\Program Files\Java\jdk-11.0.1\bin\prefs.dll
0x00007ffdfef20000 - 0x00007ffdfef34000 	C:\Users\Fouad\IdeaProjects\bw\build-resources\javafx-dlls\64-bit\javafx_font.dll
0x00007ffdee3a0000 - 0x00007ffdee69f000 	C:\WINDOWS\SYSTEM32\dwrite.dll
0x00007ffe08790000 - 0x00007ffe08832000 	C:\WINDOWS\System32\clbcatq.dll
0x00007ffdf1ff0000 - 0x00007ffdf21a8000 	C:\WINDOWS\SYSTEM32\WindowsCodecs.dll
0x00007ffde51f0000 - 0x00007ffde5246000 	C:\WINDOWS\system32\dataexchange.dll
0x00007ffe021e0000 - 0x00007ffe0245e000 	C:\WINDOWS\system32\d3d11.dll
0x00007ffe02f80000 - 0x00007ffe03143000 	C:\WINDOWS\system32\dcomp.dll
0x00007ffe04600000 - 0x00007ffe046c2000 	C:\WINDOWS\system32\dxgi.dll
0x00007ffe03e00000 - 0x00007ffe0400d000 	C:\WINDOWS\system32\twinapi.appcore.dll
0x00007ffe04010000 - 0x00007ffe04038000 	C:\WINDOWS\system32\RMCLIENT.dll
0x00007ffde9540000 - 0x00007ffde9573000 	C:\Program Files\Common Files\Microsoft Shared\Ink\rtscom.dll
0x00007ffdf5ab0000 - 0x00007ffdf5b45000 	C:\WINDOWS\System32\TextInputFramework.dll
0x00007ffdf55b0000 - 0x00007ffdf58d2000 	C:\WINDOWS\System32\CoreUIComponents.dll
0x00007ffe03180000 - 0x00007ffe03262000 	C:\WINDOWS\System32\CoreMessaging.dll
0x00007ffe04780000 - 0x00007ffe047b1000 	C:\WINDOWS\SYSTEM32\ntmarta.dll
0x00007ffe01380000 - 0x00007ffe014d3000 	C:\WINDOWS\SYSTEM32\wintypes.dll
0x00007ffdf5c00000 - 0x00007ffdf5c2c000 	C:\Users\Fouad\IdeaProjects\bw\build-resources\javafx-dlls\64-bit\javafx_iio.dll
0x00007ffde98d0000 - 0x00007ffde98f7000 	C:\Program Files\Java\jdk-11.0.1\bin\sunec.dll
0x00007ffe055f0000 - 0x00007ffe05618000 	C:\WINDOWS\SYSTEM32\USERENV.dll

dbghelp: loaded successfully - version: 4.0.5 - missing functions: none
symbol engine: initialized successfully - sym options: 0x614 - pdb path: .;C:\Program Files\Java\jdk-11.0.1\bin;C:\WINDOWS\SYSTEM32;C:\WINDOWS\WinSxS\amd64_microsoft.windows.common-controls_6595b64144ccf1df_6.0.17763.404_none_05b33d58072110de;C:\Program Files\Java\jdk-11.0.1\bin\server;C:\Users\Fouad\IdeaProjects\bw\build-resources\javafx-dlls\64-bit;C:\Users\Fouad\IdeaProjects\bw\build-resources\javafx-dlls\64-bit-extra;C:\WINDOWS\System32\DriverStore\FileRepository\nv_ref_pubwu.inf_amd64_b7e5dd1387001335;C:\Program Files\Common Files\Microsoft Shared\Ink

VM Arguments:
jvm_args: -Djava.library.path=../build-resources/javafx-dlls/64-bit;../build-resources/javafx-dlls/64-bit-extra -Djavafx.preloader=sa.gov.nic.bio.bw.preloader.AppPreloader --module-path=C:\Users\Fouad\IdeaProjects\bw\bw.launcher\build\classes\java\main;C:\Users\Fouad\IdeaProjects\bw\bw.login\build\libs\bw.login-2019.04.1.jar;C:\Users\Fouad\IdeaProjects\bw\bw.home\build\libs\bw.home-2019.04.1.jar;C:\Users\Fouad\IdeaProjects\bw\bw.workflow.cancelcriminal\build\libs\bw.workflow.cancelcriminal-2019.04.1.jar;C:\Users\Fouad\IdeaProjects\bw\bw.workflow.cancellatent\build\libs\bw.workflow.cancellatent-2019.04.1.jar;C:\Users\Fouad\IdeaProjects\bw\bw.workflow.citizenenrollment\build\libs\bw.workflow.citizenenrollment-2019.04.1.jar;C:\Users\Fouad\IdeaProjects\bw\bw.workflow.registerconvictednotpresent\build\libs\bw.workflow.registerconvictednotpresent-2019.04.1.jar;C:\Users\Fouad\IdeaProjects\bw\bw.workflow.civilcriminalfingerprintsinquiry\build\libs\bw.workflow.civilcriminalfingerprintsinquiry-2019.04.1.jar;C:\Users\Fouad\IdeaProjects\bw\bw.workflow.convictedreportinquirybysearchcriteria\build\libs\bw.workflow.convictedreportinquirybysearchcriteria-2019.04.1.jar;C:\Users\Fouad\IdeaProjects\bw\bw.workflow.deletecompletecriminalrecord\build\libs\bw.workflow.deletecompletecriminalrecord-2019.04.1.jar;C:\Users\Fouad\IdeaProjects\bw\bw.workflow.editconvictedreport\build\libs\bw.workflow.editconvictedreport-2019.04.1.jar;C:\Users\Fouad\IdeaProjects\bw\bw.workflow.deleteconvictedreport\build\libs\bw.workflow.deleteconvictedreport-2019.04.1.jar;C:\Users\Fouad\IdeaProjects\bw\bw.workflow.scfaceverification\build\libs\bw.workflow.scfaceverification-2019.04.1.jar;C:\Users\Fouad\IdeaProjects\bw\bw.workflow.faceverification\build\libs\bw.workflow.faceverification-2019.04.1.jar;C:\Users\Fouad\IdeaProjects\bw\bw.workflow.printdeadpersonrecord\build\libs\bw.workflow.printdeadpersonrecord-2019.04.1.jar;C:\Users\Fouad\IdeaProjects\bw\bw.workflow.registerconvictedpresent\build\libs\bw.workflow.registerconvictedpresent-2019.04.1.jar;C:\Users\Fouad\IdeaProjects\bw\bw.workflow.searchbyfaceimage\build\libs\bw.workflow.searchbyfaceimage-2019.04.1.jar;C:\Users\Fouad\I--add-modules=ALL-MODULE-PATH --add-opens=javafx.base/com.sun.javafx.runtime=controlsfx --add-opens=javafx.graphics/com.sun.javafx.css=controlsfx --add-opens=javafx.graphics/com.sun.javafx.scene=controlsfx --add-opens=javafx.graphics/com.sun.javafx.scene.traversal=controlsfx --add-opens=javafx.controls/com.sun.javafx.scene.control=controlsfx --add-opens=javafx.controls/com.sun.javafx.scene.control.behavior=controlsfx --add-opens=javafx.controls/javafx.scene.control.skin=controlsfx --add-opens=javafx.graphics/javafx.scene=controlsfx --add-opens=java.base/java.util=org.apache.commons.lang3 --add-opens=java.base/java.lang=org.apache.commons.lang3 --add-opens=java.base/java.time=org.apache.commons.lang3 --add-opens=java.desktop/java.awt=org.apache.commons.lang3 --add-opens=java.base/java.time.chrono=bw.core --add-opens=javafx.controls/javafx.scene.control.skin=bw.core --add-opens=javafx.controls/com.sun.javafx.scene.control=org.scenicview.scenicview -Djdk.module.main=bw.launcher 
java_command: bw.launcher/sa.gov.nic.bio.bw.AppLauncher -Dfile.encoding=windows-1256 -Duser.country=US -Duser.language=en -Duser.variant sa.gov.nic.bio.bw.AppLauncher
java_class_path (initial): <not set>
Launcher Type: SUN_STANDARD

[Global flags]
     intx CICompilerCount                          = 4                                         {product} {ergonomic}
     uint ConcGCThreads                            = 2                                         {product} {ergonomic}
     uint G1ConcRefinementThreads                  = 8                                         {product} {ergonomic}
   size_t G1HeapRegionSize                         = 2097152                                   {product} {ergonomic}
    uintx GCDrainStackTargetSize                   = 64                                        {product} {ergonomic}
   size_t InitialHeapSize                          = 534773760                                 {product} {ergonomic}
   size_t MarkStackSize                            = 4194304                                   {product} {ergonomic}
   size_t MaxHeapSize                              = 8556380160                                {product} {ergonomic}
   size_t MaxNewSize                               = 5133828096                                {product} {ergonomic}
   size_t MinHeapDeltaBytes                        = 2097152                                   {product} {ergonomic}
    uintx NonNMethodCodeHeapSize                   = 5835340                                {pd product} {ergonomic}
    uintx NonProfiledCodeHeapSize                  = 122911450                              {pd product} {ergonomic}
    uintx ProfiledCodeHeapSize                     = 122911450                              {pd product} {ergonomic}
    uintx ReservedCodeCacheSize                    = 251658240                              {pd product} {ergonomic}
     bool SegmentedCodeCache                       = true                                      {product} {ergonomic}
     bool UseCompressedClassPointers               = true                                 {lp64_product} {ergonomic}
     bool UseCompressedOops                        = true                                 {lp64_product} {ergonomic}
     bool UseG1GC                                  = true                                      {product} {ergonomic}
     bool UseLargePagesIndividualAllocation        = false                                  {pd product} {ergonomic}

Logging:
Log output configuration:
 #0: stdout all=warning uptime,level,tags
 #1: stderr all=off uptime,level,tags

Environment Variables:
JAVA_HOME=C:\Program Files\Java\jdk-11.0.1
PATH=C:\Program Files (x86)\Common Files\Oracle\Java\javapath;C:\Program Files\Microsoft MPI\Bin\;C:\WINDOWS\system32;C:\WINDOWS;C:\WINDOWS\System32\Wbem;C:\WINDOWS\System32\WindowsPowerShell\v1.0\;C:\Program Files\Java\jdk-11.0.1\bin;D:\dev\java\tools\apache-maven-3.6.0\bin;D:\dev\java\tools\apache-ant-1.10.5\bin;C:\Program Files\Microsoft SQL Server\130\Tools\Binn\;C:\Program Files\dotnet\;C:\Program Files (x86)\GtkSharp\2.12\bin;C:\Program Files (x86)\Microsoft Emulator Manager\1.0\;D:\dev\java\tools\gradle-5.2.1\bin;D:\dev\tools\nginx-1.12.0;C:\Program Files\nodejs\;C:\Program Files (x86)\Crossmatch\L Scan Essentials\;C:\Program Files\Crossmatch\L Scan Essentials\;C:\Program Files (x86)\Xoreax\IncrediBuild;C:\WINDOWS\System32\OpenSSH\;D:\dev\tools\cmder;C:\Program Files\Git\cmd;C:\Program Files (x86)\Gpg4win\..\GnuPG\bin;C:\Program Files\CMake\bin;C:\Users\Fouad\AppData\Local\Microsoft\WindowsApps;;C:\Users\Fouad\AppData\Roaming\npm;C:\Program Files\Docker Toolbox
USERNAME=Fouad
OS=Windows_NT
PROCESSOR_IDENTIFIER=Intel64 Family 6 Model 94 Stepping 3, GenuineIntel



---------------  S Y S T E M  ---------------

OS: Windows 10 , 64 bit Build 17763 (10.0.17763.404)

CPU:total 8 (initial active 8) (4 cores per cpu, 2 threads per core) family 6 model 94 stepping 3, cmov, cx8, fxsr, mmx, sse, sse2, sse3, ssse3, sse4.1, sse4.2, popcnt, avx, avx2, aes, clmul, erms, rtm, 3dnowpref, lzcnt, ht, tsc, tscinvbit, bmi1, bmi2, adx, fma

Memory: 4k page, system-wide physical 32634M (17044M free)
TotalPageFile size 37498M (AvailPageFile size 17984M)
current process WorkingSet (physical memory assigned to process): 462M, peak: 474M
current process commit charge ("private bytes"): 806M, peak: 820M

vm_info: Java HotSpot(TM) 64-Bit Server VM (11.0.1+13-LTS) for windows-amd64 JRE (11.0.1+13-LTS), built on Oct  6 2018 13:20:16 by "mach5one" with MS VC++ 15.5 (VS2017)

END.
