#
# A fatal error has been detected by the Java Runtime Environment:
#
#  EXCEPTION_ACCESS_VIOLATION (0xc0000005) at pc=0x00007ffe094bb6d3, pid=22212, tid=2156
#
# JRE version: Java(TM) SE Runtime Environment (11.0.1+13) (build 11.0.1+13-LTS)
# Java VM: Java HotSpot(TM) 64-Bit Server VM (11.0.1+13-LTS, mixed mode, tiered, compressed oops, g1 gc, windows-amd64)
# Problematic frame:
# C  [OLEAUT32.dll+0xb6d3]
#
# No core dump will be written. Minidumps are not enabled by default on client versions of Windows
#
# If you would like to submit a bug report, please visit:
#   http://bugreport.java.com/bugreport/crash.jsp
# The crash happened outside the Java Virtual Machine in native code.
# See problematic frame for where to report the bug.
#

---------------  S U M M A R Y ------------

Command Line: -Djava.library.path=../build-resources/javafx-dlls/64-bit;../build-resources/javafx-dlls/64-bit-extra -Djavafx.preloader=sa.gov.nic.bio.bw.preloader.AppPreloader --module-path=C:\Users\Fouad\IdeaProjects\bw\bw.launcher\build\classes\java\main;C:\Users\Fouad\IdeaProjects\bw\bw.login\build\libs\bw.login-2019.04.1.jar;C:\Users\Fouad\IdeaProjects\bw\bw.home\build\libs\bw.home-2019.04.1.jar;C:\Users\Fouad\IdeaProjects\bw\bw.workflow.cancelcriminal\build\libs\bw.workflow.cancelcriminal-2019.04.1.jar;C:\Users\Fouad\IdeaProjects\bw\bw.workflow.cancellatent\build\libs\bw.workflow.cancellatent-2019.04.1.jar;C:\Users\Fouad\IdeaProjects\bw\bw.workflow.citizenenrollment\build\libs\bw.workflow.citizenenrollment-2019.04.1.jar;C:\Users\Fouad\IdeaProjects\bw\bw.workflow.registerconvictednotpresent\build\libs\bw.workflow.registerconvictednotpresent-2019.04.1.jar;C:\Users\Fouad\IdeaProjects\bw\bw.workflow.civilcriminalfingerprintsinquiry\build\libs\bw.workflow.civilcriminalfingerprintsinquiry-2019.04.1.jar;C:\Users\Fouad\IdeaProjects\bw\bw.workflow.convictedreportinquirybysearchcriteria\build\libs\bw.workflow.convictedreportinquirybysearchcriteria-2019.04.1.jar;C:\Users\Fouad\IdeaProjects\bw\bw.workflow.deletecompletecriminalrecord\build\libs\bw.workflow.deletecompletecriminalrecord-2019.04.1.jar;C:\Users\Fouad\IdeaProjects\bw\bw.workflow.editconvictedreport\build\libs\bw.workflow.editconvictedreport-2019.04.1.jar;C:\Users\Fouad\IdeaProjects\bw\bw.workflow.deleteconvictedreport\build\libs\bw.workflow.deleteconvictedreport-2019.04.1.jar;C:\Users\Fouad\IdeaProjects\bw\bw.workflow.scfaceverification\build\libs\bw.workflow.scfaceverification-2019.04.1.jar;C:\Users\Fouad\IdeaProjects\bw\bw.workflow.faceverification\build\libs\bw.workflow.faceverification-2019.04.1.jar;C:\Users\Fouad\IdeaProjects\bw\bw.workflow.printdeadpersonrecord\build\libs\bw.workflow.printdeadpersonrecord-2019.04.1.jar;C:\Users\Fouad\IdeaProjects\bw\bw.workflow.registerconvictedpresent\build\libs\bw.workflow.registerconvictedpresent-2019.04.1.jar;C:\Users\Fouad\IdeaProjects\bw\bw.workflow.searchbyfaceimage\build\libs\bw.workflow.searchbyfaceimage-2019.04.1.jar;C:\Users\Fouad\I--add-modules=ALL-MODULE-PATH --add-opens=javafx.base/com.sun.javafx.runtime=controlsfx --add-opens=javafx.graphics/com.sun.javafx.css=controlsfx --add-opens=javafx.graphics/com.sun.javafx.scene=controlsfx --add-opens=javafx.graphics/com.sun.javafx.scene.traversal=controlsfx --add-opens=javafx.controls/com.sun.javafx.scene.control=controlsfx --add-opens=javafx.controls/com.sun.javafx.scene.control.behavior=controlsfx --add-opens=javafx.controls/javafx.scene.control.skin=controlsfx --add-opens=javafx.graphics/javafx.scene=controlsfx --add-opens=java.base/java.util=org.apache.commons.lang3 --add-opens=java.base/java.lang=org.apache.commons.lang3 --add-opens=java.base/java.time=org.apache.commons.lang3 --add-opens=java.desktop/java.awt=org.apache.commons.lang3 --add-opens=java.base/java.time.chrono=bw.core --add-opens=javafx.controls/javafx.scene.control.skin=bw.core --add-opens=javafx.controls/com.sun.javafx.scene.control=org.scenicview.scenicview -Djdk.module.main=bw.launcher bw.launcher/sa.gov.nic.bio.bw.AppLauncher -Dfile.encoding=windows-1256 -Duser.country=US -Duser.language=en -Duser.variant sa.gov.nic.bio.bw.AppLauncher

Host: Intel(R) Xeon(R) CPU E3-1270 v5 @ 3.60GHz, 8 cores, 31G,  Windows 10 , 64 bit Build 17763 (10.0.17763.404)
Time: Tue Apr  9 18:24:15 2019 Arab Standard Time elapsed time: 8 seconds (0d 0h 0m 8s)

---------------  T H R E A D  ---------------

Current thread (0x00000222e9ff5800):  JavaThread "JavaFX Application Thread" [_thread_in_native, id=2156, stack(0x000000e505e00000,0x000000e505f00000)]

Stack: [0x000000e505e00000,0x000000e505f00000],  sp=0x000000e505efaff0,  free space=1003k
Native frames: (J=compiled Java code, j=interpreted, Vv=VM code, C=native code)
C  [OLEAUT32.dll+0xb6d3]

Java frames: (J=compiled Java code, j=interpreted, Vv=VM code)
j  com.sun.glass.ui.win.WinSystemClipboard.popMimesFromSystem()[Ljava/lang/String;+0 javafx.graphics
j  com.sun.glass.ui.win.WinSystemClipboard.mimesFromSystem()[Ljava/lang/String;+10 javafx.graphics
j  com.sun.glass.ui.SystemClipboard.getMimeTypes()[Ljava/lang/String;+16 javafx.graphics
j  com.sun.glass.ui.ClipboardAssistance.getMimeTypes()[Ljava/lang/String;+7 javafx.graphics
j  com.sun.javafx.tk.quantum.QuantumClipboard.hasContent(Ljavafx/scene/input/DataFormat;)Z+69 javafx.graphics
j  javafx.scene.input.Clipboard.hasContent(Ljavafx/scene/input/DataFormat;)Z+11 javafx.graphics
j  javafx.scene.input.Clipboard.hasString()Z+4 javafx.graphics
j  javafx.scene.control.TextInputControl.paste()V+5 javafx.controls
j  com.sun.javafx.scene.control.behavior.TextInputControlBehavior.paste()V+12 javafx.controls
j  com.sun.javafx.scene.control.behavior.TextInputControlBehavior.lambda$new$20(Ljavafx/scene/input/KeyEvent;)V+1 javafx.controls
j  com.sun.javafx.scene.control.behavior.TextInputControlBehavior$$Lambda$911.handle(Ljavafx/event/Event;)V+8 javafx.controls
j  com.sun.javafx.scene.control.behavior.TextInputControlBehavior.lambda$keyMapping$62(Ljavafx/event/EventHandler;Ljavafx/scene/input/KeyEvent;)V+7 javafx.controls
j  com.sun.javafx.scene.control.behavior.TextInputControlBehavior$$Lambda$894.handle(Ljavafx/event/Event;)V+12 javafx.controls
j  com.sun.javafx.scene.control.inputmap.InputMap.handle(Ljavafx/event/Event;)V+61 javafx.controls
j  com.sun.javafx.scene.control.inputmap.InputMap$$Lambda$369.handle(Ljavafx/event/Event;)V+5 javafx.controls
j  com.sun.javafx.event.CompositeEventHandler$NormalEventHandlerRecord.handleBubblingEvent(Ljavafx/event/Event;)V+5 javafx.base
j  com.sun.javafx.event.CompositeEventHandler.dispatchBubblingEvent(Ljavafx/event/Event;)V+28 javafx.base
J 3512 c1 com.sun.javafx.event.EventHandlerManager.dispatchBubblingEvent(Ljavafx/event/EventType;Ljavafx/event/Event;)Ljavafx/event/Event; javafx.base (34 bytes) @ 0x00000222c366476c [0x00000222c3664220+0x000000000000054c]
j  com.sun.javafx.event.EventHandlerManager.dispatchBubblingEvent(Ljavafx/event/Event;)Ljavafx/event/Event;+8 javafx.base
j  com.sun.javafx.event.CompositeEventDispatcher.dispatchBubblingEvent(Ljavafx/event/Event;)Ljavafx/event/Event;+11 javafx.base
J 5939 c1 com.sun.javafx.event.BasicEventDispatcher.dispatchEvent(Ljavafx/event/Event;Ljavafx/event/EventDispatchChain;)Ljavafx/event/Event; javafx.base (44 bytes) @ 0x00000222c3ca205c [0x00000222c3ca1d00+0x000000000000035c]
J 3623 c1 com.sun.javafx.event.EventDispatchChainImpl.dispatchEvent(Ljavafx/event/Event;)Ljavafx/event/Event; javafx.base (101 bytes) @ 0x00000222c36b9524 [0x00000222c36b9360+0x00000000000001c4]
J 5939 c1 com.sun.javafx.event.BasicEventDispatcher.dispatchEvent(Ljavafx/event/Event;Ljavafx/event/EventDispatchChain;)Ljavafx/event/Event; javafx.base (44 bytes) @ 0x00000222c3ca1f6c [0x00000222c3ca1d00+0x000000000000026c]
J 3623 c1 com.sun.javafx.event.EventDispatchChainImpl.dispatchEvent(Ljavafx/event/Event;)Ljavafx/event/Event; javafx.base (101 bytes) @ 0x00000222c36b9524 [0x00000222c36b9360+0x00000000000001c4]
J 5939 c1 com.sun.javafx.event.BasicEventDispatcher.dispatchEvent(Ljavafx/event/Event;Ljavafx/event/EventDispatchChain;)Ljavafx/event/Event; javafx.base (44 bytes) @ 0x00000222c3ca1f6c [0x00000222c3ca1d00+0x000000000000026c]
J 3623 c1 com.sun.javafx.event.EventDispatchChainImpl.dispatchEvent(Ljavafx/event/Event;)Ljavafx/event/Event; javafx.base (101 bytes) @ 0x00000222c36b9524 [0x00000222c36b9360+0x00000000000001c4]
J 5939 c1 com.sun.javafx.event.BasicEventDispatcher.dispatchEvent(Ljavafx/event/Event;Ljavafx/event/EventDispatchChain;)Ljavafx/event/Event; javafx.base (44 bytes) @ 0x00000222c3ca1f6c [0x00000222c3ca1d00+0x000000000000026c]
J 3623 c1 com.sun.javafx.event.EventDispatchChainImpl.dispatchEvent(Ljavafx/event/Event;)Ljavafx/event/Event; javafx.base (101 bytes) @ 0x00000222c36b9524 [0x00000222c36b9360+0x00000000000001c4]
J 5939 c1 com.sun.javafx.event.BasicEventDispatcher.dispatchEvent(Ljavafx/event/Event;Ljavafx/event/EventDispatchChain;)Ljavafx/event/Event; javafx.base (44 bytes) @ 0x00000222c3ca1f6c [0x00000222c3ca1d00+0x000000000000026c]
J 3623 c1 com.sun.javafx.event.EventDispatchChainImpl.dispatchEvent(Ljavafx/event/Event;)Ljavafx/event/Event; javafx.base (101 bytes) @ 0x00000222c36b9524 [0x00000222c36b9360+0x00000000000001c4]
J 5939 c1 com.sun.javafx.event.BasicEventDispatcher.dispatchEvent(Ljavafx/event/Event;Ljavafx/event/EventDispatchChain;)Ljavafx/event/Event; javafx.base (44 bytes) @ 0x00000222c3ca1f6c [0x00000222c3ca1d00+0x000000000000026c]
J 3623 c1 com.sun.javafx.event.EventDispatchChainImpl.dispatchEvent(Ljavafx/event/Event;)Ljavafx/event/Event; javafx.base (101 bytes) @ 0x00000222c36b9524 [0x00000222c36b9360+0x00000000000001c4]
j  com.sun.javafx.event.EventUtil.fireEventImpl(Ljavafx/event/EventDispatchChain;Ljavafx/event/EventTarget;Ljavafx/event/Event;)Ljavafx/event/Event;+10 javafx.base
j  com.sun.javafx.event.EventUtil.fireEvent(Ljavafx/event/EventTarget;Ljavafx/event/Event;)Ljavafx/event/Event;+46 javafx.base
j  javafx.event.Event.fireEvent(Ljavafx/event/EventTarget;Ljavafx/event/Event;)V+30 javafx.base
j  javafx.scene.Scene$KeyHandler.process(Ljavafx/scene/input/KeyEvent;)V+34 javafx.graphics
j  javafx.scene.Scene.processKeyEvent(Ljavafx/scene/input/KeyEvent;)V+28 javafx.graphics
j  javafx.scene.Scene$ScenePeerListener.keyEvent(Ljavafx/scene/input/KeyEvent;)V+5 javafx.graphics
j  com.sun.javafx.tk.quantum.GlassViewEventHandler$KeyEventNotification.run()Ljava/lang/Void;+357 javafx.graphics
j  com.sun.javafx.tk.quantum.GlassViewEventHandler$KeyEventNotification.run()Ljava/lang/Object;+1 javafx.graphics
v  ~StubRoutines::call_stub
J 3041  java.security.AccessController.doPrivileged(Ljava/security/PrivilegedAction;Ljava/security/AccessControlContext;)Ljava/lang/Object; java.base@11.0.1 (0 bytes) @ 0x00000222ca68e5b6 [0x00000222ca68e540+0x0000000000000076]
j  com.sun.javafx.tk.quantum.GlassViewEventHandler.lambda$handleKeyEvent$1()Ljava/lang/Void;+11 javafx.graphics
j  com.sun.javafx.tk.quantum.GlassViewEventHandler$$Lambda$575.get()Ljava/lang/Object;+4 javafx.graphics
j  com.sun.javafx.tk.quantum.QuantumToolkit.runWithoutRenderLock(Ljava/util/function/Supplier;)Ljava/lang/Object;+18 javafx.graphics
j  com.sun.javafx.tk.quantum.GlassViewEventHandler.handleKeyEvent(Lcom/sun/glass/ui/View;JII[CI)V+58 javafx.graphics
j  com.sun.glass.ui.View.handleKeyEvent(JII[CI)V+20 javafx.graphics
j  com.sun.glass.ui.View.notifyKey(II[CI)V+9 javafx.graphics
v  ~StubRoutines::call_stub
j  com.sun.glass.ui.win.WinApplication._runLoop(Ljava/lang/Runnable;)V+0 javafx.graphics
j  com.sun.glass.ui.win.WinApplication.lambda$runLoop$3(ILjava/lang/Runnable;)V+8 javafx.graphics
j  com.sun.glass.ui.win.WinApplication$$Lambda$106.run()V+12 javafx.graphics
j  java.lang.Thread.run()V+11 java.base@11.0.1
v  ~StubRoutines::call_stub

siginfo: EXCEPTION_ACCESS_VIOLATION (0xc0000005), reading address 0x00000222f583b02c


Register to memory mapping:

RIP=0x00007ffe094bb6d3 OLEAUT32.dll
RAX=0x00000222eb399f20 points into unknown readable memory
RBX=0x0 is NULL
RCX=0x00000222f583b02c is an unknown value
RDX=0x00000000000003f9 is an unknown value
RSP=0x000000e505efaff0 is pointing into the stack for thread: 0x00000222e9ff5800
RBP=0x0 is NULL
RSI=0x00000222f583b02c is an unknown value
RDI=0x00000222f583b02c is an unknown value
R8 =0x000000000000002c is an unknown value
R9 =0x0000000000000172 is an unknown value
R10=0x00000222eb397010 points into unknown readable memory
R11=0x0 is NULL
R12=0x0 is NULL
R13=0x000000000000024a is an unknown value
R14=0x0 is NULL
R15=0x0 is NULL


Registers:
RAX=0x00000222eb399f20, RBX=0x0000000000000000, RCX=0x00000222f583b02c, RDX=0x00000000000003f9
RSP=0x000000e505efaff0, RBP=0x0000000000000000, RSI=0x00000222f583b02c, RDI=0x00000222f583b02c
R8 =0x000000000000002c, R9 =0x0000000000000172, R10=0x00000222eb397010, R11=0x0000000000000000
R12=0x0000000000000000, R13=0x000000000000024a, R14=0x0000000000000000, R15=0x0000000000000000
RIP=0x00007ffe094bb6d3, EFLAGS=0x0000000000010256

Top of Stack: (sp=0x000000e505efaff0)
0x000000e505efaff0:   0000000000000018 000000000000024a
0x000000e505efb000:   0000000000000000 0000000000000020
0x000000e505efb010:   000000e505efb1b0 00007ffdec6e1e8e
0x000000e505efb020:   00000222eb399f20 0000000000000000
0x000000e505efb030:   00000222eb399f20 0000000000000000
0x000000e505efb040:   fffffffffffffffe 0000000000000000
0x000000e505efb050:   0000000000000020 00007ffdec6f0a68
0x000000e505efb060:   00000222eb399f20 00000222f57e64c0
0x000000e505efb070:   00000222eb399f20 00000222f57e64c0
0x000000e505efb080:   00000000e9665820 0000022200000000
0x000000e505efb090:   00000222f5c48e10 00000222eb3999c0
0x000000e505efb0a0:   000002220000024a 0000000000000000
0x000000e505efb0b0:   00000222f57e64c0 0000000000000000
0x000000e505efb0c0:   00000222eb399f20 00000222eb399f60
0x000000e505efb0d0:   00000222eb3998e0 0000000000000000
0x000000e505efb0e0:   3f80000000000020 00000222f5c48510 

Instructions: (pc=0x00007ffe094bb6d3)
0x00007ffe094bb6b3:   89 5c 24 30 48 c7 c3 ff ff ff ff 48 89 6c 24 38
0x00007ffe094bb6c3:   4c 89 74 24 48 0f 1f 84 00 00 00 00 00 48 ff c3
0x00007ffe094bb6d3:   66 83 3c 59 00 75 f6 8b c3 48 89 74 24 40 4c 8d
0x00007ffe094bb6e3:   34 00 b8 ff ff ff ff 4c 3b f0 0f 87 93 00 00 00 



---------------  P R O C E S S  ---------------

Threads class SMR info:
_java_thread_list=0x00000222f5b8d5a0, length=22, elements={
0x00000222b8f62800, 0x00000222e885f800, 0x00000222e8860800, 0x00000222e88e5800,
0x00000222e88e6800, 0x00000222e88e9000, 0x00000222e88ee000, 0x00000222e88fc800,
0x00000222e8a26000, 0x00000222e9477800, 0x00000222e9b70000, 0x00000222eab1c000,
0x00000222e9ff5800, 0x00000222e8cf6000, 0x00000222eacc1800, 0x00000222ea513800,
0x00000222ea251000, 0x00000222eada2000, 0x00000222eada2800, 0x00000222eada0000,
0x00000222eada6000, 0x00000222eada1000
}

Java Threads: ( => current thread )
  0x00000222b8f62800 JavaThread "main" [_thread_blocked, id=18140, stack(0x000000e504100000,0x000000e504200000)]
  0x00000222e885f800 JavaThread "Reference Handler" daemon [_thread_blocked, id=21728, stack(0x000000e504800000,0x000000e504900000)]
  0x00000222e8860800 JavaThread "Finalizer" daemon [_thread_blocked, id=19848, stack(0x000000e504900000,0x000000e504a00000)]
  0x00000222e88e5800 JavaThread "Signal Dispatcher" daemon [_thread_blocked, id=15560, stack(0x000000e504a00000,0x000000e504b00000)]
  0x00000222e88e6800 JavaThread "Attach Listener" daemon [_thread_blocked, id=16932, stack(0x000000e504b00000,0x000000e504c00000)]
  0x00000222e88e9000 JavaThread "C2 CompilerThread0" daemon [_thread_blocked, id=22220, stack(0x000000e504c00000,0x000000e504d00000)]
  0x00000222e88ee000 JavaThread "C1 CompilerThread0" daemon [_thread_blocked, id=7508, stack(0x000000e504d00000,0x000000e504e00000)]
  0x00000222e88fc800 JavaThread "Sweeper thread" daemon [_thread_blocked, id=17040, stack(0x000000e504e00000,0x000000e504f00000)]
  0x00000222e8a26000 JavaThread "Common-Cleaner" daemon [_thread_blocked, id=5804, stack(0x000000e504f00000,0x000000e505000000)]
  0x00000222e9477800 JavaThread "Service Thread" daemon [_thread_blocked, id=2148, stack(0x000000e505200000,0x000000e505300000)]
  0x00000222e9b70000 JavaThread "QuantumRenderer-0" daemon [_thread_blocked, id=2548, stack(0x000000e505b00000,0x000000e505c00000)]
  0x00000222eab1c000 JavaThread "InvokeLaterDispatcher" daemon [_thread_blocked, id=8136, stack(0x000000e505d00000,0x000000e505e00000)]
=>0x00000222e9ff5800 JavaThread "JavaFX Application Thread" [_thread_in_native, id=2156, stack(0x000000e505e00000,0x000000e505f00000)]
  0x00000222e8cf6000 JavaThread "Thread-1" daemon [_thread_in_native, id=17824, stack(0x000000e505f00000,0x000000e506000000)]
  0x00000222eacc1800 JavaThread "JavaFX-Launcher" [_thread_blocked, id=19624, stack(0x000000e506000000,0x000000e506100000)]
  0x00000222ea513800 JavaThread "Cleaner-0" daemon [_thread_blocked, id=11536, stack(0x000000e506500000,0x000000e506600000)]
  0x00000222ea251000 JavaThread "Prism Font Disposer" daemon [_thread_blocked, id=6168, stack(0x000000e506600000,0x000000e506700000)]
  0x00000222eada2000 JavaThread "OkHttp ConnectionPool" daemon [_thread_blocked, id=6960, stack(0x000000e506700000,0x000000e506800000)]
  0x00000222eada2800 JavaThread "Okio Watchdog" daemon [_thread_blocked, id=1992, stack(0x000000e506800000,0x000000e506900000)]
  0x00000222eada0000 JavaThread "Java2D Disposer" daemon [_thread_blocked, id=18704, stack(0x000000e506900000,0x000000e506a00000)]
  0x00000222eada6000 JavaThread "AWT-Windows" daemon [_thread_in_native, id=18176, stack(0x000000e506b00000,0x000000e506c00000)]
  0x00000222eada1000 JavaThread "Thread-5" [_thread_blocked, id=20260, stack(0x000000e506d00000,0x000000e506e00000)]

Other Threads:
  0x00000222e885d800 VMThread "VM Thread" [stack: 0x000000e504700000,0x000000e504800000] [id=23120]
  0x00000222e935a800 WatcherThread [stack: 0x000000e505300000,0x000000e505400000] [id=2944]
  0x00000222b8f7d000 GCTaskThread "GC Thread#0" [stack: 0x000000e504200000,0x000000e504300000] [id=22808]
  0x00000222e984c000 GCTaskThread "GC Thread#1" [stack: 0x000000e505400000,0x000000e505500000] [id=8568]
  0x00000222e9388000 GCTaskThread "GC Thread#2" [stack: 0x000000e505500000,0x000000e505600000] [id=13784]
  0x00000222e9098000 GCTaskThread "GC Thread#3" [stack: 0x000000e505600000,0x000000e505700000] [id=16524]
  0x00000222e911a800 GCTaskThread "GC Thread#4" [stack: 0x000000e505700000,0x000000e505800000] [id=20872]
  0x00000222e9661800 GCTaskThread "GC Thread#5" [stack: 0x000000e505800000,0x000000e505900000] [id=21744]
  0x00000222e99ca800 GCTaskThread "GC Thread#6" [stack: 0x000000e505900000,0x000000e505a00000] [id=13072]
  0x00000222e9eb1000 GCTaskThread "GC Thread#7" [stack: 0x000000e505a00000,0x000000e505b00000] [id=22724]
  0x00000222b8ffd000 ConcurrentGCThread "G1 Main Marker" [stack: 0x000000e504300000,0x000000e504400000] [id=23204]
  0x00000222b8ffe800 ConcurrentGCThread "G1 Conc#0" [stack: 0x000000e504400000,0x000000e504500000] [id=19188]
  0x00000222ea6fb000 ConcurrentGCThread "G1 Conc#1" [stack: 0x000000e506400000,0x000000e506500000] [id=17472]
  0x00000222e7ec9000 ConcurrentGCThread "G1 Refine#0" [stack: 0x000000e504500000,0x000000e504600000] [id=14472]
  0x00000222e7eca000 ConcurrentGCThread "G1 Young RemSet Sampling" [stack: 0x000000e504600000,0x000000e504700000] [id=15904]

Threads with active compile tasks:

VM state:not at safepoint (normal execution)

VM Mutex/Monitor currently owned by a thread: None

Heap address: 0x0000000602000000, size: 8160 MB, Compressed Oops mode: Zero based, Oop shift amount: 3
Narrow klass base: 0x0000000800000000, Narrow klass shift: 0
Compressed class space size: 1073741824 Address: 0x0000000800000000

Heap:
 garbage-first heap   total 522240K, used 27936K [0x0000000602000000, 0x0000000800000000)
  region size 2048K, 7 young (14336K), 5 survivors (10240K)
 Metaspace       used 43837K, capacity 45701K, committed 45904K, reserved 1089536K
  class space    used 5712K, capacity 6528K, committed 6528K, reserved 1048576K
Heap Regions: E=young(eden), S=young(survivor), O=old, HS=humongous(starts), HC=humongous(continues), CS=collection set, F=free, A=archive, TAMS=top-at-mark-start (previous, next)
|   0|0x0000000602000000, 0x0000000602200000, 0x0000000602200000|100%|HS|  |TAMS 0x0000000602200000, 0x0000000602000000| Complete 
|   1|0x0000000602200000, 0x0000000602200000, 0x0000000602400000|  0%| F|  |TAMS 0x0000000602200000, 0x0000000602200000| Untracked 
|   2|0x0000000602400000, 0x0000000602600000, 0x0000000602600000|100%|HS|  |TAMS 0x0000000602600000, 0x0000000602400000| Complete 
|   3|0x0000000602600000, 0x0000000602800000, 0x0000000602800000|100%|HS|  |TAMS 0x0000000602800000, 0x0000000602600000| Complete 
|   4|0x0000000602800000, 0x0000000602a00000, 0x0000000602a00000|100%| O|  |TAMS 0x0000000602a00000, 0x0000000602800000| Untracked 
|   5|0x0000000602a00000, 0x0000000602c00000, 0x0000000602c00000|100%| O|  |TAMS 0x0000000602a4e200, 0x0000000602a00000| Untracked 
|   6|0x0000000602c00000, 0x0000000602e00000, 0x0000000602e00000|100%| O|  |TAMS 0x0000000602c00000, 0x0000000602c00000| Untracked 
|   7|0x0000000602e00000, 0x0000000603000000, 0x0000000603000000|100%| O|  |TAMS 0x0000000602e00000, 0x0000000602e00000| Untracked 
|   8|0x0000000603000000, 0x0000000603148000, 0x0000000603200000| 64%| O|  |TAMS 0x0000000603000000, 0x0000000603000000| Untracked 
|   9|0x0000000603200000, 0x0000000603200000, 0x0000000603400000|  0%| F|  |TAMS 0x0000000603200000, 0x0000000603200000| Untracked 
|  10|0x0000000603400000, 0x0000000603400000, 0x0000000603600000|  0%| F|  |TAMS 0x0000000603400000, 0x0000000603400000| Untracked 
|  11|0x0000000603600000, 0x0000000603600000, 0x0000000603800000|  0%| F|  |TAMS 0x0000000603600000, 0x0000000603600000| Untracked 
|  12|0x0000000603800000, 0x0000000603800000, 0x0000000603a00000|  0%| F|  |TAMS 0x0000000603800000, 0x0000000603800000| Untracked 
|  13|0x0000000603a00000, 0x0000000603a00000, 0x0000000603c00000|  0%| F|  |TAMS 0x0000000603a00000, 0x0000000603a00000| Untracked 
|  14|0x0000000603c00000, 0x0000000603c00000, 0x0000000603e00000|  0%| F|  |TAMS 0x0000000603c00000, 0x0000000603c00000| Untracked 
|  15|0x0000000603e00000, 0x0000000603e00000, 0x0000000604000000|  0%| F|  |TAMS 0x0000000603e00000, 0x0000000603e00000| Untracked 
|  16|0x0000000604000000, 0x0000000604000000, 0x0000000604200000|  0%| F|  |TAMS 0x0000000604000000, 0x0000000604000000| Untracked 
|  17|0x0000000604200000, 0x0000000604200000, 0x0000000604400000|  0%| F|  |TAMS 0x0000000604200000, 0x0000000604200000| Untracked 
|  18|0x0000000604400000, 0x0000000604400000, 0x0000000604600000|  0%| F|  |TAMS 0x0000000604400000, 0x0000000604400000| Untracked 
|  19|0x0000000604600000, 0x0000000604600000, 0x0000000604800000|  0%| F|  |TAMS 0x0000000604600000, 0x0000000604600000| Untracked 
|  20|0x0000000604800000, 0x0000000604800000, 0x0000000604a00000|  0%| F|  |TAMS 0x0000000604800000, 0x0000000604800000| Untracked 
|  21|0x0000000604a00000, 0x0000000604a00000, 0x0000000604c00000|  0%| F|  |TAMS 0x0000000604a00000, 0x0000000604a00000| Untracked 
|  22|0x0000000604c00000, 0x0000000604c00000, 0x0000000604e00000|  0%| F|  |TAMS 0x0000000604c00000, 0x0000000604c00000| Untracked 
|  23|0x0000000604e00000, 0x0000000604e00000, 0x0000000605000000|  0%| F|  |TAMS 0x0000000604e00000, 0x0000000604e00000| Untracked 
|  24|0x0000000605000000, 0x0000000605000000, 0x0000000605200000|  0%| F|  |TAMS 0x0000000605000000, 0x0000000605000000| Untracked 
|  25|0x0000000605200000, 0x0000000605200000, 0x0000000605400000|  0%| F|  |TAMS 0x0000000605200000, 0x0000000605200000| Untracked 
|  26|0x0000000605400000, 0x0000000605400000, 0x0000000605600000|  0%| F|  |TAMS 0x0000000605400000, 0x0000000605400000| Untracked 
|  27|0x0000000605600000, 0x0000000605600000, 0x0000000605800000|  0%| F|  |TAMS 0x0000000605600000, 0x0000000605600000| Untracked 
|  28|0x0000000605800000, 0x0000000605800000, 0x0000000605a00000|  0%| F|  |TAMS 0x0000000605800000, 0x0000000605800000| Untracked 
|  29|0x0000000605a00000, 0x0000000605a00000, 0x0000000605c00000|  0%| F|  |TAMS 0x0000000605a00000, 0x0000000605a00000| Untracked 
|  30|0x0000000605c00000, 0x0000000605c00000, 0x0000000605e00000|  0%| F|  |TAMS 0x0000000605c00000, 0x0000000605c00000| Untracked 
|  31|0x0000000605e00000, 0x0000000605e00000, 0x0000000606000000|  0%| F|  |TAMS 0x0000000605e00000, 0x0000000605e00000| Untracked 
|  32|0x0000000606000000, 0x0000000606000000, 0x0000000606200000|  0%| F|  |TAMS 0x0000000606000000, 0x0000000606000000| Untracked 
|  33|0x0000000606200000, 0x0000000606200000, 0x0000000606400000|  0%| F|  |TAMS 0x0000000606200000, 0x0000000606200000| Untracked 
|  34|0x0000000606400000, 0x0000000606400000, 0x0000000606600000|  0%| F|  |TAMS 0x0000000606400000, 0x0000000606400000| Untracked 
|  35|0x0000000606600000, 0x0000000606600000, 0x0000000606800000|  0%| F|  |TAMS 0x0000000606600000, 0x0000000606600000| Untracked 
|  36|0x0000000606800000, 0x0000000606800000, 0x0000000606a00000|  0%| F|  |TAMS 0x0000000606800000, 0x0000000606800000| Untracked 
|  37|0x0000000606a00000, 0x0000000606a00000, 0x0000000606c00000|  0%| F|  |TAMS 0x0000000606a00000, 0x0000000606a00000| Untracked 
|  38|0x0000000606c00000, 0x0000000606c00000, 0x0000000606e00000|  0%| F|  |TAMS 0x0000000606c00000, 0x0000000606c00000| Untracked 
|  39|0x0000000606e00000, 0x0000000606e00000, 0x0000000607000000|  0%| F|  |TAMS 0x0000000606e00000, 0x0000000606e00000| Untracked 
|  40|0x0000000607000000, 0x0000000607000000, 0x0000000607200000|  0%| F|  |TAMS 0x0000000607000000, 0x0000000607000000| Untracked 
|  41|0x0000000607200000, 0x0000000607200000, 0x0000000607400000|  0%| F|  |TAMS 0x0000000607200000, 0x0000000607200000| Untracked 
|  42|0x0000000607400000, 0x0000000607400000, 0x0000000607600000|  0%| F|  |TAMS 0x0000000607400000, 0x0000000607400000| Untracked 
|  43|0x0000000607600000, 0x0000000607600000, 0x0000000607800000|  0%| F|  |TAMS 0x0000000607600000, 0x0000000607600000| Untracked 
|  44|0x0000000607800000, 0x0000000607800000, 0x0000000607a00000|  0%| F|  |TAMS 0x0000000607800000, 0x0000000607800000| Untracked 
|  45|0x0000000607a00000, 0x0000000607a00000, 0x0000000607c00000|  0%| F|  |TAMS 0x0000000607a00000, 0x0000000607a00000| Untracked 
|  46|0x0000000607c00000, 0x0000000607c00000, 0x0000000607e00000|  0%| F|  |TAMS 0x0000000607c00000, 0x0000000607c00000| Untracked 
|  47|0x0000000607e00000, 0x0000000607e00000, 0x0000000608000000|  0%| F|  |TAMS 0x0000000607e00000, 0x0000000607e00000| Untracked 
|  48|0x0000000608000000, 0x0000000608000000, 0x0000000608200000|  0%| F|  |TAMS 0x0000000608000000, 0x0000000608000000| Untracked 
|  49|0x0000000608200000, 0x0000000608200000, 0x0000000608400000|  0%| F|  |TAMS 0x0000000608200000, 0x0000000608200000| Untracked 
|  50|0x0000000608400000, 0x0000000608400000, 0x0000000608600000|  0%| F|  |TAMS 0x0000000608400000, 0x0000000608400000| Untracked 
|  51|0x0000000608600000, 0x0000000608600000, 0x0000000608800000|  0%| F|  |TAMS 0x0000000608600000, 0x0000000608600000| Untracked 
|  52|0x0000000608800000, 0x0000000608800000, 0x0000000608a00000|  0%| F|  |TAMS 0x0000000608800000, 0x0000000608800000| Untracked 
|  53|0x0000000608a00000, 0x0000000608a00000, 0x0000000608c00000|  0%| F|  |TAMS 0x0000000608a00000, 0x0000000608a00000| Untracked 
|  54|0x0000000608c00000, 0x0000000608c00000, 0x0000000608e00000|  0%| F|  |TAMS 0x0000000608c00000, 0x0000000608c00000| Untracked 
|  55|0x0000000608e00000, 0x0000000608e00000, 0x0000000609000000|  0%| F|  |TAMS 0x0000000608e00000, 0x0000000608e00000| Untracked 
|  56|0x0000000609000000, 0x0000000609000000, 0x0000000609200000|  0%| F|  |TAMS 0x0000000609000000, 0x0000000609000000| Untracked 
|  57|0x0000000609200000, 0x0000000609200000, 0x0000000609400000|  0%| F|  |TAMS 0x0000000609200000, 0x0000000609200000| Untracked 
|  58|0x0000000609400000, 0x0000000609400000, 0x0000000609600000|  0%| F|  |TAMS 0x0000000609400000, 0x0000000609400000| Untracked 
|  59|0x0000000609600000, 0x0000000609600000, 0x0000000609800000|  0%| F|  |TAMS 0x0000000609600000, 0x0000000609600000| Untracked 
|  60|0x0000000609800000, 0x0000000609800000, 0x0000000609a00000|  0%| F|  |TAMS 0x0000000609800000, 0x0000000609800000| Untracked 
|  61|0x0000000609a00000, 0x0000000609a00000, 0x0000000609c00000|  0%| F|  |TAMS 0x0000000609a00000, 0x0000000609a00000| Untracked 
|  62|0x0000000609c00000, 0x0000000609c00000, 0x0000000609e00000|  0%| F|  |TAMS 0x0000000609c00000, 0x0000000609c00000| Untracked 
|  63|0x0000000609e00000, 0x0000000609e00000, 0x000000060a000000|  0%| F|  |TAMS 0x0000000609e00000, 0x0000000609e00000| Untracked 
|  64|0x000000060a000000, 0x000000060a000000, 0x000000060a200000|  0%| F|  |TAMS 0x000000060a000000, 0x000000060a000000| Untracked 
|  65|0x000000060a200000, 0x000000060a200000, 0x000000060a400000|  0%| F|  |TAMS 0x000000060a200000, 0x000000060a200000| Untracked 
|  66|0x000000060a400000, 0x000000060a400000, 0x000000060a600000|  0%| F|  |TAMS 0x000000060a400000, 0x000000060a400000| Untracked 
|  67|0x000000060a600000, 0x000000060a600000, 0x000000060a800000|  0%| F|  |TAMS 0x000000060a600000, 0x000000060a600000| Untracked 
|  68|0x000000060a800000, 0x000000060a800000, 0x000000060aa00000|  0%| F|  |TAMS 0x000000060a800000, 0x000000060a800000| Untracked 
|  69|0x000000060aa00000, 0x000000060aa00000, 0x000000060ac00000|  0%| F|  |TAMS 0x000000060aa00000, 0x000000060aa00000| Untracked 
|  70|0x000000060ac00000, 0x000000060ac00000, 0x000000060ae00000|  0%| F|  |TAMS 0x000000060ac00000, 0x000000060ac00000| Untracked 
|  71|0x000000060ae00000, 0x000000060ae00000, 0x000000060b000000|  0%| F|  |TAMS 0x000000060ae00000, 0x000000060ae00000| Untracked 
|  72|0x000000060b000000, 0x000000060b000000, 0x000000060b200000|  0%| F|  |TAMS 0x000000060b000000, 0x000000060b000000| Untracked 
|  73|0x000000060b200000, 0x000000060b200000, 0x000000060b400000|  0%| F|  |TAMS 0x000000060b200000, 0x000000060b200000| Untracked 
|  74|0x000000060b400000, 0x000000060b400000, 0x000000060b600000|  0%| F|  |TAMS 0x000000060b400000, 0x000000060b400000| Untracked 
|  75|0x000000060b600000, 0x000000060b600000, 0x000000060b800000|  0%| F|  |TAMS 0x000000060b600000, 0x000000060b600000| Untracked 
|  76|0x000000060b800000, 0x000000060b800000, 0x000000060ba00000|  0%| F|  |TAMS 0x000000060b800000, 0x000000060b800000| Untracked 
|  77|0x000000060ba00000, 0x000000060ba00000, 0x000000060bc00000|  0%| F|  |TAMS 0x000000060ba00000, 0x000000060ba00000| Untracked 
|  78|0x000000060bc00000, 0x000000060bc00000, 0x000000060be00000|  0%| F|  |TAMS 0x000000060bc00000, 0x000000060bc00000| Untracked 
|  79|0x000000060be00000, 0x000000060be00000, 0x000000060c000000|  0%| F|  |TAMS 0x000000060be00000, 0x000000060be00000| Untracked 
|  80|0x000000060c000000, 0x000000060c000000, 0x000000060c200000|  0%| F|  |TAMS 0x000000060c000000, 0x000000060c000000| Untracked 
|  81|0x000000060c200000, 0x000000060c200000, 0x000000060c400000|  0%| F|  |TAMS 0x000000060c200000, 0x000000060c200000| Untracked 
|  82|0x000000060c400000, 0x000000060c400000, 0x000000060c600000|  0%| F|  |TAMS 0x000000060c400000, 0x000000060c400000| Untracked 
|  83|0x000000060c600000, 0x000000060c600000, 0x000000060c800000|  0%| F|  |TAMS 0x000000060c600000, 0x000000060c600000| Untracked 
|  84|0x000000060c800000, 0x000000060c800000, 0x000000060ca00000|  0%| F|  |TAMS 0x000000060c800000, 0x000000060c800000| Untracked 
|  85|0x000000060ca00000, 0x000000060ca00000, 0x000000060cc00000|  0%| F|  |TAMS 0x000000060ca00000, 0x000000060ca00000| Untracked 
|  86|0x000000060cc00000, 0x000000060cc00000, 0x000000060ce00000|  0%| F|  |TAMS 0x000000060cc00000, 0x000000060cc00000| Untracked 
|  87|0x000000060ce00000, 0x000000060ce00000, 0x000000060d000000|  0%| F|  |TAMS 0x000000060ce00000, 0x000000060ce00000| Untracked 
|  88|0x000000060d000000, 0x000000060d000000, 0x000000060d200000|  0%| F|  |TAMS 0x000000060d000000, 0x000000060d000000| Untracked 
|  89|0x000000060d200000, 0x000000060d200000, 0x000000060d400000|  0%| F|  |TAMS 0x000000060d200000, 0x000000060d200000| Untracked 
|  90|0x000000060d400000, 0x000000060d400000, 0x000000060d600000|  0%| F|  |TAMS 0x000000060d400000, 0x000000060d400000| Untracked 
|  91|0x000000060d600000, 0x000000060d600000, 0x000000060d800000|  0%| F|  |TAMS 0x000000060d600000, 0x000000060d600000| Untracked 
|  92|0x000000060d800000, 0x000000060d800000, 0x000000060da00000|  0%| F|  |TAMS 0x000000060d800000, 0x000000060d800000| Untracked 
|  93|0x000000060da00000, 0x000000060da00000, 0x000000060dc00000|  0%| F|  |TAMS 0x000000060da00000, 0x000000060da00000| Untracked 
|  94|0x000000060dc00000, 0x000000060dc00000, 0x000000060de00000|  0%| F|  |TAMS 0x000000060dc00000, 0x000000060dc00000| Untracked 
|  95|0x000000060de00000, 0x000000060de00000, 0x000000060e000000|  0%| F|  |TAMS 0x000000060de00000, 0x000000060de00000| Untracked 
|  96|0x000000060e000000, 0x000000060e000000, 0x000000060e200000|  0%| F|  |TAMS 0x000000060e000000, 0x000000060e000000| Untracked 
|  97|0x000000060e200000, 0x000000060e200000, 0x000000060e400000|  0%| F|  |TAMS 0x000000060e200000, 0x000000060e200000| Untracked 
|  98|0x000000060e400000, 0x000000060e400000, 0x000000060e600000|  0%| F|  |TAMS 0x000000060e400000, 0x000000060e400000| Untracked 
|  99|0x000000060e600000, 0x000000060e600000, 0x000000060e800000|  0%| F|  |TAMS 0x000000060e600000, 0x000000060e600000| Untracked 
| 100|0x000000060e800000, 0x000000060e800000, 0x000000060ea00000|  0%| F|  |TAMS 0x000000060e800000, 0x000000060e800000| Untracked 
| 101|0x000000060ea00000, 0x000000060ea00000, 0x000000060ec00000|  0%| F|  |TAMS 0x000000060ea00000, 0x000000060ea00000| Untracked 
| 102|0x000000060ec00000, 0x000000060ec00000, 0x000000060ee00000|  0%| F|  |TAMS 0x000000060ec00000, 0x000000060ec00000| Untracked 
| 103|0x000000060ee00000, 0x000000060ee00000, 0x000000060f000000|  0%| F|  |TAMS 0x000000060ee00000, 0x000000060ee00000| Untracked 
| 104|0x000000060f000000, 0x000000060f000000, 0x000000060f200000|  0%| F|  |TAMS 0x000000060f000000, 0x000000060f000000| Untracked 
| 105|0x000000060f200000, 0x000000060f200000, 0x000000060f400000|  0%| F|  |TAMS 0x000000060f200000, 0x000000060f200000| Untracked 
| 106|0x000000060f400000, 0x000000060f400000, 0x000000060f600000|  0%| F|  |TAMS 0x000000060f400000, 0x000000060f400000| Untracked 
| 107|0x000000060f600000, 0x000000060f600000, 0x000000060f800000|  0%| F|  |TAMS 0x000000060f600000, 0x000000060f600000| Untracked 
| 108|0x000000060f800000, 0x000000060f800000, 0x000000060fa00000|  0%| F|  |TAMS 0x000000060f800000, 0x000000060f800000| Untracked 
| 109|0x000000060fa00000, 0x000000060fa00000, 0x000000060fc00000|  0%| F|  |TAMS 0x000000060fa00000, 0x000000060fa00000| Untracked 
| 110|0x000000060fc00000, 0x000000060fc00000, 0x000000060fe00000|  0%| F|  |TAMS 0x000000060fc00000, 0x000000060fc00000| Untracked 
| 111|0x000000060fe00000, 0x000000060fe00000, 0x0000000610000000|  0%| F|  |TAMS 0x000000060fe00000, 0x000000060fe00000| Untracked 
| 112|0x0000000610000000, 0x0000000610000000, 0x0000000610200000|  0%| F|  |TAMS 0x0000000610000000, 0x0000000610000000| Untracked 
| 113|0x0000000610200000, 0x0000000610200000, 0x0000000610400000|  0%| F|  |TAMS 0x0000000610200000, 0x0000000610200000| Untracked 
| 114|0x0000000610400000, 0x0000000610400000, 0x0000000610600000|  0%| F|  |TAMS 0x0000000610400000, 0x0000000610400000| Untracked 
| 115|0x0000000610600000, 0x0000000610600000, 0x0000000610800000|  0%| F|  |TAMS 0x0000000610600000, 0x0000000610600000| Untracked 
| 116|0x0000000610800000, 0x0000000610800000, 0x0000000610a00000|  0%| F|  |TAMS 0x0000000610800000, 0x0000000610800000| Untracked 
| 117|0x0000000610a00000, 0x0000000610a00000, 0x0000000610c00000|  0%| F|  |TAMS 0x0000000610a00000, 0x0000000610a00000| Untracked 
| 118|0x0000000610c00000, 0x0000000610c00000, 0x0000000610e00000|  0%| F|  |TAMS 0x0000000610c00000, 0x0000000610c00000| Untracked 
| 119|0x0000000610e00000, 0x0000000610e00000, 0x0000000611000000|  0%| F|  |TAMS 0x0000000610e00000, 0x0000000610e00000| Untracked 
| 120|0x0000000611000000, 0x0000000611000000, 0x0000000611200000|  0%| F|  |TAMS 0x0000000611000000, 0x0000000611000000| Untracked 
| 121|0x0000000611200000, 0x0000000611200000, 0x0000000611400000|  0%| F|  |TAMS 0x0000000611200000, 0x0000000611200000| Untracked 
| 122|0x0000000611400000, 0x0000000611400000, 0x0000000611600000|  0%| F|  |TAMS 0x0000000611400000, 0x0000000611400000| Untracked 
| 123|0x0000000611600000, 0x0000000611600000, 0x0000000611800000|  0%| F|  |TAMS 0x0000000611600000, 0x0000000611600000| Untracked 
| 124|0x0000000611800000, 0x0000000611800000, 0x0000000611a00000|  0%| F|  |TAMS 0x0000000611800000, 0x0000000611800000| Untracked 
| 125|0x0000000611a00000, 0x0000000611a00000, 0x0000000611c00000|  0%| F|  |TAMS 0x0000000611a00000, 0x0000000611a00000| Untracked 
| 126|0x0000000611c00000, 0x0000000611c00000, 0x0000000611e00000|  0%| F|  |TAMS 0x0000000611c00000, 0x0000000611c00000| Untracked 
| 127|0x0000000611e00000, 0x0000000611e00000, 0x0000000612000000|  0%| F|  |TAMS 0x0000000611e00000, 0x0000000611e00000| Untracked 
| 128|0x0000000612000000, 0x0000000612000000, 0x0000000612200000|  0%| F|  |TAMS 0x0000000612000000, 0x0000000612000000| Untracked 
| 129|0x0000000612200000, 0x0000000612200000, 0x0000000612400000|  0%| F|  |TAMS 0x0000000612200000, 0x0000000612200000| Untracked 
| 130|0x0000000612400000, 0x0000000612400000, 0x0000000612600000|  0%| F|  |TAMS 0x0000000612400000, 0x0000000612400000| Untracked 
| 131|0x0000000612600000, 0x0000000612600000, 0x0000000612800000|  0%| F|  |TAMS 0x0000000612600000, 0x0000000612600000| Untracked 
| 132|0x0000000612800000, 0x0000000612800000, 0x0000000612a00000|  0%| F|  |TAMS 0x0000000612800000, 0x0000000612800000| Untracked 
| 133|0x0000000612a00000, 0x0000000612a00000, 0x0000000612c00000|  0%| F|  |TAMS 0x0000000612a00000, 0x0000000612a00000| Untracked 
| 134|0x0000000612c00000, 0x0000000612c00000, 0x0000000612e00000|  0%| F|  |TAMS 0x0000000612c00000, 0x0000000612c00000| Untracked 
| 135|0x0000000612e00000, 0x0000000612e00000, 0x0000000613000000|  0%| F|  |TAMS 0x0000000612e00000, 0x0000000612e00000| Untracked 
| 136|0x0000000613000000, 0x0000000613000000, 0x0000000613200000|  0%| F|  |TAMS 0x0000000613000000, 0x0000000613000000| Untracked 
| 137|0x0000000613200000, 0x0000000613200000, 0x0000000613400000|  0%| F|  |TAMS 0x0000000613200000, 0x0000000613200000| Untracked 
| 138|0x0000000613400000, 0x0000000613400000, 0x0000000613600000|  0%| F|  |TAMS 0x0000000613400000, 0x0000000613400000| Untracked 
| 139|0x0000000613600000, 0x0000000613600000, 0x0000000613800000|  0%| F|  |TAMS 0x0000000613600000, 0x0000000613600000| Untracked 
| 140|0x0000000613800000, 0x0000000613800000, 0x0000000613a00000|  0%| F|  |TAMS 0x0000000613800000, 0x0000000613800000| Untracked 
| 141|0x0000000613a00000, 0x0000000613a00000, 0x0000000613c00000|  0%| F|  |TAMS 0x0000000613a00000, 0x0000000613a00000| Untracked 
| 142|0x0000000613c00000, 0x0000000613c00000, 0x0000000613e00000|  0%| F|  |TAMS 0x0000000613c00000, 0x0000000613c00000| Untracked 
| 143|0x0000000613e00000, 0x0000000613e00000, 0x0000000614000000|  0%| F|  |TAMS 0x0000000613e00000, 0x0000000613e00000| Untracked 
| 144|0x0000000614000000, 0x0000000614000000, 0x0000000614200000|  0%| F|  |TAMS 0x0000000614000000, 0x0000000614000000| Untracked 
| 145|0x0000000614200000, 0x0000000614200000, 0x0000000614400000|  0%| F|  |TAMS 0x0000000614200000, 0x0000000614200000| Untracked 
| 146|0x0000000614400000, 0x0000000614400000, 0x0000000614600000|  0%| F|  |TAMS 0x0000000614400000, 0x0000000614400000| Untracked 
| 147|0x0000000614600000, 0x0000000614600000, 0x0000000614800000|  0%| F|  |TAMS 0x0000000614600000, 0x0000000614600000| Untracked 
| 148|0x0000000614800000, 0x0000000614800000, 0x0000000614a00000|  0%| F|  |TAMS 0x0000000614800000, 0x0000000614800000| Untracked 
| 149|0x0000000614a00000, 0x0000000614a00000, 0x0000000614c00000|  0%| F|  |TAMS 0x0000000614a00000, 0x0000000614a00000| Untracked 
| 150|0x0000000614c00000, 0x0000000614c00000, 0x0000000614e00000|  0%| F|  |TAMS 0x0000000614c00000, 0x0000000614c00000| Untracked 
| 151|0x0000000614e00000, 0x0000000614e00000, 0x0000000615000000|  0%| F|  |TAMS 0x0000000614e00000, 0x0000000614e00000| Untracked 
| 152|0x0000000615000000, 0x0000000615000000, 0x0000000615200000|  0%| F|  |TAMS 0x0000000615000000, 0x0000000615000000| Untracked 
| 153|0x0000000615200000, 0x0000000615200000, 0x0000000615400000|  0%| F|  |TAMS 0x0000000615200000, 0x0000000615200000| Untracked 
| 154|0x0000000615400000, 0x0000000615400000, 0x0000000615600000|  0%| F|  |TAMS 0x0000000615400000, 0x0000000615400000| Untracked 
| 155|0x0000000615600000, 0x0000000615600000, 0x0000000615800000|  0%| F|  |TAMS 0x0000000615600000, 0x0000000615600000| Untracked 
| 156|0x0000000615800000, 0x0000000615800000, 0x0000000615a00000|  0%| F|  |TAMS 0x0000000615800000, 0x0000000615800000| Untracked 
| 157|0x0000000615a00000, 0x0000000615a00000, 0x0000000615c00000|  0%| F|  |TAMS 0x0000000615a00000, 0x0000000615a00000| Untracked 
| 158|0x0000000615c00000, 0x0000000615c00000, 0x0000000615e00000|  0%| F|  |TAMS 0x0000000615c00000, 0x0000000615c00000| Untracked 
| 159|0x0000000615e00000, 0x0000000615e00000, 0x0000000616000000|  0%| F|  |TAMS 0x0000000615e00000, 0x0000000615e00000| Untracked 
| 160|0x0000000616000000, 0x0000000616000000, 0x0000000616200000|  0%| F|  |TAMS 0x0000000616000000, 0x0000000616000000| Untracked 
| 161|0x0000000616200000, 0x0000000616200000, 0x0000000616400000|  0%| F|  |TAMS 0x0000000616200000, 0x0000000616200000| Untracked 
| 162|0x0000000616400000, 0x0000000616400000, 0x0000000616600000|  0%| F|  |TAMS 0x0000000616400000, 0x0000000616400000| Untracked 
| 163|0x0000000616600000, 0x0000000616600000, 0x0000000616800000|  0%| F|  |TAMS 0x0000000616600000, 0x0000000616600000| Untracked 
| 164|0x0000000616800000, 0x0000000616800000, 0x0000000616a00000|  0%| F|  |TAMS 0x0000000616800000, 0x0000000616800000| Untracked 
| 165|0x0000000616a00000, 0x0000000616a00000, 0x0000000616c00000|  0%| F|  |TAMS 0x0000000616a00000, 0x0000000616a00000| Untracked 
| 166|0x0000000616c00000, 0x0000000616c00000, 0x0000000616e00000|  0%| F|  |TAMS 0x0000000616c00000, 0x0000000616c00000| Untracked 
| 167|0x0000000616e00000, 0x0000000616e00000, 0x0000000617000000|  0%| F|  |TAMS 0x0000000616e00000, 0x0000000616e00000| Untracked 
| 168|0x0000000617000000, 0x0000000617000000, 0x0000000617200000|  0%| F|  |TAMS 0x0000000617000000, 0x0000000617000000| Untracked 
| 169|0x0000000617200000, 0x0000000617200000, 0x0000000617400000|  0%| F|  |TAMS 0x0000000617200000, 0x0000000617200000| Untracked 
| 170|0x0000000617400000, 0x0000000617400000, 0x0000000617600000|  0%| F|  |TAMS 0x0000000617400000, 0x0000000617400000| Untracked 
| 171|0x0000000617600000, 0x0000000617600000, 0x0000000617800000|  0%| F|  |TAMS 0x0000000617600000, 0x0000000617600000| Untracked 
| 172|0x0000000617800000, 0x0000000617800000, 0x0000000617a00000|  0%| F|  |TAMS 0x0000000617800000, 0x0000000617800000| Untracked 
| 173|0x0000000617a00000, 0x0000000617a00000, 0x0000000617c00000|  0%| F|  |TAMS 0x0000000617a00000, 0x0000000617a00000| Untracked 
| 174|0x0000000617c00000, 0x0000000617c00000, 0x0000000617e00000|  0%| F|  |TAMS 0x0000000617c00000, 0x0000000617c00000| Untracked 
| 175|0x0000000617e00000, 0x0000000617e00000, 0x0000000618000000|  0%| F|  |TAMS 0x0000000617e00000, 0x0000000617e00000| Untracked 
| 176|0x0000000618000000, 0x0000000618000000, 0x0000000618200000|  0%| F|  |TAMS 0x0000000618000000, 0x0000000618000000| Untracked 
| 177|0x0000000618200000, 0x0000000618200000, 0x0000000618400000|  0%| F|  |TAMS 0x0000000618200000, 0x0000000618200000| Untracked 
| 178|0x0000000618400000, 0x0000000618400000, 0x0000000618600000|  0%| F|  |TAMS 0x0000000618400000, 0x0000000618400000| Untracked 
| 179|0x0000000618600000, 0x0000000618600000, 0x0000000618800000|  0%| F|  |TAMS 0x0000000618600000, 0x0000000618600000| Untracked 
| 180|0x0000000618800000, 0x0000000618800000, 0x0000000618a00000|  0%| F|  |TAMS 0x0000000618800000, 0x0000000618800000| Untracked 
| 181|0x0000000618a00000, 0x0000000618a00000, 0x0000000618c00000|  0%| F|  |TAMS 0x0000000618a00000, 0x0000000618a00000| Untracked 
| 182|0x0000000618c00000, 0x0000000618c00000, 0x0000000618e00000|  0%| F|  |TAMS 0x0000000618c00000, 0x0000000618c00000| Untracked 
| 183|0x0000000618e00000, 0x0000000618e00000, 0x0000000619000000|  0%| F|  |TAMS 0x0000000618e00000, 0x0000000618e00000| Untracked 
| 184|0x0000000619000000, 0x0000000619000000, 0x0000000619200000|  0%| F|  |TAMS 0x0000000619000000, 0x0000000619000000| Untracked 
| 185|0x0000000619200000, 0x0000000619200000, 0x0000000619400000|  0%| F|  |TAMS 0x0000000619200000, 0x0000000619200000| Untracked 
| 186|0x0000000619400000, 0x0000000619400000, 0x0000000619600000|  0%| F|  |TAMS 0x0000000619400000, 0x0000000619400000| Untracked 
| 187|0x0000000619600000, 0x0000000619600000, 0x0000000619800000|  0%| F|  |TAMS 0x0000000619600000, 0x0000000619600000| Untracked 
| 188|0x0000000619800000, 0x0000000619800000, 0x0000000619a00000|  0%| F|  |TAMS 0x0000000619800000, 0x0000000619800000| Untracked 
| 189|0x0000000619a00000, 0x0000000619a00000, 0x0000000619c00000|  0%| F|  |TAMS 0x0000000619a00000, 0x0000000619a00000| Untracked 
| 190|0x0000000619c00000, 0x0000000619c00000, 0x0000000619e00000|  0%| F|  |TAMS 0x0000000619c00000, 0x0000000619c00000| Untracked 
| 191|0x0000000619e00000, 0x0000000619e00000, 0x000000061a000000|  0%| F|  |TAMS 0x0000000619e00000, 0x0000000619e00000| Untracked 
| 192|0x000000061a000000, 0x000000061a000000, 0x000000061a200000|  0%| F|  |TAMS 0x000000061a000000, 0x000000061a000000| Untracked 
| 193|0x000000061a200000, 0x000000061a200000, 0x000000061a400000|  0%| F|  |TAMS 0x000000061a200000, 0x000000061a200000| Untracked 
| 194|0x000000061a400000, 0x000000061a400000, 0x000000061a600000|  0%| F|  |TAMS 0x000000061a400000, 0x000000061a400000| Untracked 
| 195|0x000000061a600000, 0x000000061a600000, 0x000000061a800000|  0%| F|  |TAMS 0x000000061a600000, 0x000000061a600000| Untracked 
| 196|0x000000061a800000, 0x000000061a800000, 0x000000061aa00000|  0%| F|  |TAMS 0x000000061a800000, 0x000000061a800000| Untracked 
| 197|0x000000061aa00000, 0x000000061aa00000, 0x000000061ac00000|  0%| F|  |TAMS 0x000000061aa00000, 0x000000061aa00000| Untracked 
| 198|0x000000061ac00000, 0x000000061ac00000, 0x000000061ae00000|  0%| F|  |TAMS 0x000000061ac00000, 0x000000061ac00000| Untracked 
| 199|0x000000061ae00000, 0x000000061ae00000, 0x000000061b000000|  0%| F|  |TAMS 0x000000061ae00000, 0x000000061ae00000| Untracked 
| 200|0x000000061b000000, 0x000000061b000000, 0x000000061b200000|  0%| F|  |TAMS 0x000000061b000000, 0x000000061b000000| Untracked 
| 201|0x000000061b200000, 0x000000061b200000, 0x000000061b400000|  0%| F|  |TAMS 0x000000061b200000, 0x000000061b200000| Untracked 
| 202|0x000000061b400000, 0x000000061b400000, 0x000000061b600000|  0%| F|  |TAMS 0x000000061b400000, 0x000000061b400000| Untracked 
| 203|0x000000061b600000, 0x000000061b600000, 0x000000061b800000|  0%| F|  |TAMS 0x000000061b600000, 0x000000061b600000| Untracked 
| 204|0x000000061b800000, 0x000000061b800000, 0x000000061ba00000|  0%| F|  |TAMS 0x000000061b800000, 0x000000061b800000| Untracked 
| 205|0x000000061ba00000, 0x000000061ba00000, 0x000000061bc00000|  0%| F|  |TAMS 0x000000061ba00000, 0x000000061ba00000| Untracked 
| 206|0x000000061bc00000, 0x000000061bc00000, 0x000000061be00000|  0%| F|  |TAMS 0x000000061bc00000, 0x000000061bc00000| Untracked 
| 207|0x000000061be00000, 0x000000061be00000, 0x000000061c000000|  0%| F|  |TAMS 0x000000061be00000, 0x000000061be00000| Untracked 
| 208|0x000000061c000000, 0x000000061c000000, 0x000000061c200000|  0%| F|  |TAMS 0x000000061c000000, 0x000000061c000000| Untracked 
| 209|0x000000061c200000, 0x000000061c200000, 0x000000061c400000|  0%| F|  |TAMS 0x000000061c200000, 0x000000061c200000| Untracked 
| 210|0x000000061c400000, 0x000000061c400000, 0x000000061c600000|  0%| F|  |TAMS 0x000000061c400000, 0x000000061c400000| Untracked 
| 211|0x000000061c600000, 0x000000061c600000, 0x000000061c800000|  0%| F|  |TAMS 0x000000061c600000, 0x000000061c600000| Untracked 
| 212|0x000000061c800000, 0x000000061ca00000, 0x000000061ca00000|100%| S|CS|TAMS 0x000000061c800000, 0x000000061c800000| Complete 
| 213|0x000000061ca00000, 0x000000061cc00000, 0x000000061cc00000|100%| S|CS|TAMS 0x000000061ca00000, 0x000000061ca00000| Complete 
| 214|0x000000061cc00000, 0x000000061ce00000, 0x000000061ce00000|100%| S|CS|TAMS 0x000000061cc00000, 0x000000061cc00000| Complete 
| 215|0x000000061ce00000, 0x000000061d000000, 0x000000061d000000|100%| S|CS|TAMS 0x000000061ce00000, 0x000000061ce00000| Complete 
| 216|0x000000061d000000, 0x000000061d200000, 0x000000061d200000|100%| S|CS|TAMS 0x000000061d000000, 0x000000061d000000| Complete 
| 217|0x000000061d200000, 0x000000061d200000, 0x000000061d400000|  0%| F|  |TAMS 0x000000061d200000, 0x000000061d200000| Untracked 
| 218|0x000000061d400000, 0x000000061d400000, 0x000000061d600000|  0%| F|  |TAMS 0x000000061d400000, 0x000000061d400000| Untracked 
| 219|0x000000061d600000, 0x000000061d600000, 0x000000061d800000|  0%| F|  |TAMS 0x000000061d600000, 0x000000061d600000| Untracked 
| 220|0x000000061d800000, 0x000000061d800000, 0x000000061da00000|  0%| F|  |TAMS 0x000000061d800000, 0x000000061d800000| Untracked 
| 221|0x000000061da00000, 0x000000061da00000, 0x000000061dc00000|  0%| F|  |TAMS 0x000000061da00000, 0x000000061da00000| Untracked 
| 222|0x000000061dc00000, 0x000000061dc00000, 0x000000061de00000|  0%| F|  |TAMS 0x000000061dc00000, 0x000000061dc00000| Untracked 
| 223|0x000000061de00000, 0x000000061de00000, 0x000000061e000000|  0%| F|  |TAMS 0x000000061de00000, 0x000000061de00000| Untracked 
| 224|0x000000061e000000, 0x000000061e000000, 0x000000061e200000|  0%| F|  |TAMS 0x000000061e000000, 0x000000061e000000| Untracked 
| 225|0x000000061e200000, 0x000000061e200000, 0x000000061e400000|  0%| F|  |TAMS 0x000000061e200000, 0x000000061e200000| Untracked 
| 226|0x000000061e400000, 0x000000061e400000, 0x000000061e600000|  0%| F|  |TAMS 0x000000061e400000, 0x000000061e400000| Untracked 
| 227|0x000000061e600000, 0x000000061e600000, 0x000000061e800000|  0%| F|  |TAMS 0x000000061e600000, 0x000000061e600000| Untracked 
| 228|0x000000061e800000, 0x000000061e800000, 0x000000061ea00000|  0%| F|  |TAMS 0x000000061e800000, 0x000000061e800000| Untracked 
| 229|0x000000061ea00000, 0x000000061ea00000, 0x000000061ec00000|  0%| F|  |TAMS 0x000000061ea00000, 0x000000061ea00000| Untracked 
| 230|0x000000061ec00000, 0x000000061ec00000, 0x000000061ee00000|  0%| F|  |TAMS 0x000000061ec00000, 0x000000061ec00000| Untracked 
| 231|0x000000061ee00000, 0x000000061ee00000, 0x000000061f000000|  0%| F|  |TAMS 0x000000061ee00000, 0x000000061ee00000| Untracked 
| 232|0x000000061f000000, 0x000000061f000000, 0x000000061f200000|  0%| F|  |TAMS 0x000000061f000000, 0x000000061f000000| Untracked 
| 233|0x000000061f200000, 0x000000061f200000, 0x000000061f400000|  0%| F|  |TAMS 0x000000061f200000, 0x000000061f200000| Untracked 
| 234|0x000000061f400000, 0x000000061f400000, 0x000000061f600000|  0%| F|  |TAMS 0x000000061f400000, 0x000000061f400000| Untracked 
| 235|0x000000061f600000, 0x000000061f600000, 0x000000061f800000|  0%| F|  |TAMS 0x000000061f600000, 0x000000061f600000| Untracked 
| 236|0x000000061f800000, 0x000000061f800000, 0x000000061fa00000|  0%| F|  |TAMS 0x000000061f800000, 0x000000061f800000| Untracked 
| 237|0x000000061fa00000, 0x000000061fa00000, 0x000000061fc00000|  0%| F|  |TAMS 0x000000061fa00000, 0x000000061fa00000| Untracked 
| 238|0x000000061fc00000, 0x000000061fc00000, 0x000000061fe00000|  0%| F|  |TAMS 0x000000061fc00000, 0x000000061fc00000| Untracked 
| 239|0x000000061fe00000, 0x000000061fe00000, 0x0000000620000000|  0%| F|  |TAMS 0x000000061fe00000, 0x000000061fe00000| Untracked 
| 240|0x0000000620000000, 0x0000000620000000, 0x0000000620200000|  0%| F|  |TAMS 0x0000000620000000, 0x0000000620000000| Untracked 
| 241|0x0000000620200000, 0x0000000620200000, 0x0000000620400000|  0%| F|  |TAMS 0x0000000620200000, 0x0000000620200000| Untracked 
| 242|0x0000000620400000, 0x0000000620400000, 0x0000000620600000|  0%| F|  |TAMS 0x0000000620400000, 0x0000000620400000| Untracked 
| 243|0x0000000620600000, 0x0000000620600000, 0x0000000620800000|  0%| F|  |TAMS 0x0000000620600000, 0x0000000620600000| Untracked 
| 244|0x0000000620800000, 0x0000000620800000, 0x0000000620a00000|  0%| F|  |TAMS 0x0000000620800000, 0x0000000620800000| Untracked 
| 245|0x0000000620a00000, 0x0000000620a00000, 0x0000000620c00000|  0%| F|  |TAMS 0x0000000620a00000, 0x0000000620a00000| Untracked 
| 246|0x0000000620c00000, 0x0000000620c00000, 0x0000000620e00000|  0%| F|  |TAMS 0x0000000620c00000, 0x0000000620c00000| Untracked 
| 247|0x0000000620e00000, 0x0000000620e00000, 0x0000000621000000|  0%| F|  |TAMS 0x0000000620e00000, 0x0000000620e00000| Untracked 
| 248|0x0000000621000000, 0x0000000621000000, 0x0000000621200000|  0%| F|  |TAMS 0x0000000621000000, 0x0000000621000000| Untracked 
| 249|0x0000000621200000, 0x0000000621200000, 0x0000000621400000|  0%| F|  |TAMS 0x0000000621200000, 0x0000000621200000| Untracked 
| 250|0x0000000621400000, 0x0000000621400000, 0x0000000621600000|  0%| F|  |TAMS 0x0000000621400000, 0x0000000621400000| Untracked 
| 251|0x0000000621600000, 0x0000000621600000, 0x0000000621800000|  0%| F|  |TAMS 0x0000000621600000, 0x0000000621600000| Untracked 
| 252|0x0000000621800000, 0x0000000621800000, 0x0000000621a00000|  0%| F|  |TAMS 0x0000000621800000, 0x0000000621800000| Untracked 
| 253|0x0000000621a00000, 0x0000000621aabcd8, 0x0000000621c00000| 33%| E|  |TAMS 0x0000000621a00000, 0x0000000621a00000| Complete 
| 254|0x0000000621c00000, 0x0000000621e00000, 0x0000000621e00000|100%| E|CS|TAMS 0x0000000621c00000, 0x0000000621c00000| Complete 

Card table byte_map: [0x00000222d34d0000,0x00000222d44c0000] _byte_map_base: 0x00000222d04c0000

Marking Bits (Prev, Next): (CMBitMap*) 0x00000222b8fec5b8, (CMBitMap*) 0x00000222b8fec5f0
 Prev Bits: [0x00000222d54b0000, 0x00000222dd430000)
 Next Bits: [0x00000222dd430000, 0x00000222e53b0000)

Polling page: 0x00000222b9030000

Metaspace:

Usage:
  Non-class:     38.25 MB capacity,    37.23 MB ( 97%) used,   823.11 KB (  2%) free+waste,   225.31 KB ( <1%) overhead. 
      Class:      6.38 MB capacity,     5.58 MB ( 88%) used,   701.38 KB ( 11%) free+waste,   113.94 KB (  2%) overhead. 
       Both:     44.63 MB capacity,    42.81 MB ( 96%) used,     1.49 MB (  3%) free+waste,   339.25 KB ( <1%) overhead. 

Virtual space:
  Non-class space:       40.00 MB reserved,      38.45 MB ( 96%) committed 
      Class space:        1.00 GB reserved,       6.38 MB ( <1%) committed 
             Both:        1.04 GB reserved,      44.83 MB (  4%) committed 

Chunk freelists:
   Non-Class:  1.38 KB
       Class:  0 bytes
        Both:  1.38 KB

CodeHeap 'non-profiled nmethods': size=120000Kb used=3063Kb max_used=3063Kb free=116936Kb
 bounds [0x00000222ca540000, 0x00000222ca840000, 0x00000222d1a70000]
CodeHeap 'profiled nmethods': size=120000Kb used=13256Kb max_used=13256Kb free=106743Kb
 bounds [0x00000222c3010000, 0x00000222c3d10000, 0x00000222ca540000]
CodeHeap 'non-nmethods': size=5760Kb used=1492Kb max_used=1545Kb free=4267Kb
 bounds [0x00000222c2a70000, 0x00000222c2ce0000, 0x00000222c3010000]
 total_blobs=8515 nmethods=5898 adapters=883
 compilation: enabled
              stopped_count=0, restarted_count=0
 full_count=0

Compilation events (10 events):
Event: 7.918 Thread 0x00000222e88ee000 6111       1       javafx.scene.input.KeyEvent::getCode (5 bytes)
Event: 7.918 Thread 0x00000222e88ee000 nmethod 6111 0x00000222ca83d790 code [0x00000222ca83d940, 0x00000222ca83da58]
Event: 7.918 Thread 0x00000222e88ee000 6113       1       com.sun.javafx.scene.control.inputmap.InputMap::getChildInputMaps (5 bytes)
Event: 7.919 Thread 0x00000222e88ee000 nmethod 6113 0x00000222ca83db10 code [0x00000222ca83dcc0, 0x00000222ca83ddd8]
Event: 8.077 Thread 0x00000222e88ee000 6114       3       com.sun.javafx.scene.control.inputmap.InputMap$Mapping::isDisabled (8 bytes)
Event: 8.077 Thread 0x00000222e88ee000 nmethod 6114 0x00000222c3d03490 code [0x00000222c3d03660, 0x00000222c3d039f0]
Event: 8.077 Thread 0x00000222e88ee000 6115       3       com.sun.javafx.scene.control.inputmap.InputMap::testInterceptor (20 bytes)
Event: 8.077 Thread 0x00000222e88ee000 nmethod 6115 0x00000222c3d03b10 code [0x00000222c3d03ce0, 0x00000222c3d03fb0]
Event: 8.079 Thread 0x00000222e88ee000 6116       3       com.sun.javafx.util.WeakReferenceQueue$1::hasNext (82 bytes)
Event: 8.080 Thread 0x00000222e88ee000 nmethod 6116 0x00000222c3d04090 code [0x00000222c3d04280, 0x00000222c3d04938]

GC Heap History (8 events):
Event: 0.569 GC heap before
{Heap before GC invocations=0 (full 0):
 garbage-first heap   total 522240K, used 24576K [0x0000000602000000, 0x0000000800000000)
  region size 2048K, 12 young (24576K), 0 survivors (0K)
 Metaspace       used 8819K, capacity 9065K, committed 9216K, reserved 1056768K
  class space    used 865K, capacity 992K, committed 1024K, reserved 1048576K
}
Event: 0.581 GC heap after
{Heap after GC invocations=1 (full 0):
 garbage-first heap   total 522240K, used 2408K [0x0000000602000000, 0x0000000800000000)
  region size 2048K, 2 young (4096K), 2 survivors (4096K)
 Metaspace       used 8819K, capacity 9065K, committed 9216K, reserved 1056768K
  class space    used 865K, capacity 992K, committed 1024K, reserved 1048576K
}
Event: 1.291 GC heap before
{Heap before GC invocations=1 (full 0):
 garbage-first heap   total 522240K, used 41320K [0x0000000602000000, 0x0000000800000000)
  region size 2048K, 21 young (43008K), 2 survivors (4096K)
 Metaspace       used 20595K, capacity 21281K, committed 21296K, reserved 1069056K
  class space    used 2480K, capacity 2809K, committed 2816K, reserved 1048576K
}
Event: 1.300 GC heap after
{Heap after GC invocations=2 (full 0):
 garbage-first heap   total 522240K, used 10171K [0x0000000602000000, 0x0000000800000000)
  region size 2048K, 4 young (8192K), 4 survivors (8192K)
 Metaspace       used 20595K, capacity 21281K, committed 21296K, reserved 1069056K
  class space    used 2480K, capacity 2809K, committed 2816K, reserved 1048576K
}
Event: 4.310 GC heap before
{Heap before GC invocations=3 (full 0):
 garbage-first heap   total 522240K, used 65467K [0x0000000602000000, 0x0000000800000000)
  region size 2048K, 29 young (59392K), 4 survivors (8192K)
 Metaspace       used 34408K, capacity 35720K, committed 35920K, reserved 1081344K
  class space    used 4412K, capacity 4970K, committed 4992K, reserved 1048576K
}
Event: 4.324 GC heap after
{Heap after GC invocations=4 (full 0):
 garbage-first heap   total 522240K, used 18531K [0x0000000602000000, 0x0000000800000000)
  region size 2048K, 5 young (10240K), 5 survivors (10240K)
 Metaspace       used 34408K, capacity 35720K, committed 35920K, reserved 1081344K
  class space    used 4412K, capacity 4970K, committed 4992K, reserved 1048576K
}
Event: 6.106 GC heap before
{Heap before GC invocations=5 (full 0):
 garbage-first heap   total 522240K, used 88163K [0x0000000602000000, 0x0000000800000000)
  region size 2048K, 38 young (77824K), 5 survivors (10240K)
 Metaspace       used 43641K, capacity 45502K, committed 45648K, reserved 1089536K
  class space    used 5701K, capacity 6526K, committed 6528K, reserved 1048576K
}
Event: 6.116 GC heap after
{Heap after GC invocations=6 (full 0):
 garbage-first heap   total 522240K, used 25888K [0x0000000602000000, 0x0000000800000000)
  region size 2048K, 5 young (10240K), 5 survivors (10240K)
 Metaspace       used 43641K, capacity 45502K, committed 45648K, reserved 1089536K
  class space    used 5701K, capacity 6526K, committed 6528K, reserved 1048576K
}

Deoptimization events (10 events):
Event: 5.777 Thread 0x00000222e9ff5800 Uncommon trap: reason=array_check action=maybe_recompile pc=0x00000222ca7fbc04 method=javafx.css.CompoundSelector.applies(Ljavafx/css/Styleable;[Ljava/util/Set;I)Z @ 128 c2
Event: 5.812 Thread 0x00000222e9ff5800 Uncommon trap: reason=unstable_if action=reinterpret pc=0x00000222ca780160 method=com.sun.javafx.geom.Path2D.needRoom(ZI)V @ 78 c2
Event: 6.105 Thread 0x00000222e9ff5800 Uncommon trap: reason=class_check action=maybe_recompile pc=0x00000222ca7f9848 method=javafx.scene.Node.updateLocalToParentTransform()V @ 209 c2
Event: 6.105 Thread 0x00000222e9ff5800 Uncommon trap: reason=class_check action=maybe_recompile pc=0x00000222ca7f9848 method=javafx.scene.Node.updateLocalToParentTransform()V @ 209 c2
Event: 6.105 Thread 0x00000222e9ff5800 Uncommon trap: reason=class_check action=maybe_recompile pc=0x00000222ca7f9848 method=javafx.scene.Node.updateLocalToParentTransform()V @ 209 c2
Event: 6.105 Thread 0x00000222e9ff5800 Uncommon trap: reason=class_check action=maybe_recompile pc=0x00000222ca7f9848 method=javafx.scene.Node.updateLocalToParentTransform()V @ 209 c2
Event: 6.141 Thread 0x00000222e9ff5800 Uncommon trap: reason=null_check action=make_not_entrant pc=0x00000222ca7908a4 method=javafx.scene.Node$MiscProperties.getClip()Ljavafx/scene/Node; @ 20 c2
Event: 6.149 Thread 0x00000222e9b70000 Uncommon trap: reason=class_check action=maybe_recompile pc=0x00000222ca609e80 method=java.util.concurrent.ConcurrentHashMap.putVal(Ljava/lang/Object;Ljava/lang/Object;Z)Ljava/lang/Object; @ 242 c2
Event: 6.150 Thread 0x00000222e9b70000 Uncommon trap: reason=class_check action=maybe_recompile pc=0x00000222ca609e80 method=java.util.concurrent.ConcurrentHashMap.putVal(Ljava/lang/Object;Ljava/lang/Object;Z)Ljava/lang/Object; @ 242 c2
Event: 6.364 Thread 0x00000222e9b70000 Uncommon trap: reason=unstable_if action=reinterpret pc=0x00000222ca78d970 method=com.sun.marlin.DHelpers.outcode(DD[D)I @ 21 c2

Classes redefined (0 events):
No events

Internal exceptions (10 events):
Event: 4.876 Thread 0x00000222eacc1800 Exception <a 'sun/nio/fs/WindowsException'{0x00000006202b38e8}> (0x00000006202b38e8) thrown at [t:/workspace/open/src/hotspot/share/prims/jni.cpp, line 615]
Event: 4.964 Thread 0x00000222eacc1800 Exception <a 'java/lang/NoSuchMethodError'{0x000000061ff0e7e0}: java.lang.invoke.DirectMethodHandle$Holder.invokeSpecial(Ljava/lang/Object;Ljava/lang/Object;I)V> (0x000000061ff0e7e0) thrown at [t:/workspace/open/src/hotspot/share/interpreter/linkResolver.
Event: 4.966 Thread 0x00000222eacc1800 Exception <a 'java/lang/NoSuchMethodError'{0x000000061ff28bb8}: java.lang.invoke.DirectMethodHandle$Holder.invokeStatic(Ljava/lang/Object;Ljava/lang/Object;Ljava/lang/Object;I)Ljava/lang/Object;> (0x000000061ff28bb8) thrown at [t:/workspace/open/src/hotsp
Event: 4.966 Thread 0x00000222eacc1800 Exception <a 'java/lang/NoSuchMethodError'{0x000000061ff2c580}: java.lang.invoke.DirectMethodHandle$Holder.invokeSpecial(Ljava/lang/Object;Ljava/lang/Object;Ljava/lang/Object;Ljava/lang/Object;I)Ljava/lang/Object;> (0x000000061ff2c580) thrown at [t:/works
Event: 4.966 Thread 0x00000222eacc1800 Exception <a 'java/lang/NoSuchMethodError'{0x000000061ff2f5e0}: java.lang.invoke.Invokers$Holder.linkToTargetMethod(Ljava/lang/Object;Ljava/lang/Object;ILjava/lang/Object;)Ljava/lang/Object;> (0x000000061ff2f5e0) thrown at [t:/workspace/open/src/hotspot/s
Event: 4.969 Thread 0x00000222eada1000 Exception <a 'sun/nio/fs/WindowsException'{0x000000061ff52c30}> (0x000000061ff52c30) thrown at [t:/workspace/open/src/hotspot/share/prims/jni.cpp, line 615]
Event: 4.971 Thread 0x00000222eada1000 Exception <a 'java/lang/IncompatibleClassChangeError'{0x000000061ff56088}: Found class java.lang.Object, but interface was expected> (0x000000061ff56088) thrown at [t:/workspace/open/src/hotspot/share/interpreter/linkResolver.cpp, line 856]
Event: 5.057 Thread 0x00000222e9ff5800 Implicit null exception at 0x00000222ca6e6271 to 0x00000222ca6e6b7a
Event: 5.234 Thread 0x00000222e9ff5800 Implicit null exception at 0x00000222ca79a3ef to 0x00000222ca79aa6a
Event: 6.141 Thread 0x00000222e9ff5800 Implicit null exception at 0x00000222ca79082e to 0x00000222ca79089a

Events (10 events):
Event: 6.173 Thread 0x00000222e9b70000 DEOPT UNPACKING pc=0x00000222c2a98fce sp=0x000000e505bf9ce0 mode 0
Event: 6.173 Thread 0x00000222e9b70000 DEOPT PACKING pc=0x00000222c34c7b60 sp=0x000000e505bfa880
Event: 6.173 Thread 0x00000222e9b70000 DEOPT UNPACKING pc=0x00000222c2a98fce sp=0x000000e505bf9ce0 mode 0
Event: 6.364 Thread 0x00000222e9b70000 Uncommon trap: trap_request=0xffffff4d fr.pc=0x00000222ca78d970 relative=0x00000000000000d0
Event: 6.364 Thread 0x00000222e9b70000 DEOPT PACKING pc=0x00000222ca78d970 sp=0x000000e505bf9fc0
Event: 6.364 Thread 0x00000222e9b70000 DEOPT UNPACKING pc=0x00000222c2a991af sp=0x000000e505bf9f40 mode 2
Event: 7.372 Thread 0x00000222e9b70000 DEOPT PACKING pc=0x00000222c3c0c42f sp=0x000000e505bf95b0
Event: 7.372 Thread 0x00000222e9b70000 DEOPT UNPACKING pc=0x00000222c2a98fce sp=0x000000e505bf89a8 mode 0
Event: 7.723 loading class java/text/StringCharacterIterator
Event: 7.724 loading class java/text/StringCharacterIterator done


Dynamic libraries:
0x00007ff644760000 - 0x00007ff6447a7000 	C:\Program Files\Java\jdk-11.0.1\bin\java.exe
0x00007ffe09720000 - 0x00007ffe0990d000 	C:\WINDOWS\SYSTEM32\ntdll.dll
0x00007ffe08070000 - 0x00007ffe08123000 	C:\WINDOWS\System32\KERNEL32.DLL
0x00007ffe05b10000 - 0x00007ffe05da3000 	C:\WINDOWS\System32\KERNELBASE.dll
0x00007ffe086e0000 - 0x00007ffe08783000 	C:\WINDOWS\System32\ADVAPI32.dll
0x00007ffe095f0000 - 0x00007ffe0968e000 	C:\WINDOWS\System32\msvcrt.dll
0x00007ffe07f70000 - 0x00007ffe0800e000 	C:\WINDOWS\System32\sechost.dll
0x00007ffe09380000 - 0x00007ffe094a2000 	C:\WINDOWS\System32\RPCRT4.dll
0x00007ffe08840000 - 0x00007ffe089d7000 	C:\WINDOWS\System32\USER32.dll
0x00007ffe06900000 - 0x00007ffe06920000 	C:\WINDOWS\System32\win32u.dll
0x00007ffe08010000 - 0x00007ffe08039000 	C:\WINDOWS\System32\GDI32.dll
0x00007ffe06760000 - 0x00007ffe068fa000 	C:\WINDOWS\System32\gdi32full.dll
0x00007ffe057f0000 - 0x00007ffe05890000 	C:\WINDOWS\System32\msvcp_win.dll
0x00007ffe05e60000 - 0x00007ffe05f5a000 	C:\WINDOWS\System32\ucrtbase.dll
0x00007ffdff620000 - 0x00007ffdff62a000 	C:\WINDOWS\SYSTEM32\VERSION.dll
0x00007ffdf6bc0000 - 0x00007ffdf6e39000 	C:\WINDOWS\WinSxS\amd64_microsoft.windows.common-controls_6595b64144ccf1df_6.0.17763.404_none_05b33d58072110de\COMCTL32.dll
0x00007ffe08130000 - 0x00007ffe0845c000 	C:\WINDOWS\System32\combase.dll
0x00007ffe05890000 - 0x00007ffe0590e000 	C:\WINDOWS\System32\bcryptPrimitives.dll
0x00007ffe08040000 - 0x00007ffe0806e000 	C:\WINDOWS\System32\IMM32.DLL
0x00007ffe02530000 - 0x00007ffe02546000 	C:\Program Files\Java\jdk-11.0.1\bin\vcruntime140.dll
0x00007ffdec800000 - 0x00007ffdec8aa000 	C:\Program Files\Java\jdk-11.0.1\bin\msvcp140.dll
0x00007ffdab490000 - 0x00007ffdabfd2000 	C:\Program Files\Java\jdk-11.0.1\bin\server\jvm.dll
0x00007ffe096b0000 - 0x00007ffe096b8000 	C:\WINDOWS\System32\PSAPI.DLL
0x00007ffdf7710000 - 0x00007ffdf7734000 	C:\WINDOWS\SYSTEM32\WINMM.dll
0x00007ffdfec00000 - 0x00007ffdfec09000 	C:\WINDOWS\SYSTEM32\WSOCK32.dll
0x00007ffe08590000 - 0x00007ffe085fd000 	C:\WINDOWS\System32\WS2_32.dll
0x00007ffdf76e0000 - 0x00007ffdf770d000 	C:\WINDOWS\SYSTEM32\WINMMBASE.dll
0x00007ffe06710000 - 0x00007ffe0675a000 	C:\WINDOWS\System32\cfgmgr32.dll
0x00007ffe056f0000 - 0x00007ffe05701000 	C:\WINDOWS\System32\kernel.appcore.dll
0x00007ffdffd50000 - 0x00007ffdffd61000 	C:\Program Files\Java\jdk-11.0.1\bin\verify.dll
0x00007ffdfd630000 - 0x00007ffdfd81d000 	C:\WINDOWS\SYSTEM32\DBGHELP.DLL
0x00007ffdfd600000 - 0x00007ffdfd62a000 	C:\WINDOWS\SYSTEM32\dbgcore.DLL
0x00007ffdffd20000 - 0x00007ffdffd49000 	C:\Program Files\Java\jdk-11.0.1\bin\java.dll
0x00007ffdff8a0000 - 0x00007ffdff8b6000 	C:\Program Files\Java\jdk-11.0.1\bin\zip.dll
0x00007ffe02510000 - 0x00007ffe0251a000 	C:\Program Files\Java\jdk-11.0.1\bin\jimage.dll
0x00007ffe06920000 - 0x00007ffe07e10000 	C:\WINDOWS\System32\SHELL32.dll
0x00007ffe084e0000 - 0x00007ffe08588000 	C:\WINDOWS\System32\shcore.dll
0x00007ffe05fc0000 - 0x00007ffe0670a000 	C:\WINDOWS\System32\windows.storage.dll
0x00007ffe05790000 - 0x00007ffe057b4000 	C:\WINDOWS\System32\profapi.dll
0x00007ffe05730000 - 0x00007ffe0578d000 	C:\WINDOWS\System32\powrprof.dll
0x00007ffe09580000 - 0x00007ffe095d2000 	C:\WINDOWS\System32\shlwapi.dll
0x00007ffe05910000 - 0x00007ffe05927000 	C:\WINDOWS\System32\cryptsp.dll
0x00007ffdfd8f0000 - 0x00007ffdfd909000 	C:\Program Files\Java\jdk-11.0.1\bin\net.dll
0x00007ffdfe170000 - 0x00007ffdfe261000 	C:\WINDOWS\SYSTEM32\WINHTTP.dll
0x00007ffe04f10000 - 0x00007ffe04f77000 	C:\WINDOWS\system32\mswsock.dll
0x00007ffdfd0e0000 - 0x00007ffdfd0f3000 	C:\Program Files\Java\jdk-11.0.1\bin\nio.dll
0x00000222eb400000 - 0x00000222eb403000 	C:\Users\Fouad\IdeaProjects\bw\build-resources\javafx-dlls\64-bit\api-ms-win-core-console-l1-1-0.dll
0x00000222eb410000 - 0x00000222eb413000 	C:\Users\Fouad\IdeaProjects\bw\build-resources\javafx-dlls\64-bit\api-ms-win-core-datetime-l1-1-0.dll
0x00000222eb420000 - 0x00000222eb423000 	C:\Users\Fouad\IdeaProjects\bw\build-resources\javafx-dlls\64-bit\api-ms-win-core-debug-l1-1-0.dll
0x00000222eb430000 - 0x00000222eb433000 	C:\Users\Fouad\IdeaProjects\bw\build-resources\javafx-dlls\64-bit\api-ms-win-core-errorhandling-l1-1-0.dll
0x00000222eb440000 - 0x00000222eb444000 	C:\Users\Fouad\IdeaProjects\bw\build-resources\javafx-dlls\64-bit\api-ms-win-core-file-l1-1-0.dll
0x00000222eb7b0000 - 0x00000222eb7b3000 	C:\Users\Fouad\IdeaProjects\bw\build-resources\javafx-dlls\64-bit\api-ms-win-core-file-l1-2-0.dll
0x00000222eb7c0000 - 0x00000222eb7c3000 	C:\Users\Fouad\IdeaProjects\bw\build-resources\javafx-dlls\64-bit\api-ms-win-core-file-l2-1-0.dll
0x00000222eb7d0000 - 0x00000222eb7d3000 	C:\Users\Fouad\IdeaProjects\bw\build-resources\javafx-dlls\64-bit\api-ms-win-core-handle-l1-1-0.dll
0x00000222eb7e0000 - 0x00000222eb7e3000 	C:\Users\Fouad\IdeaProjects\bw\build-resources\javafx-dlls\64-bit\api-ms-win-core-heap-l1-1-0.dll
0x00000222eb7f0000 - 0x00000222eb7f3000 	C:\Users\Fouad\IdeaProjects\bw\build-resources\javafx-dlls\64-bit\api-ms-win-core-interlocked-l1-1-0.dll
0x00000222eb800000 - 0x00000222eb803000 	C:\Users\Fouad\IdeaProjects\bw\build-resources\javafx-dlls\64-bit\api-ms-win-core-libraryloader-l1-1-0.dll
0x00000222eb810000 - 0x00000222eb813000 	C:\Users\Fouad\IdeaProjects\bw\build-resources\javafx-dlls\64-bit\api-ms-win-core-localization-l1-2-0.dll
0x00000222eb820000 - 0x00000222eb823000 	C:\Users\Fouad\IdeaProjects\bw\build-resources\javafx-dlls\64-bit\api-ms-win-core-memory-l1-1-0.dll
0x00000222eb830000 - 0x00000222eb833000 	C:\Users\Fouad\IdeaProjects\bw\build-resources\javafx-dlls\64-bit\api-ms-win-core-namedpipe-l1-1-0.dll
0x00000222eb840000 - 0x00000222eb843000 	C:\Users\Fouad\IdeaProjects\bw\build-resources\javafx-dlls\64-bit\api-ms-win-core-processenvironment-l1-1-0.dll
0x00000222eb850000 - 0x00000222eb853000 	C:\Users\Fouad\IdeaProjects\bw\build-resources\javafx-dlls\64-bit\api-ms-win-core-processthreads-l1-1-0.dll
0x00000222eb450000 - 0x00000222eb453000 	C:\Users\Fouad\IdeaProjects\bw\build-resources\javafx-dlls\64-bit\api-ms-win-core-processthreads-l1-1-1.dll
0x00000222eb460000 - 0x00000222eb463000 	C:\Users\Fouad\IdeaProjects\bw\build-resources\javafx-dlls\64-bit\api-ms-win-core-profile-l1-1-0.dll
0x00000222eb470000 - 0x00000222eb473000 	C:\Users\Fouad\IdeaProjects\bw\build-resources\javafx-dlls\64-bit\api-ms-win-core-rtlsupport-l1-1-0.dll
0x00000222eb480000 - 0x00000222eb483000 	C:\Users\Fouad\IdeaProjects\bw\build-resources\javafx-dlls\64-bit\api-ms-win-core-string-l1-1-0.dll
0x00000222eb490000 - 0x00000222eb493000 	C:\Users\Fouad\IdeaProjects\bw\build-resources\javafx-dlls\64-bit\api-ms-win-core-synch-l1-1-0.dll
0x00000222eb4a0000 - 0x00000222eb4a3000 	C:\Users\Fouad\IdeaProjects\bw\build-resources\javafx-dlls\64-bit\api-ms-win-core-synch-l1-2-0.dll
0x00000222eb4b0000 - 0x00000222eb4b3000 	C:\Users\Fouad\IdeaProjects\bw\build-resources\javafx-dlls\64-bit\api-ms-win-core-sysinfo-l1-1-0.dll
0x00000222eb4c0000 - 0x00000222eb4c3000 	C:\Users\Fouad\IdeaProjects\bw\build-resources\javafx-dlls\64-bit\api-ms-win-core-timezone-l1-1-0.dll
0x00000222eb4d0000 - 0x00000222eb4d3000 	C:\Users\Fouad\IdeaProjects\bw\build-resources\javafx-dlls\64-bit\api-ms-win-core-util-l1-1-0.dll
0x00000222eb4e0000 - 0x00000222eb4e3000 	C:\Users\Fouad\IdeaProjects\bw\build-resources\javafx-dlls\64-bit\api-ms-win-crt-conio-l1-1-0.dll
0x00000222eb4f0000 - 0x00000222eb4f4000 	C:\Users\Fouad\IdeaProjects\bw\build-resources\javafx-dlls\64-bit\api-ms-win-crt-convert-l1-1-0.dll
0x00000222eb500000 - 0x00000222eb503000 	C:\Users\Fouad\IdeaProjects\bw\build-resources\javafx-dlls\64-bit\api-ms-win-crt-environment-l1-1-0.dll
0x00000222eb510000 - 0x00000222eb513000 	C:\Users\Fouad\IdeaProjects\bw\build-resources\javafx-dlls\64-bit\api-ms-win-crt-filesystem-l1-1-0.dll
0x00000222eb520000 - 0x00000222eb523000 	C:\Users\Fouad\IdeaProjects\bw\build-resources\javafx-dlls\64-bit\api-ms-win-crt-heap-l1-1-0.dll
0x00000222eb530000 - 0x00000222eb533000 	C:\Users\Fouad\IdeaProjects\bw\build-resources\javafx-dlls\64-bit\api-ms-win-crt-locale-l1-1-0.dll
0x00000222eb540000 - 0x00000222eb545000 	C:\Users\Fouad\IdeaProjects\bw\build-resources\javafx-dlls\64-bit\api-ms-win-crt-math-l1-1-0.dll
0x00000222eb550000 - 0x00000222eb555000 	C:\Users\Fouad\IdeaProjects\bw\build-resources\javafx-dlls\64-bit\api-ms-win-crt-multibyte-l1-1-0.dll
0x00000222eb560000 - 0x00000222eb570000 	C:\Users\Fouad\IdeaProjects\bw\build-resources\javafx-dlls\64-bit\api-ms-win-crt-private-l1-1-0.dll
0x00000222eb570000 - 0x00000222eb573000 	C:\Users\Fouad\IdeaProjects\bw\build-resources\javafx-dlls\64-bit\api-ms-win-crt-process-l1-1-0.dll
0x00000222eb580000 - 0x00000222eb584000 	C:\Users\Fouad\IdeaProjects\bw\build-resources\javafx-dlls\64-bit\api-ms-win-crt-runtime-l1-1-0.dll
0x00000222eb590000 - 0x00000222eb594000 	C:\Users\Fouad\IdeaProjects\bw\build-resources\javafx-dlls\64-bit\api-ms-win-crt-stdio-l1-1-0.dll
0x00000222eb5a0000 - 0x00000222eb5a4000 	C:\Users\Fouad\IdeaProjects\bw\build-resources\javafx-dlls\64-bit\api-ms-win-crt-string-l1-1-0.dll
0x00000222eb5b0000 - 0x00000222eb5b3000 	C:\Users\Fouad\IdeaProjects\bw\build-resources\javafx-dlls\64-bit\api-ms-win-crt-time-l1-1-0.dll
0x00000222eb5c0000 - 0x00000222eb5c3000 	C:\Users\Fouad\IdeaProjects\bw\build-resources\javafx-dlls\64-bit\api-ms-win-crt-utility-l1-1-0.dll
0x00007ffddd000000 - 0x00007ffddd0fa000 	C:\Users\Fouad\IdeaProjects\bw\build-resources\javafx-dlls\64-bit\ucrtbase.dll
0x00007ffdfef20000 - 0x00007ffdfef36000 	C:\Users\Fouad\IdeaProjects\bw\build-resources\javafx-dlls\64-bit\vcruntime140.dll
0x00007ffde9690000 - 0x00007ffde9736000 	C:\Users\Fouad\IdeaProjects\bw\build-resources\javafx-dlls\64-bit\msvcp140.dll
0x00007ffdf5d40000 - 0x00007ffdf5d91000 	C:\Users\Fouad\IdeaProjects\bw\build-resources\javafx-dlls\64-bit-extra\concrt140.dll
0x00007ffdf9540000 - 0x00007ffdf9563000 	C:\Users\Fouad\IdeaProjects\bw\build-resources\javafx-dlls\64-bit\prism_d3d.dll
0x00007ffdf5090000 - 0x00007ffdf522e000 	C:\WINDOWS\system32\d3d9.dll
0x00007ffe04140000 - 0x00007ffe0416e000 	C:\WINDOWS\SYSTEM32\dwmapi.dll
0x00007ffe05930000 - 0x00007ffe05b0b000 	C:\WINDOWS\System32\CRYPT32.dll
0x00007ffe05710000 - 0x00007ffe05722000 	C:\WINDOWS\System32\MSASN1.dll
0x00007ffe03d30000 - 0x00007ffe03dcc000 	C:\WINDOWS\system32\uxtheme.dll
0x00007ffdf15a0000 - 0x00007ffdf168a000 	C:\WINDOWS\System32\DriverStore\FileRepository\nv_ref_pubwu.inf_amd64_b7e5dd1387001335\nvldumdx.dll
0x00007ffe05f60000 - 0x00007ffe05fb9000 	C:\WINDOWS\System32\WINTRUST.DLL
0x00007ffe09690000 - 0x00007ffe096ad000 	C:\WINDOWS\System32\imagehlp.dll
0x00007ffe04ad0000 - 0x00007ffe04b03000 	C:\WINDOWS\system32\rsaenh.dll
0x00007ffe057c0000 - 0x00007ffe057e6000 	C:\WINDOWS\System32\bcrypt.dll
0x00007ffe050e0000 - 0x00007ffe050ec000 	C:\WINDOWS\SYSTEM32\CRYPTBASE.dll
0x00007ffdca5b0000 - 0x00007ffdcb786000 	C:\WINDOWS\System32\DriverStore\FileRepository\nv_ref_pubwu.inf_amd64_b7e5dd1387001335\nvd3dumx.dll
0x00007ffdec6e0000 - 0x00007ffdec725000 	C:\Users\Fouad\IdeaProjects\bw\build-resources\javafx-dlls\64-bit\glass.dll
0x00007ffe089e0000 - 0x00007ffe08b07000 	C:\WINDOWS\System32\COMDLG32.dll
0x00007ffe07e10000 - 0x00007ffe07f65000 	C:\WINDOWS\System32\ole32.dll
0x00007ffe094b0000 - 0x00007ffe09574000 	C:\WINDOWS\System32\OLEAUT32.dll
0x00007ffe09210000 - 0x00007ffe0937a000 	C:\WINDOWS\System32\MSCTF.dll
0x00007ffe02520000 - 0x00007ffe02529000 	C:\Program Files\Java\jdk-11.0.1\bin\prefs.dll
0x00007ffdfe5f0000 - 0x00007ffdfe604000 	C:\Users\Fouad\IdeaProjects\bw\build-resources\javafx-dlls\64-bit\javafx_font.dll
0x00007ffdee3a0000 - 0x00007ffdee69f000 	C:\WINDOWS\SYSTEM32\dwrite.dll
0x00007ffe08790000 - 0x00007ffe08832000 	C:\WINDOWS\System32\clbcatq.dll
0x00007ffdf1ff0000 - 0x00007ffdf21a8000 	C:\WINDOWS\SYSTEM32\WindowsCodecs.dll
0x00007ffde51f0000 - 0x00007ffde5246000 	C:\WINDOWS\system32\dataexchange.dll
0x00007ffe02f80000 - 0x00007ffe03143000 	C:\WINDOWS\system32\dcomp.dll
0x00007ffe021e0000 - 0x00007ffe0245e000 	C:\WINDOWS\system32\d3d11.dll
0x00007ffe04600000 - 0x00007ffe046c2000 	C:\WINDOWS\system32\dxgi.dll
0x00007ffe03e00000 - 0x00007ffe0400d000 	C:\WINDOWS\system32\twinapi.appcore.dll
0x00007ffe04010000 - 0x00007ffe04038000 	C:\WINDOWS\system32\RMCLIENT.dll
0x00007ffdec280000 - 0x00007ffdec2b3000 	C:\Program Files\Common Files\Microsoft Shared\Ink\rtscom.dll
0x00007ffdf5ab0000 - 0x00007ffdf5b45000 	C:\WINDOWS\System32\TextInputFramework.dll
0x00007ffdf55b0000 - 0x00007ffdf58d2000 	C:\WINDOWS\System32\CoreUIComponents.dll
0x00007ffe03180000 - 0x00007ffe03262000 	C:\WINDOWS\System32\CoreMessaging.dll
0x00007ffe04780000 - 0x00007ffe047b1000 	C:\WINDOWS\SYSTEM32\ntmarta.dll
0x00007ffe01380000 - 0x00007ffe014d3000 	C:\WINDOWS\SYSTEM32\wintypes.dll
0x00007ffdf5c00000 - 0x00007ffdf5c2c000 	C:\Users\Fouad\IdeaProjects\bw\build-resources\javafx-dlls\64-bit\javafx_iio.dll
0x00007ffdec250000 - 0x00007ffdec277000 	C:\Program Files\Java\jdk-11.0.1\bin\sunec.dll
0x00007ffe055f0000 - 0x00007ffe05618000 	C:\WINDOWS\SYSTEM32\USERENV.dll

dbghelp: loaded successfully - version: 4.0.5 - missing functions: none
symbol engine: initialized successfully - sym options: 0x614 - pdb path: .;C:\Program Files\Java\jdk-11.0.1\bin;C:\WINDOWS\SYSTEM32;C:\WINDOWS\WinSxS\amd64_microsoft.windows.common-controls_6595b64144ccf1df_6.0.17763.404_none_05b33d58072110de;C:\Program Files\Java\jdk-11.0.1\bin\server;C:\Users\Fouad\IdeaProjects\bw\build-resources\javafx-dlls\64-bit;C:\Users\Fouad\IdeaProjects\bw\build-resources\javafx-dlls\64-bit-extra;C:\WINDOWS\System32\DriverStore\FileRepository\nv_ref_pubwu.inf_amd64_b7e5dd1387001335;C:\Program Files\Common Files\Microsoft Shared\Ink

VM Arguments:
jvm_args: -Djava.library.path=../build-resources/javafx-dlls/64-bit;../build-resources/javafx-dlls/64-bit-extra -Djavafx.preloader=sa.gov.nic.bio.bw.preloader.AppPreloader --module-path=C:\Users\Fouad\IdeaProjects\bw\bw.launcher\build\classes\java\main;C:\Users\Fouad\IdeaProjects\bw\bw.login\build\libs\bw.login-2019.04.1.jar;C:\Users\Fouad\IdeaProjects\bw\bw.home\build\libs\bw.home-2019.04.1.jar;C:\Users\Fouad\IdeaProjects\bw\bw.workflow.cancelcriminal\build\libs\bw.workflow.cancelcriminal-2019.04.1.jar;C:\Users\Fouad\IdeaProjects\bw\bw.workflow.cancellatent\build\libs\bw.workflow.cancellatent-2019.04.1.jar;C:\Users\Fouad\IdeaProjects\bw\bw.workflow.citizenenrollment\build\libs\bw.workflow.citizenenrollment-2019.04.1.jar;C:\Users\Fouad\IdeaProjects\bw\bw.workflow.registerconvictednotpresent\build\libs\bw.workflow.registerconvictednotpresent-2019.04.1.jar;C:\Users\Fouad\IdeaProjects\bw\bw.workflow.civilcriminalfingerprintsinquiry\build\libs\bw.workflow.civilcriminalfingerprintsinquiry-2019.04.1.jar;C:\Users\Fouad\IdeaProjects\bw\bw.workflow.convictedreportinquirybysearchcriteria\build\libs\bw.workflow.convictedreportinquirybysearchcriteria-2019.04.1.jar;C:\Users\Fouad\IdeaProjects\bw\bw.workflow.deletecompletecriminalrecord\build\libs\bw.workflow.deletecompletecriminalrecord-2019.04.1.jar;C:\Users\Fouad\IdeaProjects\bw\bw.workflow.editconvictedreport\build\libs\bw.workflow.editconvictedreport-2019.04.1.jar;C:\Users\Fouad\IdeaProjects\bw\bw.workflow.deleteconvictedreport\build\libs\bw.workflow.deleteconvictedreport-2019.04.1.jar;C:\Users\Fouad\IdeaProjects\bw\bw.workflow.scfaceverification\build\libs\bw.workflow.scfaceverification-2019.04.1.jar;C:\Users\Fouad\IdeaProjects\bw\bw.workflow.faceverification\build\libs\bw.workflow.faceverification-2019.04.1.jar;C:\Users\Fouad\IdeaProjects\bw\bw.workflow.printdeadpersonrecord\build\libs\bw.workflow.printdeadpersonrecord-2019.04.1.jar;C:\Users\Fouad\IdeaProjects\bw\bw.workflow.registerconvictedpresent\build\libs\bw.workflow.registerconvictedpresent-2019.04.1.jar;C:\Users\Fouad\IdeaProjects\bw\bw.workflow.searchbyfaceimage\build\libs\bw.workflow.searchbyfaceimage-2019.04.1.jar;C:\Users\Fouad\I--add-modules=ALL-MODULE-PATH --add-opens=javafx.base/com.sun.javafx.runtime=controlsfx --add-opens=javafx.graphics/com.sun.javafx.css=controlsfx --add-opens=javafx.graphics/com.sun.javafx.scene=controlsfx --add-opens=javafx.graphics/com.sun.javafx.scene.traversal=controlsfx --add-opens=javafx.controls/com.sun.javafx.scene.control=controlsfx --add-opens=javafx.controls/com.sun.javafx.scene.control.behavior=controlsfx --add-opens=javafx.controls/javafx.scene.control.skin=controlsfx --add-opens=javafx.graphics/javafx.scene=controlsfx --add-opens=java.base/java.util=org.apache.commons.lang3 --add-opens=java.base/java.lang=org.apache.commons.lang3 --add-opens=java.base/java.time=org.apache.commons.lang3 --add-opens=java.desktop/java.awt=org.apache.commons.lang3 --add-opens=java.base/java.time.chrono=bw.core --add-opens=javafx.controls/javafx.scene.control.skin=bw.core --add-opens=javafx.controls/com.sun.javafx.scene.control=org.scenicview.scenicview -Djdk.module.main=bw.launcher 
java_command: bw.launcher/sa.gov.nic.bio.bw.AppLauncher -Dfile.encoding=windows-1256 -Duser.country=US -Duser.language=en -Duser.variant sa.gov.nic.bio.bw.AppLauncher
java_class_path (initial): <not set>
Launcher Type: SUN_STANDARD

[Global flags]
     intx CICompilerCount                          = 4                                         {product} {ergonomic}
     uint ConcGCThreads                            = 2                                         {product} {ergonomic}
     uint G1ConcRefinementThreads                  = 8                                         {product} {ergonomic}
   size_t G1HeapRegionSize                         = 2097152                                   {product} {ergonomic}
    uintx GCDrainStackTargetSize                   = 64                                        {product} {ergonomic}
   size_t InitialHeapSize                          = 534773760                                 {product} {ergonomic}
   size_t MarkStackSize                            = 4194304                                   {product} {ergonomic}
   size_t MaxHeapSize                              = 8556380160                                {product} {ergonomic}
   size_t MaxNewSize                               = 5133828096                                {product} {ergonomic}
   size_t MinHeapDeltaBytes                        = 2097152                                   {product} {ergonomic}
    uintx NonNMethodCodeHeapSize                   = 5835340                                {pd product} {ergonomic}
    uintx NonProfiledCodeHeapSize                  = 122911450                              {pd product} {ergonomic}
    uintx ProfiledCodeHeapSize                     = 122911450                              {pd product} {ergonomic}
    uintx ReservedCodeCacheSize                    = 251658240                              {pd product} {ergonomic}
     bool SegmentedCodeCache                       = true                                      {product} {ergonomic}
     bool UseCompressedClassPointers               = true                                 {lp64_product} {ergonomic}
     bool UseCompressedOops                        = true                                 {lp64_product} {ergonomic}
     bool UseG1GC                                  = true                                      {product} {ergonomic}
     bool UseLargePagesIndividualAllocation        = false                                  {pd product} {ergonomic}

Logging:
Log output configuration:
 #0: stdout all=warning uptime,level,tags
 #1: stderr all=off uptime,level,tags

Environment Variables:
JAVA_HOME=C:\Program Files\Java\jdk-11.0.1
PATH=C:\Program Files (x86)\Common Files\Oracle\Java\javapath;C:\Program Files\Microsoft MPI\Bin\;C:\WINDOWS\system32;C:\WINDOWS;C:\WINDOWS\System32\Wbem;C:\WINDOWS\System32\WindowsPowerShell\v1.0\;C:\Program Files\Java\jdk-11.0.1\bin;D:\dev\java\tools\apache-maven-3.6.0\bin;D:\dev\java\tools\apache-ant-1.10.5\bin;C:\Program Files\Microsoft SQL Server\130\Tools\Binn\;C:\Program Files\dotnet\;C:\Program Files (x86)\GtkSharp\2.12\bin;C:\Program Files (x86)\Microsoft Emulator Manager\1.0\;D:\dev\java\tools\gradle-5.2.1\bin;D:\dev\tools\nginx-1.12.0;C:\Program Files\nodejs\;C:\Program Files (x86)\Crossmatch\L Scan Essentials\;C:\Program Files\Crossmatch\L Scan Essentials\;C:\Program Files (x86)\Xoreax\IncrediBuild;C:\WINDOWS\System32\OpenSSH\;D:\dev\tools\cmder;C:\Program Files\Git\cmd;C:\Program Files (x86)\Gpg4win\..\GnuPG\bin;C:\Program Files\CMake\bin;C:\Users\Fouad\AppData\Local\Microsoft\WindowsApps;;C:\Users\Fouad\AppData\Roaming\npm;C:\Program Files\Docker Toolbox
USERNAME=Fouad
OS=Windows_NT
PROCESSOR_IDENTIFIER=Intel64 Family 6 Model 94 Stepping 3, GenuineIntel



---------------  S Y S T E M  ---------------

OS: Windows 10 , 64 bit Build 17763 (10.0.17763.404)

CPU:total 8 (initial active 8) (4 cores per cpu, 2 threads per core) family 6 model 94 stepping 3, cmov, cx8, fxsr, mmx, sse, sse2, sse3, ssse3, sse4.1, sse4.2, popcnt, avx, avx2, aes, clmul, erms, rtm, 3dnowpref, lzcnt, ht, tsc, tscinvbit, bmi1, bmi2, adx, fma

Memory: 4k page, system-wide physical 32634M (17245M free)
TotalPageFile size 37498M (AvailPageFile size 18087M)
current process WorkingSet (physical memory assigned to process): 276M, peak: 277M
current process commit charge ("private bytes"): 763M, peak: 763M

vm_info: Java HotSpot(TM) 64-Bit Server VM (11.0.1+13-LTS) for windows-amd64 JRE (11.0.1+13-LTS), built on Oct  6 2018 13:20:16 by "mach5one" with MS VC++ 15.5 (VS2017)

END.
