#
# A fatal error has been detected by the Java Runtime Environment:
#
#  EXCEPTION_ACCESS_VIOLATION (0xc0000005) at pc=0x00007ffdec6f05d3, pid=21516, tid=17960
#
# JRE version: Java(TM) SE Runtime Environment (11.0.1+13) (build 11.0.1+13-LTS)
# Java VM: Java HotSpot(TM) 64-Bit Server VM (11.0.1+13-LTS, mixed mode, tiered, compressed oops, g1 gc, windows-amd64)
# Problematic frame:
# C  [glass.dll+0x105d3]
#
# No core dump will be written. Minidumps are not enabled by default on client versions of Windows
#
# If you would like to submit a bug report, please visit:
#   http://bugreport.java.com/bugreport/crash.jsp
# The crash happened outside the Java Virtual Machine in native code.
# See problematic frame for where to report the bug.
#

---------------  S U M M A R Y ------------

Command Line: -Djava.library.path=../build-resources/javafx-dlls/64-bit;../build-resources/javafx-dlls/64-bit-extra -Djavafx.preloader=sa.gov.nic.bio.bw.preloader.AppPreloader --module-path=C:\Users\Fouad\IdeaProjects\bw\bw.launcher\build\classes\java\main;C:\Users\Fouad\IdeaProjects\bw\bw.login\build\libs\bw.login-2019.04.1.jar;C:\Users\Fouad\IdeaProjects\bw\bw.home\build\libs\bw.home-2019.04.1.jar;C:\Users\Fouad\IdeaProjects\bw\bw.workflow.cancelcriminal\build\libs\bw.workflow.cancelcriminal-2019.04.1.jar;C:\Users\Fouad\IdeaProjects\bw\bw.workflow.cancellatent\build\libs\bw.workflow.cancellatent-2019.04.1.jar;C:\Users\Fouad\IdeaProjects\bw\bw.workflow.citizenenrollment\build\libs\bw.workflow.citizenenrollment-2019.04.1.jar;C:\Users\Fouad\IdeaProjects\bw\bw.workflow.registerconvictednotpresent\build\libs\bw.workflow.registerconvictednotpresent-2019.04.1.jar;C:\Users\Fouad\IdeaProjects\bw\bw.workflow.civilcriminalfingerprintsinquiry\build\libs\bw.workflow.civilcriminalfingerprintsinquiry-2019.04.1.jar;C:\Users\Fouad\IdeaProjects\bw\bw.workflow.convictedreportinquirybysearchcriteria\build\libs\bw.workflow.convictedreportinquirybysearchcriteria-2019.04.1.jar;C:\Users\Fouad\IdeaProjects\bw\bw.workflow.deletecompletecriminalrecord\build\libs\bw.workflow.deletecompletecriminalrecord-2019.04.1.jar;C:\Users\Fouad\IdeaProjects\bw\bw.workflow.editconvictedreport\build\libs\bw.workflow.editconvictedreport-2019.04.1.jar;C:\Users\Fouad\IdeaProjects\bw\bw.workflow.deleteconvictedreport\build\libs\bw.workflow.deleteconvictedreport-2019.04.1.jar;C:\Users\Fouad\IdeaProjects\bw\bw.workflow.scfaceverification\build\libs\bw.workflow.scfaceverification-2019.04.1.jar;C:\Users\Fouad\IdeaProjects\bw\bw.workflow.faceverification\build\libs\bw.workflow.faceverification-2019.04.1.jar;C:\Users\Fouad\IdeaProjects\bw\bw.workflow.printdeadpersonrecord\build\libs\bw.workflow.printdeadpersonrecord-2019.04.1.jar;C:\Users\Fouad\IdeaProjects\bw\bw.workflow.registerconvictedpresent\build\libs\bw.workflow.registerconvictedpresent-2019.04.1.jar;C:\Users\Fouad\IdeaProjects\bw\bw.workflow.searchbyfaceimage\build\libs\bw.workflow.searchbyfaceimage-2019.04.1.jar;C:\Users\Fouad\I--add-modules=ALL-MODULE-PATH --add-opens=javafx.base/com.sun.javafx.runtime=controlsfx --add-opens=javafx.graphics/com.sun.javafx.css=controlsfx --add-opens=javafx.graphics/com.sun.javafx.scene=controlsfx --add-opens=javafx.graphics/com.sun.javafx.scene.traversal=controlsfx --add-opens=javafx.controls/com.sun.javafx.scene.control=controlsfx --add-opens=javafx.controls/com.sun.javafx.scene.control.behavior=controlsfx --add-opens=javafx.controls/javafx.scene.control.skin=controlsfx --add-opens=javafx.graphics/javafx.scene=controlsfx --add-opens=java.base/java.util=org.apache.commons.lang3 --add-opens=java.base/java.lang=org.apache.commons.lang3 --add-opens=java.base/java.time=org.apache.commons.lang3 --add-opens=java.desktop/java.awt=org.apache.commons.lang3 --add-opens=java.base/java.time.chrono=bw.core --add-opens=javafx.controls/javafx.scene.control.skin=bw.core --add-opens=javafx.controls/com.sun.javafx.scene.control=org.scenicview.scenicview -Djdk.module.main=bw.launcher bw.launcher/sa.gov.nic.bio.bw.AppLauncher -Dfile.encoding=windows-1256 -Duser.country=US -Duser.language=en -Duser.variant sa.gov.nic.bio.bw.AppLauncher

Host: Intel(R) Xeon(R) CPU E3-1270 v5 @ 3.60GHz, 8 cores, 31G,  Windows 10 , 64 bit Build 17763 (10.0.17763.404)
Time: Tue Apr  9 18:23:23 2019 Arab Standard Time elapsed time: 30 seconds (0d 0h 0m 30s)

---------------  T H R E A D  ---------------

Current thread (0x000002133e6e9800):  JavaThread "JavaFX Application Thread" [_thread_in_native, id=17960, stack(0x0000001b51a00000,0x0000001b51b00000)]

Stack: [0x0000001b51a00000,0x0000001b51b00000],  sp=0x0000001b51afac80,  free space=1003k
Native frames: (J=compiled Java code, j=interpreted, Vv=VM code, C=native code)
C  [glass.dll+0x105d3]

Java frames: (J=compiled Java code, j=interpreted, Vv=VM code)
j  com.sun.glass.ui.win.WinSystemClipboard.popMimesFromSystem()[Ljava/lang/String;+0 javafx.graphics
j  com.sun.glass.ui.win.WinSystemClipboard.mimesFromSystem()[Ljava/lang/String;+10 javafx.graphics
j  com.sun.glass.ui.SystemClipboard.getMimeTypes()[Ljava/lang/String;+16 javafx.graphics
j  com.sun.glass.ui.ClipboardAssistance.getMimeTypes()[Ljava/lang/String;+7 javafx.graphics
j  com.sun.javafx.tk.quantum.QuantumClipboard.hasContent(Ljavafx/scene/input/DataFormat;)Z+69 javafx.graphics
j  javafx.scene.input.Clipboard.hasContent(Ljavafx/scene/input/DataFormat;)Z+11 javafx.graphics
j  javafx.scene.input.Clipboard.hasString()Z+4 javafx.graphics
j  javafx.scene.control.TextInputControl.paste()V+5 javafx.controls
j  com.sun.javafx.scene.control.behavior.TextInputControlBehavior.paste()V+12 javafx.controls
j  com.sun.javafx.scene.control.behavior.TextInputControlBehavior.lambda$new$20(Ljavafx/scene/input/KeyEvent;)V+1 javafx.controls
j  com.sun.javafx.scene.control.behavior.TextInputControlBehavior$$Lambda$910.handle(Ljavafx/event/Event;)V+8 javafx.controls
j  com.sun.javafx.scene.control.behavior.TextInputControlBehavior.lambda$keyMapping$62(Ljavafx/event/EventHandler;Ljavafx/scene/input/KeyEvent;)V+7 javafx.controls
j  com.sun.javafx.scene.control.behavior.TextInputControlBehavior$$Lambda$893.handle(Ljavafx/event/Event;)V+12 javafx.controls
j  com.sun.javafx.scene.control.inputmap.InputMap.handle(Ljavafx/event/Event;)V+61 javafx.controls
j  com.sun.javafx.scene.control.inputmap.InputMap$$Lambda$367.handle(Ljavafx/event/Event;)V+5 javafx.controls
J 6013 c1 com.sun.javafx.event.CompositeEventHandler$NormalEventHandlerRecord.handleBubblingEvent(Ljavafx/event/Event;)V javafx.base (11 bytes) @ 0x0000021318f3916c [0x0000021318f39060+0x000000000000010c]
J 6073 c1 com.sun.javafx.event.CompositeEventHandler.dispatchBubblingEvent(Ljavafx/event/Event;)V javafx.base (57 bytes) @ 0x0000021318f5617c [0x0000021318f55f20+0x000000000000025c]
J 5870 c1 com.sun.javafx.event.EventHandlerManager.dispatchBubblingEvent(Ljavafx/event/Event;)Ljavafx/event/Event; javafx.base (23 bytes) @ 0x0000021318eebf2c [0x0000021318eeb8c0+0x000000000000066c]
J 5873 c1 com.sun.javafx.event.CompositeEventDispatcher.dispatchBubblingEvent(Ljavafx/event/Event;)Ljavafx/event/Event; javafx.base (35 bytes) @ 0x0000021318ef11cc [0x0000021318ef1000+0x00000000000001cc]
J 5766 c1 com.sun.javafx.event.BasicEventDispatcher.dispatchEvent(Ljavafx/event/Event;Ljavafx/event/EventDispatchChain;)Ljavafx/event/Event; javafx.base (44 bytes) @ 0x0000021318e96fdc [0x0000021318e96c80+0x000000000000035c]
J 5713 c1 com.sun.javafx.event.EventDispatchChainImpl.dispatchEvent(Ljavafx/event/Event;)Ljavafx/event/Event; javafx.base (101 bytes) @ 0x0000021318e6de24 [0x0000021318e6dc60+0x00000000000001c4]
J 5766 c1 com.sun.javafx.event.BasicEventDispatcher.dispatchEvent(Ljavafx/event/Event;Ljavafx/event/EventDispatchChain;)Ljavafx/event/Event; javafx.base (44 bytes) @ 0x0000021318e96eec [0x0000021318e96c80+0x000000000000026c]
J 5713 c1 com.sun.javafx.event.EventDispatchChainImpl.dispatchEvent(Ljavafx/event/Event;)Ljavafx/event/Event; javafx.base (101 bytes) @ 0x0000021318e6de24 [0x0000021318e6dc60+0x00000000000001c4]
J 5766 c1 com.sun.javafx.event.BasicEventDispatcher.dispatchEvent(Ljavafx/event/Event;Ljavafx/event/EventDispatchChain;)Ljavafx/event/Event; javafx.base (44 bytes) @ 0x0000021318e96eec [0x0000021318e96c80+0x000000000000026c]
J 5713 c1 com.sun.javafx.event.EventDispatchChainImpl.dispatchEvent(Ljavafx/event/Event;)Ljavafx/event/Event; javafx.base (101 bytes) @ 0x0000021318e6de24 [0x0000021318e6dc60+0x00000000000001c4]
J 5766 c1 com.sun.javafx.event.BasicEventDispatcher.dispatchEvent(Ljavafx/event/Event;Ljavafx/event/EventDispatchChain;)Ljavafx/event/Event; javafx.base (44 bytes) @ 0x0000021318e96eec [0x0000021318e96c80+0x000000000000026c]
J 5713 c1 com.sun.javafx.event.EventDispatchChainImpl.dispatchEvent(Ljavafx/event/Event;)Ljavafx/event/Event; javafx.base (101 bytes) @ 0x0000021318e6de24 [0x0000021318e6dc60+0x00000000000001c4]
J 5766 c1 com.sun.javafx.event.BasicEventDispatcher.dispatchEvent(Ljavafx/event/Event;Ljavafx/event/EventDispatchChain;)Ljavafx/event/Event; javafx.base (44 bytes) @ 0x0000021318e96eec [0x0000021318e96c80+0x000000000000026c]
J 5713 c1 com.sun.javafx.event.EventDispatchChainImpl.dispatchEvent(Ljavafx/event/Event;)Ljavafx/event/Event; javafx.base (101 bytes) @ 0x0000021318e6de24 [0x0000021318e6dc60+0x00000000000001c4]
J 5766 c1 com.sun.javafx.event.BasicEventDispatcher.dispatchEvent(Ljavafx/event/Event;Ljavafx/event/EventDispatchChain;)Ljavafx/event/Event; javafx.base (44 bytes) @ 0x0000021318e96eec [0x0000021318e96c80+0x000000000000026c]
J 5713 c1 com.sun.javafx.event.EventDispatchChainImpl.dispatchEvent(Ljavafx/event/Event;)Ljavafx/event/Event; javafx.base (101 bytes) @ 0x0000021318e6de24 [0x0000021318e6dc60+0x00000000000001c4]
J 6122 c1 com.sun.javafx.event.EventUtil.fireEvent(Ljavafx/event/EventTarget;Ljavafx/event/Event;)Ljavafx/event/Event; javafx.base (81 bytes) @ 0x0000021318f78ab4 [0x0000021318f782a0+0x0000000000000814]
J 6121 c1 javafx.event.Event.fireEvent(Ljavafx/event/EventTarget;Ljavafx/event/Event;)V javafx.base (35 bytes) @ 0x0000021318f77bc4 [0x0000021318f77b00+0x00000000000000c4]
j  javafx.scene.Scene$KeyHandler.process(Ljavafx/scene/input/KeyEvent;)V+34 javafx.graphics
j  javafx.scene.Scene.processKeyEvent(Ljavafx/scene/input/KeyEvent;)V+28 javafx.graphics
j  javafx.scene.Scene$ScenePeerListener.keyEvent(Ljavafx/scene/input/KeyEvent;)V+5 javafx.graphics
j  com.sun.javafx.tk.quantum.GlassViewEventHandler$KeyEventNotification.run()Ljava/lang/Void;+357 javafx.graphics
j  com.sun.javafx.tk.quantum.GlassViewEventHandler$KeyEventNotification.run()Ljava/lang/Object;+1 javafx.graphics
v  ~StubRoutines::call_stub
J 3254  java.security.AccessController.doPrivileged(Ljava/security/PrivilegedAction;Ljava/security/AccessControlContext;)Ljava/lang/Object; java.base@11.0.1 (0 bytes) @ 0x000002131f90e1b6 [0x000002131f90e140+0x0000000000000076]
j  com.sun.javafx.tk.quantum.GlassViewEventHandler.lambda$handleKeyEvent$1()Ljava/lang/Void;+11 javafx.graphics
j  com.sun.javafx.tk.quantum.GlassViewEventHandler$$Lambda$573.get()Ljava/lang/Object;+4 javafx.graphics
J 6080 c1 com.sun.javafx.tk.quantum.QuantumToolkit.runWithoutRenderLock(Ljava/util/function/Supplier;)Ljava/lang/Object; javafx.graphics (49 bytes) @ 0x0000021318f58794 [0x0000021318f583c0+0x00000000000003d4]
j  com.sun.javafx.tk.quantum.GlassViewEventHandler.handleKeyEvent(Lcom/sun/glass/ui/View;JII[CI)V+58 javafx.graphics
j  com.sun.glass.ui.View.handleKeyEvent(JII[CI)V+20 javafx.graphics
j  com.sun.glass.ui.View.notifyKey(II[CI)V+9 javafx.graphics
v  ~StubRoutines::call_stub
j  com.sun.glass.ui.win.WinApplication._runLoop(Ljava/lang/Runnable;)V+0 javafx.graphics
j  com.sun.glass.ui.win.WinApplication.lambda$runLoop$3(ILjava/lang/Runnable;)V+8 javafx.graphics
j  com.sun.glass.ui.win.WinApplication$$Lambda$106.run()V+12 javafx.graphics
j  java.lang.Thread.run()V+11 java.base@11.0.1
v  ~StubRoutines::call_stub

siginfo: EXCEPTION_ACCESS_VIOLATION (0xc0000005), reading address 0x000002133e60a08c


Register to memory mapping:

RIP=0x00007ffdec6f05d3 glass.dll
RAX=0x000000000000014c is an unknown value
RBX=0x000000000000002a is an unknown value
RCX=0x000002130d7e0000 points into unknown readable memory
RDX=0x000002130d7e0000 points into unknown readable memory
RSP=0x0000001b51afac80 is pointing into the stack for thread: 0x000002133e6e9800
RBP=0x0 is NULL
RSI=0x000002133e606a10 points into unknown readable memory
RDI=0x0 is NULL
R8 =0x000002130d8e2340 points into unknown readable memory
R9 =0x0000000000008000 is an unknown value
R10=0x0000000000000020 is an unknown value
R11=0x0000000000000002 is an unknown value
R12=0x0 is NULL
R13=0x000000000000002a is an unknown value
R14=0x00000213473a1f60 points into unknown readable memory
R15=0x0000000000003678 is an unknown value


Registers:
RAX=0x000000000000014c, RBX=0x000000000000002a, RCX=0x000002130d7e0000, RDX=0x000002130d7e0000
RSP=0x0000001b51afac80, RBP=0x0000000000000000, RSI=0x000002133e606a10, RDI=0x0000000000000000
R8 =0x000002130d8e2340, R9 =0x0000000000008000, R10=0x0000000000000020, R11=0x0000000000000002
R12=0x0000000000000000, R13=0x000000000000002a, R14=0x00000213473a1f60, R15=0x0000000000003678
RIP=0x00007ffdec6f05d3, EFLAGS=0x0000000000010206

Top of Stack: (sp=0x0000001b51afac80)
0x0000001b51afac80:   000000000000002a 0000000000000000
0x0000001b51afac90:   00000213473a25a0 00000213473a2000
0x0000001b51afaca0:   000000003e6e9800 0000000000000001
0x0000001b51afacb0:   00000213473a0f40 00000213473a25a0
0x0000001b51afacc0:   000002130000002a 0000000000000000
0x0000001b51afacd0:   000002133e606a10 0000001b51afb350
0x0000001b51aface0:   00000213473a2200 00000213473a18c0
0x0000001b51afacf0:   00000213473a2260 0000000000000000
0x0000001b51afad00:   3f80000000000400 00000213473a1280
0x0000001b51afad10:   0000000000000030 000002133f88d5a0
0x0000001b51afad20:   000002133f88d9a0 000002133f88d9a0
0x0000001b51afad30:   000000000000003f 0000000000000040
0x0000001b51afad40:   00000213473a1f60 00000213473a12e0
0x0000001b51afad50:   00000213473a1160 00000213473a1440
0x0000001b51afad60:   0000000000000000 0000000000000000
0x0000001b51afad70:   0000000000000000 0000000000000000 

Instructions: (pc=0x00007ffdec6f05d3)
0x00007ffdec6f05b3:   44 8b eb 41 bf 50 02 00 00 83 7c 24 28 00 b8 4c
0x00007ffdec6f05c3:   01 00 00 44 0f 45 f8 4d 0f af fd 48 8b 74 24 50
0x00007ffdec6f05d3:   41 f6 44 37 04 40 0f 84 f8 01 00 00 41 8b 44 37
0x00007ffdec6f05e3:   48 89 84 24 10 01 00 00 41 8b 44 37 44 89 84 24 



---------------  P R O C E S S  ---------------

Threads class SMR info:
_java_thread_list=0x000002133fd5ee00, length=22, elements={
0x000002130f99f800, 0x000002133d370000, 0x000002133d371000, 0x000002133d3f5800,
0x000002133d3f6800, 0x000002133d3f9000, 0x000002133d406000, 0x000002133d40c800,
0x000002133d536000, 0x000002133ed3b800, 0x000002133ea92000, 0x000002133e176000,
0x000002133e6e9800, 0x000002133ecfe800, 0x000002133f712800, 0x000002133f70f800,
0x000002133f8cb000, 0x000002133f849000, 0x0000021346fe2800, 0x000002133fe72800,
0x000002133fe74800, 0x000002133fe79000
}

Java Threads: ( => current thread )
  0x000002130f99f800 JavaThread "main" [_thread_blocked, id=808, stack(0x0000001b4fd00000,0x0000001b4fe00000)]
  0x000002133d370000 JavaThread "Reference Handler" daemon [_thread_blocked, id=20896, stack(0x0000001b50400000,0x0000001b50500000)]
  0x000002133d371000 JavaThread "Finalizer" daemon [_thread_blocked, id=8008, stack(0x0000001b50500000,0x0000001b50600000)]
  0x000002133d3f5800 JavaThread "Signal Dispatcher" daemon [_thread_blocked, id=22368, stack(0x0000001b50600000,0x0000001b50700000)]
  0x000002133d3f6800 JavaThread "Attach Listener" daemon [_thread_blocked, id=20816, stack(0x0000001b50700000,0x0000001b50800000)]
  0x000002133d3f9000 JavaThread "C2 CompilerThread0" daemon [_thread_blocked, id=17348, stack(0x0000001b50800000,0x0000001b50900000)]
  0x000002133d406000 JavaThread "C1 CompilerThread0" daemon [_thread_blocked, id=12436, stack(0x0000001b50900000,0x0000001b50a00000)]
  0x000002133d40c800 JavaThread "Sweeper thread" daemon [_thread_blocked, id=12980, stack(0x0000001b50a00000,0x0000001b50b00000)]
  0x000002133d536000 JavaThread "Common-Cleaner" daemon [_thread_blocked, id=15704, stack(0x0000001b50b00000,0x0000001b50c00000)]
  0x000002133ed3b800 JavaThread "Service Thread" daemon [_thread_blocked, id=19448, stack(0x0000001b50e00000,0x0000001b50f00000)]
  0x000002133ea92000 JavaThread "QuantumRenderer-0" daemon [_thread_blocked, id=20832, stack(0x0000001b51700000,0x0000001b51800000)]
  0x000002133e176000 JavaThread "InvokeLaterDispatcher" daemon [_thread_blocked, id=19984, stack(0x0000001b51900000,0x0000001b51a00000)]
=>0x000002133e6e9800 JavaThread "JavaFX Application Thread" [_thread_in_native, id=17960, stack(0x0000001b51a00000,0x0000001b51b00000)]
  0x000002133ecfe800 JavaThread "Thread-1" daemon [_thread_in_native, id=19976, stack(0x0000001b51b00000,0x0000001b51c00000)]
  0x000002133f712800 JavaThread "JavaFX-Launcher" [_thread_blocked, id=23496, stack(0x0000001b51c00000,0x0000001b51d00000)]
  0x000002133f70f800 JavaThread "Cleaner-0" daemon [_thread_blocked, id=16988, stack(0x0000001b52100000,0x0000001b52200000)]
  0x000002133f8cb000 JavaThread "Prism Font Disposer" daemon [_thread_blocked, id=21168, stack(0x0000001b52200000,0x0000001b52300000)]
  0x000002133f849000 JavaThread "OkHttp ConnectionPool" daemon [_thread_blocked, id=17640, stack(0x0000001b52330000,0x0000001b52430000)]
  0x0000021346fe2800 JavaThread "Okio Watchdog" daemon [_thread_blocked, id=1596, stack(0x0000001b52430000,0x0000001b52530000)]
  0x000002133fe72800 JavaThread "Java2D Disposer" daemon [_thread_blocked, id=8256, stack(0x0000001b52630000,0x0000001b52730000)]
  0x000002133fe74800 JavaThread "AWT-Windows" daemon [_thread_in_native, id=6948, stack(0x0000001b52830000,0x0000001b52930000)]
  0x000002133fe79000 JavaThread "Thread-5" [_thread_blocked, id=12320, stack(0x0000001b52930000,0x0000001b52a30000)]

Other Threads:
  0x000002133d36e000 VMThread "VM Thread" [stack: 0x0000001b50300000,0x0000001b50400000] [id=3132]
  0x000002133eb3d000 WatcherThread [stack: 0x0000001b50f00000,0x0000001b51000000] [id=12548]
  0x000002130f9bb000 GCTaskThread "GC Thread#0" [stack: 0x0000001b4fe00000,0x0000001b4ff00000] [id=18024]
  0x000002133e657000 GCTaskThread "GC Thread#1" [stack: 0x0000001b51000000,0x0000001b51100000] [id=3504]
  0x000002133e98b800 GCTaskThread "GC Thread#2" [stack: 0x0000001b51100000,0x0000001b51200000] [id=22252]
  0x000002133ece0000 GCTaskThread "GC Thread#3" [stack: 0x0000001b51200000,0x0000001b51300000] [id=3140]
  0x000002133e65c000 GCTaskThread "GC Thread#4" [stack: 0x0000001b51300000,0x0000001b51400000] [id=10512]
  0x000002133e2b8000 GCTaskThread "GC Thread#5" [stack: 0x0000001b51400000,0x0000001b51500000] [id=22632]
  0x000002133e19a000 GCTaskThread "GC Thread#6" [stack: 0x0000001b51500000,0x0000001b51600000] [id=15304]
  0x000002133e2d5800 GCTaskThread "GC Thread#7" [stack: 0x0000001b51600000,0x0000001b51700000] [id=16204]
  0x000002130fa3a000 ConcurrentGCThread "G1 Main Marker" [stack: 0x0000001b4ff00000,0x0000001b50000000] [id=20516]
  0x000002130fa3b000 ConcurrentGCThread "G1 Conc#0" [stack: 0x0000001b50000000,0x0000001b50100000] [id=20944]
  0x000002133f412000 ConcurrentGCThread "G1 Conc#1" [stack: 0x0000001b52000000,0x0000001b52100000] [id=23508]
  0x000002133c9d6000 ConcurrentGCThread "G1 Refine#0" [stack: 0x0000001b50100000,0x0000001b50200000] [id=19556]
  0x000002133c9d7000 ConcurrentGCThread "G1 Young RemSet Sampling" [stack: 0x0000001b50200000,0x0000001b50300000] [id=8768]

Threads with active compile tasks:

VM state:not at safepoint (normal execution)

VM Mutex/Monitor currently owned by a thread: None

Heap address: 0x0000000602000000, size: 8160 MB, Compressed Oops mode: Zero based, Oop shift amount: 3
Narrow klass base: 0x0000000800000000, Narrow klass shift: 0
Compressed class space size: 1073741824 Address: 0x0000000800000000

Heap:
 garbage-first heap   total 522240K, used 31849K [0x0000000602000000, 0x0000000800000000)
  region size 2048K, 9 young (18432K), 5 survivors (10240K)
 Metaspace       used 43835K, capacity 45700K, committed 45952K, reserved 1089536K
  class space    used 5706K, capacity 6527K, committed 6528K, reserved 1048576K
Heap Regions: E=young(eden), S=young(survivor), O=old, HS=humongous(starts), HC=humongous(continues), CS=collection set, F=free, A=archive, TAMS=top-at-mark-start (previous, next)
|   0|0x0000000602000000, 0x0000000602200000, 0x0000000602200000|100%|HS|  |TAMS 0x0000000602200000, 0x0000000602000000| Complete 
|   1|0x0000000602200000, 0x0000000602200000, 0x0000000602400000|  0%| F|  |TAMS 0x0000000602200000, 0x0000000602200000| Untracked 
|   2|0x0000000602400000, 0x0000000602600000, 0x0000000602600000|100%|HS|  |TAMS 0x0000000602600000, 0x0000000602400000| Complete 
|   3|0x0000000602600000, 0x0000000602800000, 0x0000000602800000|100%|HS|  |TAMS 0x0000000602800000, 0x0000000602600000| Complete 
|   4|0x0000000602800000, 0x0000000602a00000, 0x0000000602a00000|100%| O|  |TAMS 0x0000000602a00000, 0x0000000602800000| Untracked 
|   5|0x0000000602a00000, 0x0000000602c00000, 0x0000000602c00000|100%| O|  |TAMS 0x0000000602a50200, 0x0000000602a00000| Untracked 
|   6|0x0000000602c00000, 0x0000000602e00000, 0x0000000602e00000|100%| O|  |TAMS 0x0000000602c00000, 0x0000000602c00000| Untracked 
|   7|0x0000000602e00000, 0x0000000603000000, 0x0000000603000000|100%| O|  |TAMS 0x0000000602e00000, 0x0000000602e00000| Untracked 
|   8|0x0000000603000000, 0x000000060311a400, 0x0000000603200000| 55%| O|  |TAMS 0x0000000603000000, 0x0000000603000000| Untracked 
|   9|0x0000000603200000, 0x0000000603200000, 0x0000000603400000|  0%| F|  |TAMS 0x0000000603200000, 0x0000000603200000| Untracked 
|  10|0x0000000603400000, 0x0000000603400000, 0x0000000603600000|  0%| F|  |TAMS 0x0000000603400000, 0x0000000603400000| Untracked 
|  11|0x0000000603600000, 0x0000000603600000, 0x0000000603800000|  0%| F|  |TAMS 0x0000000603600000, 0x0000000603600000| Untracked 
|  12|0x0000000603800000, 0x0000000603800000, 0x0000000603a00000|  0%| F|  |TAMS 0x0000000603800000, 0x0000000603800000| Untracked 
|  13|0x0000000603a00000, 0x0000000603a00000, 0x0000000603c00000|  0%| F|  |TAMS 0x0000000603a00000, 0x0000000603a00000| Untracked 
|  14|0x0000000603c00000, 0x0000000603c00000, 0x0000000603e00000|  0%| F|  |TAMS 0x0000000603c00000, 0x0000000603c00000| Untracked 
|  15|0x0000000603e00000, 0x0000000603e00000, 0x0000000604000000|  0%| F|  |TAMS 0x0000000603e00000, 0x0000000603e00000| Untracked 
|  16|0x0000000604000000, 0x0000000604000000, 0x0000000604200000|  0%| F|  |TAMS 0x0000000604000000, 0x0000000604000000| Untracked 
|  17|0x0000000604200000, 0x0000000604200000, 0x0000000604400000|  0%| F|  |TAMS 0x0000000604200000, 0x0000000604200000| Untracked 
|  18|0x0000000604400000, 0x0000000604400000, 0x0000000604600000|  0%| F|  |TAMS 0x0000000604400000, 0x0000000604400000| Untracked 
|  19|0x0000000604600000, 0x0000000604600000, 0x0000000604800000|  0%| F|  |TAMS 0x0000000604600000, 0x0000000604600000| Untracked 
|  20|0x0000000604800000, 0x0000000604800000, 0x0000000604a00000|  0%| F|  |TAMS 0x0000000604800000, 0x0000000604800000| Untracked 
|  21|0x0000000604a00000, 0x0000000604a00000, 0x0000000604c00000|  0%| F|  |TAMS 0x0000000604a00000, 0x0000000604a00000| Untracked 
|  22|0x0000000604c00000, 0x0000000604c00000, 0x0000000604e00000|  0%| F|  |TAMS 0x0000000604c00000, 0x0000000604c00000| Untracked 
|  23|0x0000000604e00000, 0x0000000604e00000, 0x0000000605000000|  0%| F|  |TAMS 0x0000000604e00000, 0x0000000604e00000| Untracked 
|  24|0x0000000605000000, 0x0000000605000000, 0x0000000605200000|  0%| F|  |TAMS 0x0000000605000000, 0x0000000605000000| Untracked 
|  25|0x0000000605200000, 0x0000000605200000, 0x0000000605400000|  0%| F|  |TAMS 0x0000000605200000, 0x0000000605200000| Untracked 
|  26|0x0000000605400000, 0x0000000605400000, 0x0000000605600000|  0%| F|  |TAMS 0x0000000605400000, 0x0000000605400000| Untracked 
|  27|0x0000000605600000, 0x0000000605600000, 0x0000000605800000|  0%| F|  |TAMS 0x0000000605600000, 0x0000000605600000| Untracked 
|  28|0x0000000605800000, 0x0000000605800000, 0x0000000605a00000|  0%| F|  |TAMS 0x0000000605800000, 0x0000000605800000| Untracked 
|  29|0x0000000605a00000, 0x0000000605a00000, 0x0000000605c00000|  0%| F|  |TAMS 0x0000000605a00000, 0x0000000605a00000| Untracked 
|  30|0x0000000605c00000, 0x0000000605c00000, 0x0000000605e00000|  0%| F|  |TAMS 0x0000000605c00000, 0x0000000605c00000| Untracked 
|  31|0x0000000605e00000, 0x0000000605e00000, 0x0000000606000000|  0%| F|  |TAMS 0x0000000605e00000, 0x0000000605e00000| Untracked 
|  32|0x0000000606000000, 0x0000000606000000, 0x0000000606200000|  0%| F|  |TAMS 0x0000000606000000, 0x0000000606000000| Untracked 
|  33|0x0000000606200000, 0x0000000606200000, 0x0000000606400000|  0%| F|  |TAMS 0x0000000606200000, 0x0000000606200000| Untracked 
|  34|0x0000000606400000, 0x0000000606400000, 0x0000000606600000|  0%| F|  |TAMS 0x0000000606400000, 0x0000000606400000| Untracked 
|  35|0x0000000606600000, 0x0000000606600000, 0x0000000606800000|  0%| F|  |TAMS 0x0000000606600000, 0x0000000606600000| Untracked 
|  36|0x0000000606800000, 0x0000000606800000, 0x0000000606a00000|  0%| F|  |TAMS 0x0000000606800000, 0x0000000606800000| Untracked 
|  37|0x0000000606a00000, 0x0000000606a00000, 0x0000000606c00000|  0%| F|  |TAMS 0x0000000606a00000, 0x0000000606a00000| Untracked 
|  38|0x0000000606c00000, 0x0000000606c00000, 0x0000000606e00000|  0%| F|  |TAMS 0x0000000606c00000, 0x0000000606c00000| Untracked 
|  39|0x0000000606e00000, 0x0000000606e00000, 0x0000000607000000|  0%| F|  |TAMS 0x0000000606e00000, 0x0000000606e00000| Untracked 
|  40|0x0000000607000000, 0x0000000607000000, 0x0000000607200000|  0%| F|  |TAMS 0x0000000607000000, 0x0000000607000000| Untracked 
|  41|0x0000000607200000, 0x0000000607200000, 0x0000000607400000|  0%| F|  |TAMS 0x0000000607200000, 0x0000000607200000| Untracked 
|  42|0x0000000607400000, 0x0000000607400000, 0x0000000607600000|  0%| F|  |TAMS 0x0000000607400000, 0x0000000607400000| Untracked 
|  43|0x0000000607600000, 0x0000000607600000, 0x0000000607800000|  0%| F|  |TAMS 0x0000000607600000, 0x0000000607600000| Untracked 
|  44|0x0000000607800000, 0x0000000607800000, 0x0000000607a00000|  0%| F|  |TAMS 0x0000000607800000, 0x0000000607800000| Untracked 
|  45|0x0000000607a00000, 0x0000000607a00000, 0x0000000607c00000|  0%| F|  |TAMS 0x0000000607a00000, 0x0000000607a00000| Untracked 
|  46|0x0000000607c00000, 0x0000000607c00000, 0x0000000607e00000|  0%| F|  |TAMS 0x0000000607c00000, 0x0000000607c00000| Untracked 
|  47|0x0000000607e00000, 0x0000000607e00000, 0x0000000608000000|  0%| F|  |TAMS 0x0000000607e00000, 0x0000000607e00000| Untracked 
|  48|0x0000000608000000, 0x0000000608000000, 0x0000000608200000|  0%| F|  |TAMS 0x0000000608000000, 0x0000000608000000| Untracked 
|  49|0x0000000608200000, 0x0000000608200000, 0x0000000608400000|  0%| F|  |TAMS 0x0000000608200000, 0x0000000608200000| Untracked 
|  50|0x0000000608400000, 0x0000000608400000, 0x0000000608600000|  0%| F|  |TAMS 0x0000000608400000, 0x0000000608400000| Untracked 
|  51|0x0000000608600000, 0x0000000608600000, 0x0000000608800000|  0%| F|  |TAMS 0x0000000608600000, 0x0000000608600000| Untracked 
|  52|0x0000000608800000, 0x0000000608800000, 0x0000000608a00000|  0%| F|  |TAMS 0x0000000608800000, 0x0000000608800000| Untracked 
|  53|0x0000000608a00000, 0x0000000608a00000, 0x0000000608c00000|  0%| F|  |TAMS 0x0000000608a00000, 0x0000000608a00000| Untracked 
|  54|0x0000000608c00000, 0x0000000608c00000, 0x0000000608e00000|  0%| F|  |TAMS 0x0000000608c00000, 0x0000000608c00000| Untracked 
|  55|0x0000000608e00000, 0x0000000608e00000, 0x0000000609000000|  0%| F|  |TAMS 0x0000000608e00000, 0x0000000608e00000| Untracked 
|  56|0x0000000609000000, 0x0000000609000000, 0x0000000609200000|  0%| F|  |TAMS 0x0000000609000000, 0x0000000609000000| Untracked 
|  57|0x0000000609200000, 0x0000000609200000, 0x0000000609400000|  0%| F|  |TAMS 0x0000000609200000, 0x0000000609200000| Untracked 
|  58|0x0000000609400000, 0x0000000609400000, 0x0000000609600000|  0%| F|  |TAMS 0x0000000609400000, 0x0000000609400000| Untracked 
|  59|0x0000000609600000, 0x0000000609600000, 0x0000000609800000|  0%| F|  |TAMS 0x0000000609600000, 0x0000000609600000| Untracked 
|  60|0x0000000609800000, 0x0000000609800000, 0x0000000609a00000|  0%| F|  |TAMS 0x0000000609800000, 0x0000000609800000| Untracked 
|  61|0x0000000609a00000, 0x0000000609a00000, 0x0000000609c00000|  0%| F|  |TAMS 0x0000000609a00000, 0x0000000609a00000| Untracked 
|  62|0x0000000609c00000, 0x0000000609c00000, 0x0000000609e00000|  0%| F|  |TAMS 0x0000000609c00000, 0x0000000609c00000| Untracked 
|  63|0x0000000609e00000, 0x0000000609e00000, 0x000000060a000000|  0%| F|  |TAMS 0x0000000609e00000, 0x0000000609e00000| Untracked 
|  64|0x000000060a000000, 0x000000060a000000, 0x000000060a200000|  0%| F|  |TAMS 0x000000060a000000, 0x000000060a000000| Untracked 
|  65|0x000000060a200000, 0x000000060a200000, 0x000000060a400000|  0%| F|  |TAMS 0x000000060a200000, 0x000000060a200000| Untracked 
|  66|0x000000060a400000, 0x000000060a400000, 0x000000060a600000|  0%| F|  |TAMS 0x000000060a400000, 0x000000060a400000| Untracked 
|  67|0x000000060a600000, 0x000000060a600000, 0x000000060a800000|  0%| F|  |TAMS 0x000000060a600000, 0x000000060a600000| Untracked 
|  68|0x000000060a800000, 0x000000060a800000, 0x000000060aa00000|  0%| F|  |TAMS 0x000000060a800000, 0x000000060a800000| Untracked 
|  69|0x000000060aa00000, 0x000000060aa00000, 0x000000060ac00000|  0%| F|  |TAMS 0x000000060aa00000, 0x000000060aa00000| Untracked 
|  70|0x000000060ac00000, 0x000000060ac00000, 0x000000060ae00000|  0%| F|  |TAMS 0x000000060ac00000, 0x000000060ac00000| Untracked 
|  71|0x000000060ae00000, 0x000000060ae00000, 0x000000060b000000|  0%| F|  |TAMS 0x000000060ae00000, 0x000000060ae00000| Untracked 
|  72|0x000000060b000000, 0x000000060b000000, 0x000000060b200000|  0%| F|  |TAMS 0x000000060b000000, 0x000000060b000000| Untracked 
|  73|0x000000060b200000, 0x000000060b200000, 0x000000060b400000|  0%| F|  |TAMS 0x000000060b200000, 0x000000060b200000| Untracked 
|  74|0x000000060b400000, 0x000000060b400000, 0x000000060b600000|  0%| F|  |TAMS 0x000000060b400000, 0x000000060b400000| Untracked 
|  75|0x000000060b600000, 0x000000060b600000, 0x000000060b800000|  0%| F|  |TAMS 0x000000060b600000, 0x000000060b600000| Untracked 
|  76|0x000000060b800000, 0x000000060b800000, 0x000000060ba00000|  0%| F|  |TAMS 0x000000060b800000, 0x000000060b800000| Untracked 
|  77|0x000000060ba00000, 0x000000060ba00000, 0x000000060bc00000|  0%| F|  |TAMS 0x000000060ba00000, 0x000000060ba00000| Untracked 
|  78|0x000000060bc00000, 0x000000060bc00000, 0x000000060be00000|  0%| F|  |TAMS 0x000000060bc00000, 0x000000060bc00000| Untracked 
|  79|0x000000060be00000, 0x000000060be00000, 0x000000060c000000|  0%| F|  |TAMS 0x000000060be00000, 0x000000060be00000| Untracked 
|  80|0x000000060c000000, 0x000000060c000000, 0x000000060c200000|  0%| F|  |TAMS 0x000000060c000000, 0x000000060c000000| Untracked 
|  81|0x000000060c200000, 0x000000060c200000, 0x000000060c400000|  0%| F|  |TAMS 0x000000060c200000, 0x000000060c200000| Untracked 
|  82|0x000000060c400000, 0x000000060c400000, 0x000000060c600000|  0%| F|  |TAMS 0x000000060c400000, 0x000000060c400000| Untracked 
|  83|0x000000060c600000, 0x000000060c600000, 0x000000060c800000|  0%| F|  |TAMS 0x000000060c600000, 0x000000060c600000| Untracked 
|  84|0x000000060c800000, 0x000000060c800000, 0x000000060ca00000|  0%| F|  |TAMS 0x000000060c800000, 0x000000060c800000| Untracked 
|  85|0x000000060ca00000, 0x000000060ca00000, 0x000000060cc00000|  0%| F|  |TAMS 0x000000060ca00000, 0x000000060ca00000| Untracked 
|  86|0x000000060cc00000, 0x000000060cc00000, 0x000000060ce00000|  0%| F|  |TAMS 0x000000060cc00000, 0x000000060cc00000| Untracked 
|  87|0x000000060ce00000, 0x000000060ce00000, 0x000000060d000000|  0%| F|  |TAMS 0x000000060ce00000, 0x000000060ce00000| Untracked 
|  88|0x000000060d000000, 0x000000060d000000, 0x000000060d200000|  0%| F|  |TAMS 0x000000060d000000, 0x000000060d000000| Untracked 
|  89|0x000000060d200000, 0x000000060d200000, 0x000000060d400000|  0%| F|  |TAMS 0x000000060d200000, 0x000000060d200000| Untracked 
|  90|0x000000060d400000, 0x000000060d400000, 0x000000060d600000|  0%| F|  |TAMS 0x000000060d400000, 0x000000060d400000| Untracked 
|  91|0x000000060d600000, 0x000000060d600000, 0x000000060d800000|  0%| F|  |TAMS 0x000000060d600000, 0x000000060d600000| Untracked 
|  92|0x000000060d800000, 0x000000060d800000, 0x000000060da00000|  0%| F|  |TAMS 0x000000060d800000, 0x000000060d800000| Untracked 
|  93|0x000000060da00000, 0x000000060da00000, 0x000000060dc00000|  0%| F|  |TAMS 0x000000060da00000, 0x000000060da00000| Untracked 
|  94|0x000000060dc00000, 0x000000060dc00000, 0x000000060de00000|  0%| F|  |TAMS 0x000000060dc00000, 0x000000060dc00000| Untracked 
|  95|0x000000060de00000, 0x000000060de00000, 0x000000060e000000|  0%| F|  |TAMS 0x000000060de00000, 0x000000060de00000| Untracked 
|  96|0x000000060e000000, 0x000000060e000000, 0x000000060e200000|  0%| F|  |TAMS 0x000000060e000000, 0x000000060e000000| Untracked 
|  97|0x000000060e200000, 0x000000060e200000, 0x000000060e400000|  0%| F|  |TAMS 0x000000060e200000, 0x000000060e200000| Untracked 
|  98|0x000000060e400000, 0x000000060e400000, 0x000000060e600000|  0%| F|  |TAMS 0x000000060e400000, 0x000000060e400000| Untracked 
|  99|0x000000060e600000, 0x000000060e600000, 0x000000060e800000|  0%| F|  |TAMS 0x000000060e600000, 0x000000060e600000| Untracked 
| 100|0x000000060e800000, 0x000000060e800000, 0x000000060ea00000|  0%| F|  |TAMS 0x000000060e800000, 0x000000060e800000| Untracked 
| 101|0x000000060ea00000, 0x000000060ea00000, 0x000000060ec00000|  0%| F|  |TAMS 0x000000060ea00000, 0x000000060ea00000| Untracked 
| 102|0x000000060ec00000, 0x000000060ec00000, 0x000000060ee00000|  0%| F|  |TAMS 0x000000060ec00000, 0x000000060ec00000| Untracked 
| 103|0x000000060ee00000, 0x000000060ee00000, 0x000000060f000000|  0%| F|  |TAMS 0x000000060ee00000, 0x000000060ee00000| Untracked 
| 104|0x000000060f000000, 0x000000060f000000, 0x000000060f200000|  0%| F|  |TAMS 0x000000060f000000, 0x000000060f000000| Untracked 
| 105|0x000000060f200000, 0x000000060f200000, 0x000000060f400000|  0%| F|  |TAMS 0x000000060f200000, 0x000000060f200000| Untracked 
| 106|0x000000060f400000, 0x000000060f400000, 0x000000060f600000|  0%| F|  |TAMS 0x000000060f400000, 0x000000060f400000| Untracked 
| 107|0x000000060f600000, 0x000000060f600000, 0x000000060f800000|  0%| F|  |TAMS 0x000000060f600000, 0x000000060f600000| Untracked 
| 108|0x000000060f800000, 0x000000060f800000, 0x000000060fa00000|  0%| F|  |TAMS 0x000000060f800000, 0x000000060f800000| Untracked 
| 109|0x000000060fa00000, 0x000000060fa00000, 0x000000060fc00000|  0%| F|  |TAMS 0x000000060fa00000, 0x000000060fa00000| Untracked 
| 110|0x000000060fc00000, 0x000000060fc00000, 0x000000060fe00000|  0%| F|  |TAMS 0x000000060fc00000, 0x000000060fc00000| Untracked 
| 111|0x000000060fe00000, 0x000000060fe00000, 0x0000000610000000|  0%| F|  |TAMS 0x000000060fe00000, 0x000000060fe00000| Untracked 
| 112|0x0000000610000000, 0x0000000610000000, 0x0000000610200000|  0%| F|  |TAMS 0x0000000610000000, 0x0000000610000000| Untracked 
| 113|0x0000000610200000, 0x0000000610200000, 0x0000000610400000|  0%| F|  |TAMS 0x0000000610200000, 0x0000000610200000| Untracked 
| 114|0x0000000610400000, 0x0000000610400000, 0x0000000610600000|  0%| F|  |TAMS 0x0000000610400000, 0x0000000610400000| Untracked 
| 115|0x0000000610600000, 0x0000000610600000, 0x0000000610800000|  0%| F|  |TAMS 0x0000000610600000, 0x0000000610600000| Untracked 
| 116|0x0000000610800000, 0x0000000610800000, 0x0000000610a00000|  0%| F|  |TAMS 0x0000000610800000, 0x0000000610800000| Untracked 
| 117|0x0000000610a00000, 0x0000000610a00000, 0x0000000610c00000|  0%| F|  |TAMS 0x0000000610a00000, 0x0000000610a00000| Untracked 
| 118|0x0000000610c00000, 0x0000000610c00000, 0x0000000610e00000|  0%| F|  |TAMS 0x0000000610c00000, 0x0000000610c00000| Untracked 
| 119|0x0000000610e00000, 0x0000000610e00000, 0x0000000611000000|  0%| F|  |TAMS 0x0000000610e00000, 0x0000000610e00000| Untracked 
| 120|0x0000000611000000, 0x0000000611000000, 0x0000000611200000|  0%| F|  |TAMS 0x0000000611000000, 0x0000000611000000| Untracked 
| 121|0x0000000611200000, 0x0000000611200000, 0x0000000611400000|  0%| F|  |TAMS 0x0000000611200000, 0x0000000611200000| Untracked 
| 122|0x0000000611400000, 0x0000000611400000, 0x0000000611600000|  0%| F|  |TAMS 0x0000000611400000, 0x0000000611400000| Untracked 
| 123|0x0000000611600000, 0x0000000611600000, 0x0000000611800000|  0%| F|  |TAMS 0x0000000611600000, 0x0000000611600000| Untracked 
| 124|0x0000000611800000, 0x0000000611800000, 0x0000000611a00000|  0%| F|  |TAMS 0x0000000611800000, 0x0000000611800000| Untracked 
| 125|0x0000000611a00000, 0x0000000611a00000, 0x0000000611c00000|  0%| F|  |TAMS 0x0000000611a00000, 0x0000000611a00000| Untracked 
| 126|0x0000000611c00000, 0x0000000611c00000, 0x0000000611e00000|  0%| F|  |TAMS 0x0000000611c00000, 0x0000000611c00000| Untracked 
| 127|0x0000000611e00000, 0x0000000611e00000, 0x0000000612000000|  0%| F|  |TAMS 0x0000000611e00000, 0x0000000611e00000| Untracked 
| 128|0x0000000612000000, 0x0000000612000000, 0x0000000612200000|  0%| F|  |TAMS 0x0000000612000000, 0x0000000612000000| Untracked 
| 129|0x0000000612200000, 0x0000000612200000, 0x0000000612400000|  0%| F|  |TAMS 0x0000000612200000, 0x0000000612200000| Untracked 
| 130|0x0000000612400000, 0x0000000612400000, 0x0000000612600000|  0%| F|  |TAMS 0x0000000612400000, 0x0000000612400000| Untracked 
| 131|0x0000000612600000, 0x0000000612600000, 0x0000000612800000|  0%| F|  |TAMS 0x0000000612600000, 0x0000000612600000| Untracked 
| 132|0x0000000612800000, 0x0000000612800000, 0x0000000612a00000|  0%| F|  |TAMS 0x0000000612800000, 0x0000000612800000| Untracked 
| 133|0x0000000612a00000, 0x0000000612a00000, 0x0000000612c00000|  0%| F|  |TAMS 0x0000000612a00000, 0x0000000612a00000| Untracked 
| 134|0x0000000612c00000, 0x0000000612c00000, 0x0000000612e00000|  0%| F|  |TAMS 0x0000000612c00000, 0x0000000612c00000| Untracked 
| 135|0x0000000612e00000, 0x0000000612e00000, 0x0000000613000000|  0%| F|  |TAMS 0x0000000612e00000, 0x0000000612e00000| Untracked 
| 136|0x0000000613000000, 0x0000000613000000, 0x0000000613200000|  0%| F|  |TAMS 0x0000000613000000, 0x0000000613000000| Untracked 
| 137|0x0000000613200000, 0x0000000613200000, 0x0000000613400000|  0%| F|  |TAMS 0x0000000613200000, 0x0000000613200000| Untracked 
| 138|0x0000000613400000, 0x0000000613400000, 0x0000000613600000|  0%| F|  |TAMS 0x0000000613400000, 0x0000000613400000| Untracked 
| 139|0x0000000613600000, 0x0000000613600000, 0x0000000613800000|  0%| F|  |TAMS 0x0000000613600000, 0x0000000613600000| Untracked 
| 140|0x0000000613800000, 0x0000000613800000, 0x0000000613a00000|  0%| F|  |TAMS 0x0000000613800000, 0x0000000613800000| Untracked 
| 141|0x0000000613a00000, 0x0000000613a00000, 0x0000000613c00000|  0%| F|  |TAMS 0x0000000613a00000, 0x0000000613a00000| Untracked 
| 142|0x0000000613c00000, 0x0000000613c00000, 0x0000000613e00000|  0%| F|  |TAMS 0x0000000613c00000, 0x0000000613c00000| Untracked 
| 143|0x0000000613e00000, 0x0000000613e00000, 0x0000000614000000|  0%| F|  |TAMS 0x0000000613e00000, 0x0000000613e00000| Untracked 
| 144|0x0000000614000000, 0x0000000614000000, 0x0000000614200000|  0%| F|  |TAMS 0x0000000614000000, 0x0000000614000000| Untracked 
| 145|0x0000000614200000, 0x0000000614200000, 0x0000000614400000|  0%| F|  |TAMS 0x0000000614200000, 0x0000000614200000| Untracked 
| 146|0x0000000614400000, 0x0000000614400000, 0x0000000614600000|  0%| F|  |TAMS 0x0000000614400000, 0x0000000614400000| Untracked 
| 147|0x0000000614600000, 0x0000000614600000, 0x0000000614800000|  0%| F|  |TAMS 0x0000000614600000, 0x0000000614600000| Untracked 
| 148|0x0000000614800000, 0x0000000614800000, 0x0000000614a00000|  0%| F|  |TAMS 0x0000000614800000, 0x0000000614800000| Untracked 
| 149|0x0000000614a00000, 0x0000000614a00000, 0x0000000614c00000|  0%| F|  |TAMS 0x0000000614a00000, 0x0000000614a00000| Untracked 
| 150|0x0000000614c00000, 0x0000000614c00000, 0x0000000614e00000|  0%| F|  |TAMS 0x0000000614c00000, 0x0000000614c00000| Untracked 
| 151|0x0000000614e00000, 0x0000000614e00000, 0x0000000615000000|  0%| F|  |TAMS 0x0000000614e00000, 0x0000000614e00000| Untracked 
| 152|0x0000000615000000, 0x0000000615000000, 0x0000000615200000|  0%| F|  |TAMS 0x0000000615000000, 0x0000000615000000| Untracked 
| 153|0x0000000615200000, 0x0000000615200000, 0x0000000615400000|  0%| F|  |TAMS 0x0000000615200000, 0x0000000615200000| Untracked 
| 154|0x0000000615400000, 0x0000000615400000, 0x0000000615600000|  0%| F|  |TAMS 0x0000000615400000, 0x0000000615400000| Untracked 
| 155|0x0000000615600000, 0x0000000615600000, 0x0000000615800000|  0%| F|  |TAMS 0x0000000615600000, 0x0000000615600000| Untracked 
| 156|0x0000000615800000, 0x0000000615800000, 0x0000000615a00000|  0%| F|  |TAMS 0x0000000615800000, 0x0000000615800000| Untracked 
| 157|0x0000000615a00000, 0x0000000615a00000, 0x0000000615c00000|  0%| F|  |TAMS 0x0000000615a00000, 0x0000000615a00000| Untracked 
| 158|0x0000000615c00000, 0x0000000615c00000, 0x0000000615e00000|  0%| F|  |TAMS 0x0000000615c00000, 0x0000000615c00000| Untracked 
| 159|0x0000000615e00000, 0x0000000615e00000, 0x0000000616000000|  0%| F|  |TAMS 0x0000000615e00000, 0x0000000615e00000| Untracked 
| 160|0x0000000616000000, 0x0000000616000000, 0x0000000616200000|  0%| F|  |TAMS 0x0000000616000000, 0x0000000616000000| Untracked 
| 161|0x0000000616200000, 0x0000000616200000, 0x0000000616400000|  0%| F|  |TAMS 0x0000000616200000, 0x0000000616200000| Untracked 
| 162|0x0000000616400000, 0x0000000616400000, 0x0000000616600000|  0%| F|  |TAMS 0x0000000616400000, 0x0000000616400000| Untracked 
| 163|0x0000000616600000, 0x0000000616600000, 0x0000000616800000|  0%| F|  |TAMS 0x0000000616600000, 0x0000000616600000| Untracked 
| 164|0x0000000616800000, 0x0000000616800000, 0x0000000616a00000|  0%| F|  |TAMS 0x0000000616800000, 0x0000000616800000| Untracked 
| 165|0x0000000616a00000, 0x0000000616a00000, 0x0000000616c00000|  0%| F|  |TAMS 0x0000000616a00000, 0x0000000616a00000| Untracked 
| 166|0x0000000616c00000, 0x0000000616c00000, 0x0000000616e00000|  0%| F|  |TAMS 0x0000000616c00000, 0x0000000616c00000| Untracked 
| 167|0x0000000616e00000, 0x0000000616e00000, 0x0000000617000000|  0%| F|  |TAMS 0x0000000616e00000, 0x0000000616e00000| Untracked 
| 168|0x0000000617000000, 0x0000000617000000, 0x0000000617200000|  0%| F|  |TAMS 0x0000000617000000, 0x0000000617000000| Untracked 
| 169|0x0000000617200000, 0x0000000617200000, 0x0000000617400000|  0%| F|  |TAMS 0x0000000617200000, 0x0000000617200000| Untracked 
| 170|0x0000000617400000, 0x0000000617400000, 0x0000000617600000|  0%| F|  |TAMS 0x0000000617400000, 0x0000000617400000| Untracked 
| 171|0x0000000617600000, 0x0000000617600000, 0x0000000617800000|  0%| F|  |TAMS 0x0000000617600000, 0x0000000617600000| Untracked 
| 172|0x0000000617800000, 0x0000000617800000, 0x0000000617a00000|  0%| F|  |TAMS 0x0000000617800000, 0x0000000617800000| Untracked 
| 173|0x0000000617a00000, 0x0000000617a00000, 0x0000000617c00000|  0%| F|  |TAMS 0x0000000617a00000, 0x0000000617a00000| Untracked 
| 174|0x0000000617c00000, 0x0000000617c00000, 0x0000000617e00000|  0%| F|  |TAMS 0x0000000617c00000, 0x0000000617c00000| Untracked 
| 175|0x0000000617e00000, 0x0000000617e00000, 0x0000000618000000|  0%| F|  |TAMS 0x0000000617e00000, 0x0000000617e00000| Untracked 
| 176|0x0000000618000000, 0x0000000618000000, 0x0000000618200000|  0%| F|  |TAMS 0x0000000618000000, 0x0000000618000000| Untracked 
| 177|0x0000000618200000, 0x0000000618200000, 0x0000000618400000|  0%| F|  |TAMS 0x0000000618200000, 0x0000000618200000| Untracked 
| 178|0x0000000618400000, 0x0000000618400000, 0x0000000618600000|  0%| F|  |TAMS 0x0000000618400000, 0x0000000618400000| Untracked 
| 179|0x0000000618600000, 0x0000000618600000, 0x0000000618800000|  0%| F|  |TAMS 0x0000000618600000, 0x0000000618600000| Untracked 
| 180|0x0000000618800000, 0x0000000618800000, 0x0000000618a00000|  0%| F|  |TAMS 0x0000000618800000, 0x0000000618800000| Untracked 
| 181|0x0000000618a00000, 0x0000000618a00000, 0x0000000618c00000|  0%| F|  |TAMS 0x0000000618a00000, 0x0000000618a00000| Untracked 
| 182|0x0000000618c00000, 0x0000000618c00000, 0x0000000618e00000|  0%| F|  |TAMS 0x0000000618c00000, 0x0000000618c00000| Untracked 
| 183|0x0000000618e00000, 0x0000000618e00000, 0x0000000619000000|  0%| F|  |TAMS 0x0000000618e00000, 0x0000000618e00000| Untracked 
| 184|0x0000000619000000, 0x0000000619000000, 0x0000000619200000|  0%| F|  |TAMS 0x0000000619000000, 0x0000000619000000| Untracked 
| 185|0x0000000619200000, 0x0000000619200000, 0x0000000619400000|  0%| F|  |TAMS 0x0000000619200000, 0x0000000619200000| Untracked 
| 186|0x0000000619400000, 0x0000000619400000, 0x0000000619600000|  0%| F|  |TAMS 0x0000000619400000, 0x0000000619400000| Untracked 
| 187|0x0000000619600000, 0x0000000619600000, 0x0000000619800000|  0%| F|  |TAMS 0x0000000619600000, 0x0000000619600000| Untracked 
| 188|0x0000000619800000, 0x0000000619800000, 0x0000000619a00000|  0%| F|  |TAMS 0x0000000619800000, 0x0000000619800000| Untracked 
| 189|0x0000000619a00000, 0x0000000619a00000, 0x0000000619c00000|  0%| F|  |TAMS 0x0000000619a00000, 0x0000000619a00000| Untracked 
| 190|0x0000000619c00000, 0x0000000619c00000, 0x0000000619e00000|  0%| F|  |TAMS 0x0000000619c00000, 0x0000000619c00000| Untracked 
| 191|0x0000000619e00000, 0x0000000619e00000, 0x000000061a000000|  0%| F|  |TAMS 0x0000000619e00000, 0x0000000619e00000| Untracked 
| 192|0x000000061a000000, 0x000000061a000000, 0x000000061a200000|  0%| F|  |TAMS 0x000000061a000000, 0x000000061a000000| Untracked 
| 193|0x000000061a200000, 0x000000061a200000, 0x000000061a400000|  0%| F|  |TAMS 0x000000061a200000, 0x000000061a200000| Untracked 
| 194|0x000000061a400000, 0x000000061a400000, 0x000000061a600000|  0%| F|  |TAMS 0x000000061a400000, 0x000000061a400000| Untracked 
| 195|0x000000061a600000, 0x000000061a600000, 0x000000061a800000|  0%| F|  |TAMS 0x000000061a600000, 0x000000061a600000| Untracked 
| 196|0x000000061a800000, 0x000000061a800000, 0x000000061aa00000|  0%| F|  |TAMS 0x000000061a800000, 0x000000061a800000| Untracked 
| 197|0x000000061aa00000, 0x000000061aa00000, 0x000000061ac00000|  0%| F|  |TAMS 0x000000061aa00000, 0x000000061aa00000| Untracked 
| 198|0x000000061ac00000, 0x000000061ac00000, 0x000000061ae00000|  0%| F|  |TAMS 0x000000061ac00000, 0x000000061ac00000| Untracked 
| 199|0x000000061ae00000, 0x000000061ae00000, 0x000000061b000000|  0%| F|  |TAMS 0x000000061ae00000, 0x000000061ae00000| Untracked 
| 200|0x000000061b000000, 0x000000061b000000, 0x000000061b200000|  0%| F|  |TAMS 0x000000061b000000, 0x000000061b000000| Untracked 
| 201|0x000000061b200000, 0x000000061b200000, 0x000000061b400000|  0%| F|  |TAMS 0x000000061b200000, 0x000000061b200000| Untracked 
| 202|0x000000061b400000, 0x000000061b400000, 0x000000061b600000|  0%| F|  |TAMS 0x000000061b400000, 0x000000061b400000| Untracked 
| 203|0x000000061b600000, 0x000000061b600000, 0x000000061b800000|  0%| F|  |TAMS 0x000000061b600000, 0x000000061b600000| Untracked 
| 204|0x000000061b800000, 0x000000061b800000, 0x000000061ba00000|  0%| F|  |TAMS 0x000000061b800000, 0x000000061b800000| Untracked 
| 205|0x000000061ba00000, 0x000000061ba00000, 0x000000061bc00000|  0%| F|  |TAMS 0x000000061ba00000, 0x000000061ba00000| Untracked 
| 206|0x000000061bc00000, 0x000000061bc00000, 0x000000061be00000|  0%| F|  |TAMS 0x000000061bc00000, 0x000000061bc00000| Untracked 
| 207|0x000000061be00000, 0x000000061be00000, 0x000000061c000000|  0%| F|  |TAMS 0x000000061be00000, 0x000000061be00000| Untracked 
| 208|0x000000061c000000, 0x000000061c000000, 0x000000061c200000|  0%| F|  |TAMS 0x000000061c000000, 0x000000061c000000| Untracked 
| 209|0x000000061c200000, 0x000000061c200000, 0x000000061c400000|  0%| F|  |TAMS 0x000000061c200000, 0x000000061c200000| Untracked 
| 210|0x000000061c400000, 0x000000061c400000, 0x000000061c600000|  0%| F|  |TAMS 0x000000061c400000, 0x000000061c400000| Untracked 
| 211|0x000000061c600000, 0x000000061c600000, 0x000000061c800000|  0%| F|  |TAMS 0x000000061c600000, 0x000000061c600000| Untracked 
| 212|0x000000061c800000, 0x000000061c800000, 0x000000061ca00000|  0%| F|  |TAMS 0x000000061c800000, 0x000000061c800000| Untracked 
| 213|0x000000061ca00000, 0x000000061cc00000, 0x000000061cc00000|100%| S|CS|TAMS 0x000000061ca00000, 0x000000061ca00000| Complete 
| 214|0x000000061cc00000, 0x000000061ce00000, 0x000000061ce00000|100%| S|CS|TAMS 0x000000061cc00000, 0x000000061cc00000| Complete 
| 215|0x000000061ce00000, 0x000000061d000000, 0x000000061d000000|100%| S|CS|TAMS 0x000000061ce00000, 0x000000061ce00000| Complete 
| 216|0x000000061d000000, 0x000000061d200000, 0x000000061d200000|100%| S|CS|TAMS 0x000000061d000000, 0x000000061d000000| Complete 
| 217|0x000000061d200000, 0x000000061d400000, 0x000000061d400000|100%| S|CS|TAMS 0x000000061d200000, 0x000000061d200000| Complete 
| 218|0x000000061d400000, 0x000000061d400000, 0x000000061d600000|  0%| F|  |TAMS 0x000000061d400000, 0x000000061d400000| Untracked 
| 219|0x000000061d600000, 0x000000061d600000, 0x000000061d800000|  0%| F|  |TAMS 0x000000061d600000, 0x000000061d600000| Untracked 
| 220|0x000000061d800000, 0x000000061d800000, 0x000000061da00000|  0%| F|  |TAMS 0x000000061d800000, 0x000000061d800000| Untracked 
| 221|0x000000061da00000, 0x000000061da00000, 0x000000061dc00000|  0%| F|  |TAMS 0x000000061da00000, 0x000000061da00000| Untracked 
| 222|0x000000061dc00000, 0x000000061dc00000, 0x000000061de00000|  0%| F|  |TAMS 0x000000061dc00000, 0x000000061dc00000| Untracked 
| 223|0x000000061de00000, 0x000000061de00000, 0x000000061e000000|  0%| F|  |TAMS 0x000000061de00000, 0x000000061de00000| Untracked 
| 224|0x000000061e000000, 0x000000061e000000, 0x000000061e200000|  0%| F|  |TAMS 0x000000061e000000, 0x000000061e000000| Untracked 
| 225|0x000000061e200000, 0x000000061e200000, 0x000000061e400000|  0%| F|  |TAMS 0x000000061e200000, 0x000000061e200000| Untracked 
| 226|0x000000061e400000, 0x000000061e400000, 0x000000061e600000|  0%| F|  |TAMS 0x000000061e400000, 0x000000061e400000| Untracked 
| 227|0x000000061e600000, 0x000000061e600000, 0x000000061e800000|  0%| F|  |TAMS 0x000000061e600000, 0x000000061e600000| Untracked 
| 228|0x000000061e800000, 0x000000061e800000, 0x000000061ea00000|  0%| F|  |TAMS 0x000000061e800000, 0x000000061e800000| Untracked 
| 229|0x000000061ea00000, 0x000000061ea00000, 0x000000061ec00000|  0%| F|  |TAMS 0x000000061ea00000, 0x000000061ea00000| Untracked 
| 230|0x000000061ec00000, 0x000000061ec00000, 0x000000061ee00000|  0%| F|  |TAMS 0x000000061ec00000, 0x000000061ec00000| Untracked 
| 231|0x000000061ee00000, 0x000000061ee00000, 0x000000061f000000|  0%| F|  |TAMS 0x000000061ee00000, 0x000000061ee00000| Untracked 
| 232|0x000000061f000000, 0x000000061f000000, 0x000000061f200000|  0%| F|  |TAMS 0x000000061f000000, 0x000000061f000000| Untracked 
| 233|0x000000061f200000, 0x000000061f200000, 0x000000061f400000|  0%| F|  |TAMS 0x000000061f200000, 0x000000061f200000| Untracked 
| 234|0x000000061f400000, 0x000000061f400000, 0x000000061f600000|  0%| F|  |TAMS 0x000000061f400000, 0x000000061f400000| Untracked 
| 235|0x000000061f600000, 0x000000061f600000, 0x000000061f800000|  0%| F|  |TAMS 0x000000061f600000, 0x000000061f600000| Untracked 
| 236|0x000000061f800000, 0x000000061f800000, 0x000000061fa00000|  0%| F|  |TAMS 0x000000061f800000, 0x000000061f800000| Untracked 
| 237|0x000000061fa00000, 0x000000061fa00000, 0x000000061fc00000|  0%| F|  |TAMS 0x000000061fa00000, 0x000000061fa00000| Untracked 
| 238|0x000000061fc00000, 0x000000061fc00000, 0x000000061fe00000|  0%| F|  |TAMS 0x000000061fc00000, 0x000000061fc00000| Untracked 
| 239|0x000000061fe00000, 0x000000061fe00000, 0x0000000620000000|  0%| F|  |TAMS 0x000000061fe00000, 0x000000061fe00000| Untracked 
| 240|0x0000000620000000, 0x0000000620000000, 0x0000000620200000|  0%| F|  |TAMS 0x0000000620000000, 0x0000000620000000| Untracked 
| 241|0x0000000620200000, 0x0000000620200000, 0x0000000620400000|  0%| F|  |TAMS 0x0000000620200000, 0x0000000620200000| Untracked 
| 242|0x0000000620400000, 0x0000000620400000, 0x0000000620600000|  0%| F|  |TAMS 0x0000000620400000, 0x0000000620400000| Untracked 
| 243|0x0000000620600000, 0x0000000620600000, 0x0000000620800000|  0%| F|  |TAMS 0x0000000620600000, 0x0000000620600000| Untracked 
| 244|0x0000000620800000, 0x0000000620800000, 0x0000000620a00000|  0%| F|  |TAMS 0x0000000620800000, 0x0000000620800000| Untracked 
| 245|0x0000000620a00000, 0x0000000620a00000, 0x0000000620c00000|  0%| F|  |TAMS 0x0000000620a00000, 0x0000000620a00000| Untracked 
| 246|0x0000000620c00000, 0x0000000620c00000, 0x0000000620e00000|  0%| F|  |TAMS 0x0000000620c00000, 0x0000000620c00000| Untracked 
| 247|0x0000000620e00000, 0x0000000620e00000, 0x0000000621000000|  0%| F|  |TAMS 0x0000000620e00000, 0x0000000620e00000| Untracked 
| 248|0x0000000621000000, 0x0000000621000000, 0x0000000621200000|  0%| F|  |TAMS 0x0000000621000000, 0x0000000621000000| Untracked 
| 249|0x0000000621200000, 0x0000000621200000, 0x0000000621400000|  0%| F|  |TAMS 0x0000000621200000, 0x0000000621200000| Untracked 
| 250|0x0000000621400000, 0x0000000621400000, 0x0000000621600000|  0%| F|  |TAMS 0x0000000621400000, 0x0000000621400000| Untracked 
| 251|0x0000000621600000, 0x00000006216da448, 0x0000000621800000| 42%| E|  |TAMS 0x0000000621600000, 0x0000000621600000| Complete 
| 252|0x0000000621800000, 0x0000000621a00000, 0x0000000621a00000|100%| E|CS|TAMS 0x0000000621800000, 0x0000000621800000| Complete 
| 253|0x0000000621a00000, 0x0000000621c00000, 0x0000000621c00000|100%| E|CS|TAMS 0x0000000621a00000, 0x0000000621a00000| Complete 
| 254|0x0000000621c00000, 0x0000000621e00000, 0x0000000621e00000|100%| E|CS|TAMS 0x0000000621c00000, 0x0000000621c00000| Complete 

Card table byte_map: [0x0000021327fe0000,0x0000021328fd0000] _byte_map_base: 0x0000021324fd0000

Marking Bits (Prev, Next): (CMBitMap*) 0x000002130fa291d8, (CMBitMap*) 0x000002130fa29210
 Prev Bits: [0x0000021329fc0000, 0x0000021331f40000)
 Next Bits: [0x0000021331f40000, 0x0000021339ec0000)

Polling page: 0x000002130d990000

Metaspace:

Usage:
  Non-class:     38.25 MB capacity,    37.24 MB ( 97%) used,   818.78 KB (  2%) free+waste,   225.31 KB ( <1%) overhead. 
      Class:      6.37 MB capacity,     5.57 MB ( 87%) used,   706.75 KB ( 11%) free+waste,   113.88 KB (  2%) overhead. 
       Both:     44.63 MB capacity,    42.81 MB ( 96%) used,     1.49 MB (  3%) free+waste,   339.19 KB ( <1%) overhead. 

Virtual space:
  Non-class space:       40.00 MB reserved,      38.50 MB ( 96%) committed 
      Class space:        1.00 GB reserved,       6.38 MB ( <1%) committed 
             Both:        1.04 GB reserved,      44.88 MB (  4%) committed 

Chunk freelists:
   Non-Class:  7.38 KB
       Class:  128 bytes
        Both:  7.50 KB

CodeHeap 'non-profiled nmethods': size=120000Kb used=3100Kb max_used=3100Kb free=116899Kb
 bounds [0x000002131f790000, 0x000002131faa0000, 0x0000021326cc0000]
CodeHeap 'profiled nmethods': size=120000Kb used=13443Kb max_used=13443Kb free=106556Kb
 bounds [0x0000021318260000, 0x0000021318f90000, 0x000002131f790000]
CodeHeap 'non-nmethods': size=5760Kb used=1495Kb max_used=1548Kb free=4264Kb
 bounds [0x0000021317cc0000, 0x0000021317f30000, 0x0000021318260000]
 total_blobs=8577 nmethods=5923 adapters=883
 compilation: enabled
              stopped_count=0, restarted_count=0
 full_count=0

Compilation events (10 events):
Event: 29.933 Thread 0x000002133d406000 6132       3       com.sun.javafx.tk.quantum.ViewScene::getWindowStage (8 bytes)
Event: 29.933 Thread 0x000002133d406000 nmethod 6132 0x0000021318f82790 code [0x0000021318f82940, 0x0000021318f82bb8]
Event: 29.958 Thread 0x000002133d3f9000 6133       4       javafx.scene.Node::getLocalBounds (162 bytes)
Event: 29.972 Thread 0x000002133d406000 6134       3       com.sun.javafx.scene.input.PickResultChooser::computePoint (55 bytes)
Event: 29.972 Thread 0x000002133d406000 nmethod 6134 0x0000021318f82c90 code [0x0000021318f82e60, 0x0000021318f83158]
Event: 29.987 Thread 0x000002133d406000 6135       3       javafx.scene.control.TextInputControl::isEditable (11 bytes)
Event: 29.988 Thread 0x000002133d406000 nmethod 6135 0x0000021318f83310 code [0x0000021318f834e0, 0x0000021318f838d0]
Event: 29.991 Thread 0x000002133d3f9000 nmethod 6133 0x000002131fa94890 code [0x000002131fa94ba0, 0x000002131fa95cc0]
Event: 29.991 Thread 0x000002133d3f9000 6136       4       javafx.scene.Node::localToScene (21 bytes)
Event: 29.995 Thread 0x000002133d3f9000 nmethod 6136 0x000002131fa96810 code [0x000002131fa96a00, 0x000002131fa96d88]

GC Heap History (8 events):
Event: 0.564 GC heap before
{Heap before GC invocations=0 (full 0):
 garbage-first heap   total 522240K, used 24576K [0x0000000602000000, 0x0000000800000000)
  region size 2048K, 12 young (24576K), 0 survivors (0K)
 Metaspace       used 8813K, capacity 9068K, committed 9216K, reserved 1056768K
  class space    used 864K, capacity 992K, committed 1024K, reserved 1048576K
}
Event: 0.567 GC heap after
{Heap after GC invocations=1 (full 0):
 garbage-first heap   total 522240K, used 2410K [0x0000000602000000, 0x0000000800000000)
  region size 2048K, 2 young (4096K), 2 survivors (4096K)
 Metaspace       used 8813K, capacity 9068K, committed 9216K, reserved 1056768K
  class space    used 864K, capacity 992K, committed 1024K, reserved 1048576K
}
Event: 1.293 GC heap before
{Heap before GC invocations=1 (full 0):
 garbage-first heap   total 522240K, used 41322K [0x0000000602000000, 0x0000000800000000)
  region size 2048K, 21 young (43008K), 2 survivors (4096K)
 Metaspace       used 20591K, capacity 21284K, committed 21296K, reserved 1069056K
  class space    used 2476K, capacity 2809K, committed 2816K, reserved 1048576K
}
Event: 1.301 GC heap after
{Heap after GC invocations=2 (full 0):
 garbage-first heap   total 522240K, used 10076K [0x0000000602000000, 0x0000000800000000)
  region size 2048K, 4 young (8192K), 4 survivors (8192K)
 Metaspace       used 20591K, capacity 21284K, committed 21296K, reserved 1069056K
  class space    used 2476K, capacity 2809K, committed 2816K, reserved 1048576K
}
Event: 2.753 GC heap before
{Heap before GC invocations=3 (full 0):
 garbage-first heap   total 522240K, used 61276K [0x0000000602000000, 0x0000000800000000)
  region size 2048K, 28 young (57344K), 4 survivors (8192K)
 Metaspace       used 34490K, capacity 35781K, committed 35840K, reserved 1079296K
  class space    used 4475K, capacity 5064K, committed 5120K, reserved 1048576K
}
Event: 2.762 GC heap after
{Heap after GC invocations=4 (full 0):
 garbage-first heap   total 522240K, used 18519K [0x0000000602000000, 0x0000000800000000)
  region size 2048K, 5 young (10240K), 5 survivors (10240K)
 Metaspace       used 34490K, capacity 35781K, committed 35840K, reserved 1079296K
  class space    used 4475K, capacity 5064K, committed 5120K, reserved 1048576K
}
Event: 4.442 GC heap before
{Heap before GC invocations=5 (full 0):
 garbage-first heap   total 522240K, used 84055K [0x0000000602000000, 0x0000000800000000)
  region size 2048K, 37 young (75776K), 5 survivors (10240K)
 Metaspace       used 43293K, capacity 45179K, committed 45184K, reserved 1087488K
  class space    used 5692K, capacity 6526K, committed 6528K, reserved 1048576K
}
Event: 4.453 GC heap after
{Heap after GC invocations=6 (full 0):
 garbage-first heap   total 522240K, used 25705K [0x0000000602000000, 0x0000000800000000)
  region size 2048K, 5 young (10240K), 5 survivors (10240K)
 Metaspace       used 43293K, capacity 45179K, committed 45184K, reserved 1087488K
  class space    used 5692K, capacity 6526K, committed 6528K, reserved 1048576K
}

Deoptimization events (10 events):
Event: 4.178 Thread 0x000002133e6e9800 Uncommon trap: reason=profile_predicate action=maybe_recompile pc=0x000002131fa18c70 method=javafx.scene.CssStyleHelper$CacheContainer.<init>(Ljavafx/scene/Node;Lcom/sun/javafx/css/StyleMap;I)V @ 164 c2
Event: 4.180 Thread 0x000002133e6e9800 Uncommon trap: reason=profile_predicate action=maybe_recompile pc=0x000002131fa18c70 method=javafx.scene.CssStyleHelper$CacheContainer.<init>(Ljavafx/scene/Node;Lcom/sun/javafx/css/StyleMap;I)V @ 164 c2
Event: 4.181 Thread 0x000002133e6e9800 Uncommon trap: reason=profile_predicate action=maybe_recompile pc=0x000002131fa18c70 method=javafx.scene.CssStyleHelper$CacheContainer.<init>(Ljavafx/scene/Node;Lcom/sun/javafx/css/StyleMap;I)V @ 164 c2
Event: 4.438 Thread 0x000002133ea92000 Uncommon trap: reason=unstable_if action=reinterpret pc=0x000002131f9b5a58 method=com.sun.marlin.DHelpers.outcode(DD[D)I @ 6 c2
Event: 4.461 Thread 0x000002133e6e9800 Uncommon trap: reason=null_check action=make_not_entrant pc=0x000002131fa04ea0 method=javafx.scene.Node$MiscProperties.getClip()Ljavafx/scene/Node; @ 20 c2
Event: 4.478 Thread 0x000002133ea92000 Uncommon trap: reason=class_check action=maybe_recompile pc=0x000002131f855b24 method=java.util.concurrent.ConcurrentHashMap.putVal(Ljava/lang/Object;Ljava/lang/Object;Z)Ljava/lang/Object; @ 242 c2
Event: 4.479 Thread 0x000002133ea92000 Uncommon trap: reason=class_check action=maybe_recompile pc=0x000002131f855b24 method=java.util.concurrent.ConcurrentHashMap.putVal(Ljava/lang/Object;Ljava/lang/Object;Z)Ljava/lang/Object; @ 242 c2
Event: 5.047 Thread 0x000002133e6e9800 Uncommon trap: reason=unstable_if action=reinterpret pc=0x000002131f95aee0 method=sun.nio.cs.UnicodeDecoder.decode(II)C @ 5 c2
Event: 5.047 Thread 0x000002133e6e9800 Uncommon trap: reason=unstable_if action=reinterpret pc=0x000002131f959f0c method=sun.nio.cs.UnicodeDecoder.decode(II)C @ 5 c2
Event: 22.896 Thread 0x000002133e6e9800 Uncommon trap: reason=unstable_if action=reinterpret pc=0x000002131f8119ac method=java.util.WeakHashMap.expungeStaleEntries()V @ 66 c2

Classes redefined (0 events):
No events

Internal exceptions (10 events):
Event: 3.324 Thread 0x000002133f712800 Exception <a 'sun/nio/fs/WindowsException'{0x00000006207dfe88}> (0x00000006207dfe88) thrown at [t:/workspace/open/src/hotspot/share/prims/jni.cpp, line 615]
Event: 3.331 Thread 0x000002133f712800 Exception <a 'sun/nio/fs/WindowsException'{0x0000000620492ab8}> (0x0000000620492ab8) thrown at [t:/workspace/open/src/hotspot/share/prims/jni.cpp, line 615]
Event: 3.400 Thread 0x000002133f712800 Exception <a 'java/lang/NoSuchMethodError'{0x0000000620041678}: java.lang.invoke.DirectMethodHandle$Holder.invokeSpecial(Ljava/lang/Object;Ljava/lang/Object;I)V> (0x0000000620041678) thrown at [t:/workspace/open/src/hotspot/share/interpreter/linkResolver.
Event: 3.404 Thread 0x000002133f712800 Exception <a 'java/lang/NoSuchMethodError'{0x000000062007db50}: java.lang.invoke.DirectMethodHandle$Holder.invokeStatic(Ljava/lang/Object;Ljava/lang/Object;Ljava/lang/Object;I)Ljava/lang/Object;> (0x000000062007db50) thrown at [t:/workspace/open/src/hotsp
Event: 3.404 Thread 0x000002133f712800 Exception <a 'java/lang/NoSuchMethodError'{0x0000000620081500}: java.lang.invoke.DirectMethodHandle$Holder.invokeSpecial(Ljava/lang/Object;Ljava/lang/Object;Ljava/lang/Object;Ljava/lang/Object;I)Ljava/lang/Object;> (0x0000000620081500) thrown at [t:/works
Event: 3.404 Thread 0x000002133f712800 Exception <a 'java/lang/NoSuchMethodError'{0x0000000620084560}: java.lang.invoke.Invokers$Holder.linkToTargetMethod(Ljava/lang/Object;Ljava/lang/Object;ILjava/lang/Object;)Ljava/lang/Object;> (0x0000000620084560) thrown at [t:/workspace/open/src/hotspot/s
Event: 3.407 Thread 0x000002133fe79000 Exception <a 'sun/nio/fs/WindowsException'{0x00000006200cf008}> (0x00000006200cf008) thrown at [t:/workspace/open/src/hotspot/share/prims/jni.cpp, line 615]
Event: 3.408 Thread 0x000002133fe79000 Exception <a 'java/lang/IncompatibleClassChangeError'{0x00000006200d2460}: Found class java.lang.Object, but interface was expected> (0x00000006200d2460) thrown at [t:/workspace/open/src/hotspot/share/interpreter/linkResolver.cpp, line 856]
Event: 3.611 Thread 0x000002133e6e9800 Implicit null exception at 0x000002131f7fcbef to 0x000002131f7fd26a
Event: 4.461 Thread 0x000002133e6e9800 Implicit null exception at 0x000002131fa04e2e to 0x000002131fa04e96

Events (10 events):
Event: 5.047 Thread 0x000002133e6e9800 DEOPT PACKING pc=0x000002131f95aee0 sp=0x0000001b51afac50
Event: 5.047 Thread 0x000002133e6e9800 DEOPT UNPACKING pc=0x0000021317ce91af sp=0x0000001b51afab58 mode 2
Event: 5.047 Thread 0x000002133e6e9800 Uncommon trap: trap_request=0xffffff4d fr.pc=0x000002131f959f0c relative=0x000000000000006c
Event: 5.047 Thread 0x000002133e6e9800 DEOPT PACKING pc=0x000002131f959f0c sp=0x0000001b51afabb0
Event: 5.047 Thread 0x000002133e6e9800 DEOPT UNPACKING pc=0x0000021317ce91af sp=0x0000001b51afab48 mode 2
Event: 22.896 Thread 0x000002133e6e9800 Uncommon trap: trap_request=0xffffff4d fr.pc=0x000002131f8119ac relative=0x000000000000110c
Event: 22.896 Executing VM operation: RevokeBias
Event: 22.896 Executing VM operation: RevokeBias done
Event: 22.896 Thread 0x000002133e6e9800 DEOPT PACKING pc=0x000002131f8119ac sp=0x0000001b51afb210
Event: 22.896 Thread 0x000002133e6e9800 DEOPT UNPACKING pc=0x0000021317ce91af sp=0x0000001b51afb0d0 mode 2


Dynamic libraries:
0x00007ff644760000 - 0x00007ff6447a7000 	C:\Program Files\Java\jdk-11.0.1\bin\java.exe
0x00007ffe09720000 - 0x00007ffe0990d000 	C:\WINDOWS\SYSTEM32\ntdll.dll
0x00007ffe08070000 - 0x00007ffe08123000 	C:\WINDOWS\System32\KERNEL32.DLL
0x00007ffe05b10000 - 0x00007ffe05da3000 	C:\WINDOWS\System32\KERNELBASE.dll
0x00007ffe086e0000 - 0x00007ffe08783000 	C:\WINDOWS\System32\ADVAPI32.dll
0x00007ffe095f0000 - 0x00007ffe0968e000 	C:\WINDOWS\System32\msvcrt.dll
0x00007ffe07f70000 - 0x00007ffe0800e000 	C:\WINDOWS\System32\sechost.dll
0x00007ffe09380000 - 0x00007ffe094a2000 	C:\WINDOWS\System32\RPCRT4.dll
0x00007ffe08840000 - 0x00007ffe089d7000 	C:\WINDOWS\System32\USER32.dll
0x00007ffe06900000 - 0x00007ffe06920000 	C:\WINDOWS\System32\win32u.dll
0x00007ffe08010000 - 0x00007ffe08039000 	C:\WINDOWS\System32\GDI32.dll
0x00007ffe06760000 - 0x00007ffe068fa000 	C:\WINDOWS\System32\gdi32full.dll
0x00007ffe057f0000 - 0x00007ffe05890000 	C:\WINDOWS\System32\msvcp_win.dll
0x00007ffe05e60000 - 0x00007ffe05f5a000 	C:\WINDOWS\System32\ucrtbase.dll
0x00007ffdf6bc0000 - 0x00007ffdf6e39000 	C:\WINDOWS\WinSxS\amd64_microsoft.windows.common-controls_6595b64144ccf1df_6.0.17763.404_none_05b33d58072110de\COMCTL32.dll
0x00007ffdff620000 - 0x00007ffdff62a000 	C:\WINDOWS\SYSTEM32\VERSION.dll
0x00007ffe08130000 - 0x00007ffe0845c000 	C:\WINDOWS\System32\combase.dll
0x00007ffe05890000 - 0x00007ffe0590e000 	C:\WINDOWS\System32\bcryptPrimitives.dll
0x00007ffe08040000 - 0x00007ffe0806e000 	C:\WINDOWS\System32\IMM32.DLL
0x00007ffe02530000 - 0x00007ffe02546000 	C:\Program Files\Java\jdk-11.0.1\bin\vcruntime140.dll
0x00007ffdec800000 - 0x00007ffdec8aa000 	C:\Program Files\Java\jdk-11.0.1\bin\msvcp140.dll
0x00007ffdab490000 - 0x00007ffdabfd2000 	C:\Program Files\Java\jdk-11.0.1\bin\server\jvm.dll
0x00007ffe096b0000 - 0x00007ffe096b8000 	C:\WINDOWS\System32\PSAPI.DLL
0x00007ffdf7710000 - 0x00007ffdf7734000 	C:\WINDOWS\SYSTEM32\WINMM.dll
0x00007ffdfec00000 - 0x00007ffdfec09000 	C:\WINDOWS\SYSTEM32\WSOCK32.dll
0x00007ffe08590000 - 0x00007ffe085fd000 	C:\WINDOWS\System32\WS2_32.dll
0x00007ffdf76e0000 - 0x00007ffdf770d000 	C:\WINDOWS\SYSTEM32\winmmbase.dll
0x00007ffe06710000 - 0x00007ffe0675a000 	C:\WINDOWS\System32\cfgmgr32.dll
0x00007ffe056f0000 - 0x00007ffe05701000 	C:\WINDOWS\System32\kernel.appcore.dll
0x00007ffdffd50000 - 0x00007ffdffd61000 	C:\Program Files\Java\jdk-11.0.1\bin\verify.dll
0x00007ffdfd630000 - 0x00007ffdfd81d000 	C:\WINDOWS\SYSTEM32\DBGHELP.DLL
0x00007ffdfd600000 - 0x00007ffdfd62a000 	C:\WINDOWS\SYSTEM32\dbgcore.DLL
0x00007ffdffd20000 - 0x00007ffdffd49000 	C:\Program Files\Java\jdk-11.0.1\bin\java.dll
0x00007ffdff8a0000 - 0x00007ffdff8b6000 	C:\Program Files\Java\jdk-11.0.1\bin\zip.dll
0x00007ffe02510000 - 0x00007ffe0251a000 	C:\Program Files\Java\jdk-11.0.1\bin\jimage.dll
0x00007ffe06920000 - 0x00007ffe07e10000 	C:\WINDOWS\System32\SHELL32.dll
0x00007ffe084e0000 - 0x00007ffe08588000 	C:\WINDOWS\System32\shcore.dll
0x00007ffe05fc0000 - 0x00007ffe0670a000 	C:\WINDOWS\System32\windows.storage.dll
0x00007ffe05790000 - 0x00007ffe057b4000 	C:\WINDOWS\System32\profapi.dll
0x00007ffe05730000 - 0x00007ffe0578d000 	C:\WINDOWS\System32\powrprof.dll
0x00007ffe09580000 - 0x00007ffe095d2000 	C:\WINDOWS\System32\shlwapi.dll
0x00007ffe05910000 - 0x00007ffe05927000 	C:\WINDOWS\System32\cryptsp.dll
0x00007ffdfd8f0000 - 0x00007ffdfd909000 	C:\Program Files\Java\jdk-11.0.1\bin\net.dll
0x00007ffdfe170000 - 0x00007ffdfe261000 	C:\WINDOWS\SYSTEM32\WINHTTP.dll
0x00007ffe04f10000 - 0x00007ffe04f77000 	C:\WINDOWS\system32\mswsock.dll
0x00007ffdfd0e0000 - 0x00007ffdfd0f3000 	C:\Program Files\Java\jdk-11.0.1\bin\nio.dll
0x000002130f8d0000 - 0x000002130f8d3000 	C:\Users\Fouad\IdeaProjects\bw\build-resources\javafx-dlls\64-bit\api-ms-win-core-console-l1-1-0.dll
0x000002130f8e0000 - 0x000002130f8e3000 	C:\Users\Fouad\IdeaProjects\bw\build-resources\javafx-dlls\64-bit\api-ms-win-core-datetime-l1-1-0.dll
0x000002130f8f0000 - 0x000002130f8f3000 	C:\Users\Fouad\IdeaProjects\bw\build-resources\javafx-dlls\64-bit\api-ms-win-core-debug-l1-1-0.dll
0x000002130f900000 - 0x000002130f903000 	C:\Users\Fouad\IdeaProjects\bw\build-resources\javafx-dlls\64-bit\api-ms-win-core-errorhandling-l1-1-0.dll
0x000002130f910000 - 0x000002130f914000 	C:\Users\Fouad\IdeaProjects\bw\build-resources\javafx-dlls\64-bit\api-ms-win-core-file-l1-1-0.dll
0x000002130f920000 - 0x000002130f923000 	C:\Users\Fouad\IdeaProjects\bw\build-resources\javafx-dlls\64-bit\api-ms-win-core-file-l1-2-0.dll
0x000002130f930000 - 0x000002130f933000 	C:\Users\Fouad\IdeaProjects\bw\build-resources\javafx-dlls\64-bit\api-ms-win-core-file-l2-1-0.dll
0x000002130f940000 - 0x000002130f943000 	C:\Users\Fouad\IdeaProjects\bw\build-resources\javafx-dlls\64-bit\api-ms-win-core-handle-l1-1-0.dll
0x000002130f950000 - 0x000002130f953000 	C:\Users\Fouad\IdeaProjects\bw\build-resources\javafx-dlls\64-bit\api-ms-win-core-heap-l1-1-0.dll
0x000002130f960000 - 0x000002130f963000 	C:\Users\Fouad\IdeaProjects\bw\build-resources\javafx-dlls\64-bit\api-ms-win-core-interlocked-l1-1-0.dll
0x000002133fef0000 - 0x000002133fef3000 	C:\Users\Fouad\IdeaProjects\bw\build-resources\javafx-dlls\64-bit\api-ms-win-core-libraryloader-l1-1-0.dll
0x000002133ff00000 - 0x000002133ff03000 	C:\Users\Fouad\IdeaProjects\bw\build-resources\javafx-dlls\64-bit\api-ms-win-core-localization-l1-2-0.dll
0x000002133ff10000 - 0x000002133ff13000 	C:\Users\Fouad\IdeaProjects\bw\build-resources\javafx-dlls\64-bit\api-ms-win-core-memory-l1-1-0.dll
0x000002133ff20000 - 0x000002133ff23000 	C:\Users\Fouad\IdeaProjects\bw\build-resources\javafx-dlls\64-bit\api-ms-win-core-namedpipe-l1-1-0.dll
0x000002133ff30000 - 0x000002133ff33000 	C:\Users\Fouad\IdeaProjects\bw\build-resources\javafx-dlls\64-bit\api-ms-win-core-processenvironment-l1-1-0.dll
0x000002133ff40000 - 0x000002133ff43000 	C:\Users\Fouad\IdeaProjects\bw\build-resources\javafx-dlls\64-bit\api-ms-win-core-processthreads-l1-1-0.dll
0x000002133ff50000 - 0x000002133ff53000 	C:\Users\Fouad\IdeaProjects\bw\build-resources\javafx-dlls\64-bit\api-ms-win-core-processthreads-l1-1-1.dll
0x000002133ff60000 - 0x000002133ff63000 	C:\Users\Fouad\IdeaProjects\bw\build-resources\javafx-dlls\64-bit\api-ms-win-core-profile-l1-1-0.dll
0x000002133ff70000 - 0x000002133ff73000 	C:\Users\Fouad\IdeaProjects\bw\build-resources\javafx-dlls\64-bit\api-ms-win-core-rtlsupport-l1-1-0.dll
0x000002133ff80000 - 0x000002133ff83000 	C:\Users\Fouad\IdeaProjects\bw\build-resources\javafx-dlls\64-bit\api-ms-win-core-string-l1-1-0.dll
0x000002133ff90000 - 0x000002133ff93000 	C:\Users\Fouad\IdeaProjects\bw\build-resources\javafx-dlls\64-bit\api-ms-win-core-synch-l1-1-0.dll
0x000002133ffa0000 - 0x000002133ffa3000 	C:\Users\Fouad\IdeaProjects\bw\build-resources\javafx-dlls\64-bit\api-ms-win-core-synch-l1-2-0.dll
0x000002133ffb0000 - 0x000002133ffb3000 	C:\Users\Fouad\IdeaProjects\bw\build-resources\javafx-dlls\64-bit\api-ms-win-core-sysinfo-l1-1-0.dll
0x000002133ffc0000 - 0x000002133ffc3000 	C:\Users\Fouad\IdeaProjects\bw\build-resources\javafx-dlls\64-bit\api-ms-win-core-timezone-l1-1-0.dll
0x000002133ffd0000 - 0x000002133ffd3000 	C:\Users\Fouad\IdeaProjects\bw\build-resources\javafx-dlls\64-bit\api-ms-win-core-util-l1-1-0.dll
0x000002133ffe0000 - 0x000002133ffe3000 	C:\Users\Fouad\IdeaProjects\bw\build-resources\javafx-dlls\64-bit\api-ms-win-crt-conio-l1-1-0.dll
0x000002133fff0000 - 0x000002133fff4000 	C:\Users\Fouad\IdeaProjects\bw\build-resources\javafx-dlls\64-bit\api-ms-win-crt-convert-l1-1-0.dll
0x0000021340000000 - 0x0000021340003000 	C:\Users\Fouad\IdeaProjects\bw\build-resources\javafx-dlls\64-bit\api-ms-win-crt-environment-l1-1-0.dll
0x0000021340010000 - 0x0000021340013000 	C:\Users\Fouad\IdeaProjects\bw\build-resources\javafx-dlls\64-bit\api-ms-win-crt-filesystem-l1-1-0.dll
0x0000021340020000 - 0x0000021340023000 	C:\Users\Fouad\IdeaProjects\bw\build-resources\javafx-dlls\64-bit\api-ms-win-crt-heap-l1-1-0.dll
0x0000021340030000 - 0x0000021340033000 	C:\Users\Fouad\IdeaProjects\bw\build-resources\javafx-dlls\64-bit\api-ms-win-crt-locale-l1-1-0.dll
0x0000021340040000 - 0x0000021340045000 	C:\Users\Fouad\IdeaProjects\bw\build-resources\javafx-dlls\64-bit\api-ms-win-crt-math-l1-1-0.dll
0x0000021340050000 - 0x0000021340055000 	C:\Users\Fouad\IdeaProjects\bw\build-resources\javafx-dlls\64-bit\api-ms-win-crt-multibyte-l1-1-0.dll
0x0000021340060000 - 0x0000021340070000 	C:\Users\Fouad\IdeaProjects\bw\build-resources\javafx-dlls\64-bit\api-ms-win-crt-private-l1-1-0.dll
0x0000021340070000 - 0x0000021340073000 	C:\Users\Fouad\IdeaProjects\bw\build-resources\javafx-dlls\64-bit\api-ms-win-crt-process-l1-1-0.dll
0x0000021340080000 - 0x0000021340084000 	C:\Users\Fouad\IdeaProjects\bw\build-resources\javafx-dlls\64-bit\api-ms-win-crt-runtime-l1-1-0.dll
0x0000021340090000 - 0x0000021340094000 	C:\Users\Fouad\IdeaProjects\bw\build-resources\javafx-dlls\64-bit\api-ms-win-crt-stdio-l1-1-0.dll
0x00000213400a0000 - 0x00000213400a4000 	C:\Users\Fouad\IdeaProjects\bw\build-resources\javafx-dlls\64-bit\api-ms-win-crt-string-l1-1-0.dll
0x00000213400b0000 - 0x00000213400b3000 	C:\Users\Fouad\IdeaProjects\bw\build-resources\javafx-dlls\64-bit\api-ms-win-crt-time-l1-1-0.dll
0x00000213400c0000 - 0x00000213400c3000 	C:\Users\Fouad\IdeaProjects\bw\build-resources\javafx-dlls\64-bit\api-ms-win-crt-utility-l1-1-0.dll
0x00007ffddd000000 - 0x00007ffddd0fa000 	C:\Users\Fouad\IdeaProjects\bw\build-resources\javafx-dlls\64-bit\ucrtbase.dll
0x00007ffdfef20000 - 0x00007ffdfef36000 	C:\Users\Fouad\IdeaProjects\bw\build-resources\javafx-dlls\64-bit\vcruntime140.dll
0x00007ffde9690000 - 0x00007ffde9736000 	C:\Users\Fouad\IdeaProjects\bw\build-resources\javafx-dlls\64-bit\msvcp140.dll
0x00007ffdf5d40000 - 0x00007ffdf5d91000 	C:\Users\Fouad\IdeaProjects\bw\build-resources\javafx-dlls\64-bit-extra\concrt140.dll
0x00007ffdf9540000 - 0x00007ffdf9563000 	C:\Users\Fouad\IdeaProjects\bw\build-resources\javafx-dlls\64-bit\prism_d3d.dll
0x00007ffdf5090000 - 0x00007ffdf522e000 	C:\WINDOWS\system32\d3d9.dll
0x00007ffe04140000 - 0x00007ffe0416e000 	C:\WINDOWS\SYSTEM32\dwmapi.dll
0x00007ffe05930000 - 0x00007ffe05b0b000 	C:\WINDOWS\System32\CRYPT32.dll
0x00007ffe05710000 - 0x00007ffe05722000 	C:\WINDOWS\System32\MSASN1.dll
0x00007ffe03d30000 - 0x00007ffe03dcc000 	C:\WINDOWS\system32\uxtheme.dll
0x00007ffdf15a0000 - 0x00007ffdf168a000 	C:\WINDOWS\System32\DriverStore\FileRepository\nv_ref_pubwu.inf_amd64_b7e5dd1387001335\nvldumdx.dll
0x00007ffe05f60000 - 0x00007ffe05fb9000 	C:\WINDOWS\System32\WINTRUST.DLL
0x00007ffe09690000 - 0x00007ffe096ad000 	C:\WINDOWS\System32\imagehlp.dll
0x00007ffe04ad0000 - 0x00007ffe04b03000 	C:\WINDOWS\system32\rsaenh.dll
0x00007ffe057c0000 - 0x00007ffe057e6000 	C:\WINDOWS\System32\bcrypt.dll
0x00007ffe050e0000 - 0x00007ffe050ec000 	C:\WINDOWS\SYSTEM32\CRYPTBASE.dll
0x00007ffdca5b0000 - 0x00007ffdcb786000 	C:\WINDOWS\System32\DriverStore\FileRepository\nv_ref_pubwu.inf_amd64_b7e5dd1387001335\nvd3dumx.dll
0x00007ffdec6e0000 - 0x00007ffdec725000 	C:\Users\Fouad\IdeaProjects\bw\build-resources\javafx-dlls\64-bit\glass.dll
0x00007ffe089e0000 - 0x00007ffe08b07000 	C:\WINDOWS\System32\COMDLG32.dll
0x00007ffe07e10000 - 0x00007ffe07f65000 	C:\WINDOWS\System32\ole32.dll
0x00007ffe094b0000 - 0x00007ffe09574000 	C:\WINDOWS\System32\OLEAUT32.dll
0x00007ffe09210000 - 0x00007ffe0937a000 	C:\WINDOWS\System32\MSCTF.dll
0x00007ffe02520000 - 0x00007ffe02529000 	C:\Program Files\Java\jdk-11.0.1\bin\prefs.dll
0x00007ffdfe5f0000 - 0x00007ffdfe604000 	C:\Users\Fouad\IdeaProjects\bw\build-resources\javafx-dlls\64-bit\javafx_font.dll
0x00007ffdee3a0000 - 0x00007ffdee69f000 	C:\WINDOWS\SYSTEM32\dwrite.dll
0x00007ffe08790000 - 0x00007ffe08832000 	C:\WINDOWS\System32\clbcatq.dll
0x00007ffdf1ff0000 - 0x00007ffdf21a8000 	C:\WINDOWS\SYSTEM32\WindowsCodecs.dll
0x00007ffde51f0000 - 0x00007ffde5246000 	C:\WINDOWS\system32\dataexchange.dll
0x00007ffe02f80000 - 0x00007ffe03143000 	C:\WINDOWS\system32\dcomp.dll
0x00007ffe021e0000 - 0x00007ffe0245e000 	C:\WINDOWS\system32\d3d11.dll
0x00007ffe04600000 - 0x00007ffe046c2000 	C:\WINDOWS\system32\dxgi.dll
0x00007ffe03e00000 - 0x00007ffe0400d000 	C:\WINDOWS\system32\twinapi.appcore.dll
0x00007ffe04010000 - 0x00007ffe04038000 	C:\WINDOWS\system32\RMCLIENT.dll
0x00007ffdec280000 - 0x00007ffdec2b3000 	C:\Program Files\Common Files\Microsoft Shared\Ink\rtscom.dll
0x00007ffdf5ab0000 - 0x00007ffdf5b45000 	C:\WINDOWS\System32\TextInputFramework.dll
0x00007ffe03180000 - 0x00007ffe03262000 	C:\WINDOWS\System32\CoreMessaging.dll
0x00007ffdf55b0000 - 0x00007ffdf58d2000 	C:\WINDOWS\System32\CoreUIComponents.dll
0x00007ffe01380000 - 0x00007ffe014d3000 	C:\WINDOWS\SYSTEM32\wintypes.dll
0x00007ffe04780000 - 0x00007ffe047b1000 	C:\WINDOWS\SYSTEM32\ntmarta.dll
0x00007ffdf5c00000 - 0x00007ffdf5c2c000 	C:\Users\Fouad\IdeaProjects\bw\build-resources\javafx-dlls\64-bit\javafx_iio.dll
0x00007ffe024f0000 - 0x00007ffe024fd000 	C:\Program Files\Java\jdk-11.0.1\bin\sunmscapi.dll
0x00007ffe05240000 - 0x00007ffe05266000 	C:\WINDOWS\SYSTEM32\ncrypt.dll

dbghelp: loaded successfully - version: 4.0.5 - missing functions: none
symbol engine: initialized successfully - sym options: 0x614 - pdb path: .;C:\Program Files\Java\jdk-11.0.1\bin;C:\WINDOWS\SYSTEM32;C:\WINDOWS\WinSxS\amd64_microsoft.windows.common-controls_6595b64144ccf1df_6.0.17763.404_none_05b33d58072110de;C:\Program Files\Java\jdk-11.0.1\bin\server;C:\Users\Fouad\IdeaProjects\bw\build-resources\javafx-dlls\64-bit;C:\Users\Fouad\IdeaProjects\bw\build-resources\javafx-dlls\64-bit-extra;C:\WINDOWS\System32\DriverStore\FileRepository\nv_ref_pubwu.inf_amd64_b7e5dd1387001335;C:\Program Files\Common Files\Microsoft Shared\Ink

VM Arguments:
jvm_args: -Djava.library.path=../build-resources/javafx-dlls/64-bit;../build-resources/javafx-dlls/64-bit-extra -Djavafx.preloader=sa.gov.nic.bio.bw.preloader.AppPreloader --module-path=C:\Users\Fouad\IdeaProjects\bw\bw.launcher\build\classes\java\main;C:\Users\Fouad\IdeaProjects\bw\bw.login\build\libs\bw.login-2019.04.1.jar;C:\Users\Fouad\IdeaProjects\bw\bw.home\build\libs\bw.home-2019.04.1.jar;C:\Users\Fouad\IdeaProjects\bw\bw.workflow.cancelcriminal\build\libs\bw.workflow.cancelcriminal-2019.04.1.jar;C:\Users\Fouad\IdeaProjects\bw\bw.workflow.cancellatent\build\libs\bw.workflow.cancellatent-2019.04.1.jar;C:\Users\Fouad\IdeaProjects\bw\bw.workflow.citizenenrollment\build\libs\bw.workflow.citizenenrollment-2019.04.1.jar;C:\Users\Fouad\IdeaProjects\bw\bw.workflow.registerconvictednotpresent\build\libs\bw.workflow.registerconvictednotpresent-2019.04.1.jar;C:\Users\Fouad\IdeaProjects\bw\bw.workflow.civilcriminalfingerprintsinquiry\build\libs\bw.workflow.civilcriminalfingerprintsinquiry-2019.04.1.jar;C:\Users\Fouad\IdeaProjects\bw\bw.workflow.convictedreportinquirybysearchcriteria\build\libs\bw.workflow.convictedreportinquirybysearchcriteria-2019.04.1.jar;C:\Users\Fouad\IdeaProjects\bw\bw.workflow.deletecompletecriminalrecord\build\libs\bw.workflow.deletecompletecriminalrecord-2019.04.1.jar;C:\Users\Fouad\IdeaProjects\bw\bw.workflow.editconvictedreport\build\libs\bw.workflow.editconvictedreport-2019.04.1.jar;C:\Users\Fouad\IdeaProjects\bw\bw.workflow.deleteconvictedreport\build\libs\bw.workflow.deleteconvictedreport-2019.04.1.jar;C:\Users\Fouad\IdeaProjects\bw\bw.workflow.scfaceverification\build\libs\bw.workflow.scfaceverification-2019.04.1.jar;C:\Users\Fouad\IdeaProjects\bw\bw.workflow.faceverification\build\libs\bw.workflow.faceverification-2019.04.1.jar;C:\Users\Fouad\IdeaProjects\bw\bw.workflow.printdeadpersonrecord\build\libs\bw.workflow.printdeadpersonrecord-2019.04.1.jar;C:\Users\Fouad\IdeaProjects\bw\bw.workflow.registerconvictedpresent\build\libs\bw.workflow.registerconvictedpresent-2019.04.1.jar;C:\Users\Fouad\IdeaProjects\bw\bw.workflow.searchbyfaceimage\build\libs\bw.workflow.searchbyfaceimage-2019.04.1.jar;C:\Users\Fouad\I--add-modules=ALL-MODULE-PATH --add-opens=javafx.base/com.sun.javafx.runtime=controlsfx --add-opens=javafx.graphics/com.sun.javafx.css=controlsfx --add-opens=javafx.graphics/com.sun.javafx.scene=controlsfx --add-opens=javafx.graphics/com.sun.javafx.scene.traversal=controlsfx --add-opens=javafx.controls/com.sun.javafx.scene.control=controlsfx --add-opens=javafx.controls/com.sun.javafx.scene.control.behavior=controlsfx --add-opens=javafx.controls/javafx.scene.control.skin=controlsfx --add-opens=javafx.graphics/javafx.scene=controlsfx --add-opens=java.base/java.util=org.apache.commons.lang3 --add-opens=java.base/java.lang=org.apache.commons.lang3 --add-opens=java.base/java.time=org.apache.commons.lang3 --add-opens=java.desktop/java.awt=org.apache.commons.lang3 --add-opens=java.base/java.time.chrono=bw.core --add-opens=javafx.controls/javafx.scene.control.skin=bw.core --add-opens=javafx.controls/com.sun.javafx.scene.control=org.scenicview.scenicview -Djdk.module.main=bw.launcher 
java_command: bw.launcher/sa.gov.nic.bio.bw.AppLauncher -Dfile.encoding=windows-1256 -Duser.country=US -Duser.language=en -Duser.variant sa.gov.nic.bio.bw.AppLauncher
java_class_path (initial): <not set>
Launcher Type: SUN_STANDARD

[Global flags]
     intx CICompilerCount                          = 4                                         {product} {ergonomic}
     uint ConcGCThreads                            = 2                                         {product} {ergonomic}
     uint G1ConcRefinementThreads                  = 8                                         {product} {ergonomic}
   size_t G1HeapRegionSize                         = 2097152                                   {product} {ergonomic}
    uintx GCDrainStackTargetSize                   = 64                                        {product} {ergonomic}
   size_t InitialHeapSize                          = 534773760                                 {product} {ergonomic}
   size_t MarkStackSize                            = 4194304                                   {product} {ergonomic}
   size_t MaxHeapSize                              = 8556380160                                {product} {ergonomic}
   size_t MaxNewSize                               = 5133828096                                {product} {ergonomic}
   size_t MinHeapDeltaBytes                        = 2097152                                   {product} {ergonomic}
    uintx NonNMethodCodeHeapSize                   = 5835340                                {pd product} {ergonomic}
    uintx NonProfiledCodeHeapSize                  = 122911450                              {pd product} {ergonomic}
    uintx ProfiledCodeHeapSize                     = 122911450                              {pd product} {ergonomic}
    uintx ReservedCodeCacheSize                    = 251658240                              {pd product} {ergonomic}
     bool SegmentedCodeCache                       = true                                      {product} {ergonomic}
     bool UseCompressedClassPointers               = true                                 {lp64_product} {ergonomic}
     bool UseCompressedOops                        = true                                 {lp64_product} {ergonomic}
     bool UseG1GC                                  = true                                      {product} {ergonomic}
     bool UseLargePagesIndividualAllocation        = false                                  {pd product} {ergonomic}

Logging:
Log output configuration:
 #0: stdout all=warning uptime,level,tags
 #1: stderr all=off uptime,level,tags

Environment Variables:
JAVA_HOME=C:\Program Files\Java\jdk-11.0.1
PATH=C:\Program Files (x86)\Common Files\Oracle\Java\javapath;C:\Program Files\Microsoft MPI\Bin\;C:\WINDOWS\system32;C:\WINDOWS;C:\WINDOWS\System32\Wbem;C:\WINDOWS\System32\WindowsPowerShell\v1.0\;C:\Program Files\Java\jdk-11.0.1\bin;D:\dev\java\tools\apache-maven-3.6.0\bin;D:\dev\java\tools\apache-ant-1.10.5\bin;C:\Program Files\Microsoft SQL Server\130\Tools\Binn\;C:\Program Files\dotnet\;C:\Program Files (x86)\GtkSharp\2.12\bin;C:\Program Files (x86)\Microsoft Emulator Manager\1.0\;D:\dev\java\tools\gradle-5.2.1\bin;D:\dev\tools\nginx-1.12.0;C:\Program Files\nodejs\;C:\Program Files (x86)\Crossmatch\L Scan Essentials\;C:\Program Files\Crossmatch\L Scan Essentials\;C:\Program Files (x86)\Xoreax\IncrediBuild;C:\WINDOWS\System32\OpenSSH\;D:\dev\tools\cmder;C:\Program Files\Git\cmd;C:\Program Files (x86)\Gpg4win\..\GnuPG\bin;C:\Program Files\CMake\bin;C:\Users\Fouad\AppData\Local\Microsoft\WindowsApps;;C:\Users\Fouad\AppData\Roaming\npm;C:\Program Files\Docker Toolbox
USERNAME=Fouad
OS=Windows_NT
PROCESSOR_IDENTIFIER=Intel64 Family 6 Model 94 Stepping 3, GenuineIntel



---------------  S Y S T E M  ---------------

OS: Windows 10 , 64 bit Build 17763 (10.0.17763.404)

CPU:total 8 (initial active 8) (4 cores per cpu, 2 threads per core) family 6 model 94 stepping 3, cmov, cx8, fxsr, mmx, sse, sse2, sse3, ssse3, sse4.1, sse4.2, popcnt, avx, avx2, aes, clmul, erms, rtm, 3dnowpref, lzcnt, ht, tsc, tscinvbit, bmi1, bmi2, adx, fma

Memory: 4k page, system-wide physical 32634M (17312M free)
TotalPageFile size 37498M (AvailPageFile size 18122M)
current process WorkingSet (physical memory assigned to process): 252M, peak: 282M
current process commit charge ("private bytes"): 741M, peak: 776M

vm_info: Java HotSpot(TM) 64-Bit Server VM (11.0.1+13-LTS) for windows-amd64 JRE (11.0.1+13-LTS), built on Oct  6 2018 13:20:16 by "mach5one" with MS VC++ 15.5 (VS2017)

END.
